[2025-11-18 07:26:57]    INFO django.utils.autoreload - Watching for file changes with StatReloader
[2025-11-18 07:45:07] WARNING django.request - Not Found: /favicon.ico
[2025-11-18 08:00:52]    INFO django.utils.autoreload - E:\pythonspace\skerp_project\production\chemadd\views.py changed, reloading.
[2025-11-18 08:00:53]    INFO django.utils.autoreload - Watching for file changes with StatReloader
[2025-11-18 08:01:25]    INFO django.utils.autoreload - E:\pythonspace\skerp_project\production\chemadd\views.py changed, reloading.
[2025-11-18 08:01:26]    INFO django.utils.autoreload - Watching for file changes with StatReloader
[2025-11-18 08:02:06]    INFO django.utils.autoreload - E:\pythonspace\skerp_project\production\chemadd\views.py changed, reloading.
[2025-11-18 08:02:07]    INFO django.utils.autoreload - Watching for file changes with StatReloader
[2025-11-18 08:02:30]    INFO django.utils.autoreload - E:\pythonspace\skerp_project\production\chemadd\views.py changed, reloading.
[2025-11-18 08:02:31]    INFO django.utils.autoreload - Watching for file changes with StatReloader
[2025-11-18 08:05:06] WARNING django.request - Not Found: /.well-known/appspecific/com.chrome.devtools.json
[2025-11-18 08:05:09] WARNING django.request - Not Found: /.well-known/appspecific/com.chrome.devtools.json
[2025-11-18 08:05:12] WARNING django.request - Not Found: /.well-known/appspecific/com.chrome.devtools.json
[2025-11-18 08:05:13] WARNING django.request - Not Found: /.well-known/appspecific/com.chrome.devtools.json
[2025-11-18 08:05:16] WARNING django.request - Not Found: /.well-known/appspecific/com.chrome.devtools.json
[2025-11-18 08:05:28] WARNING django.request - Not Found: /.well-known/appspecific/com.chrome.devtools.json
[2025-11-18 08:05:34] WARNING django.request - Not Found: /.well-known/appspecific/com.chrome.devtools.json
[2025-11-18 08:05:40] WARNING django.request - Not Found: /.well-known/appspecific/com.chrome.devtools.json
[2025-11-18 08:05:45] WARNING django.request - Not Found: /.well-known/appspecific/com.chrome.devtools.json
[2025-11-18 08:05:51] WARNING django.request - Not Found: /.well-known/appspecific/com.chrome.devtools.json
[2025-11-18 08:11:32] WARNING django.request - Not Found: /.well-known/appspecific/com.chrome.devtools.json
[2025-11-18 08:11:36] WARNING django.request - Not Found: /.well-known/appspecific/com.chrome.devtools.json
[2025-11-18 08:11:52] WARNING django.request - Not Found: /.well-known/appspecific/com.chrome.devtools.json
[2025-11-18 08:11:58] WARNING django.request - Not Found: /.well-known/appspecific/com.chrome.devtools.json
[2025-11-18 08:13:34] WARNING django.request - Not Found: /.well-known/appspecific/com.chrome.devtools.json
[2025-11-18 08:13:36] WARNING django.request - Not Found: /.well-known/appspecific/com.chrome.devtools.json
[2025-11-18 08:13:46] WARNING django.request - Not Found: /.well-known/appspecific/com.chrome.devtools.json
[2025-11-18 08:13:47] WARNING django.request - Not Found: /.well-known/appspecific/com.chrome.devtools.json
[2025-11-18 08:13:48] WARNING django.request - Not Found: /.well-known/appspecific/com.chrome.devtools.json
[2025-11-18 08:13:51] WARNING django.request - Not Found: /.well-known/appspecific/com.chrome.devtools.json
[2025-11-18 08:13:52] WARNING django.request - Not Found: /.well-known/appspecific/com.chrome.devtools.json
[2025-11-18 08:13:53] WARNING django.request - Not Found: /.well-known/appspecific/com.chrome.devtools.json
[2025-11-18 08:14:04]    INFO django.utils.autoreload - Watching for file changes with StatReloader
[2025-11-18 08:14:07] WARNING django.request - Not Found: /.well-known/appspecific/com.chrome.devtools.json
[2025-11-18 08:14:09] WARNING django.request - Not Found: /.well-known/appspecific/com.chrome.devtools.json
[2025-11-18 08:14:13] WARNING django.request - Not Found: /.well-known/appspecific/com.chrome.devtools.json
[2025-11-18 08:14:17] WARNING django.request - Not Found: /.well-known/appspecific/com.chrome.devtools.json
[2025-11-18 08:14:20] WARNING django.request - Not Found: /.well-known/appspecific/com.chrome.devtools.json
[2025-11-18 08:14:28] WARNING django.request - Not Found: /.well-known/appspecific/com.chrome.devtools.json
[2025-11-18 08:14:30] WARNING django.request - Not Found: /.well-known/appspecific/com.chrome.devtools.json
[2025-11-18 08:14:38] WARNING django.request - Not Found: /.well-known/appspecific/com.chrome.devtools.json
[2025-11-18 08:14:39] WARNING django.request - Not Found: /.well-known/appspecific/com.chrome.devtools.json
[2025-11-18 08:14:40] WARNING django.request - Not Found: /.well-known/appspecific/com.chrome.devtools.json
[2025-11-18 08:14:44] WARNING django.request - Not Found: /.well-known/appspecific/com.chrome.devtools.json
[2025-11-18 08:14:48] WARNING django.request - Not Found: /.well-known/appspecific/com.chrome.devtools.json
[2025-11-18 08:15:17] WARNING django.request - Not Found: /.well-known/appspecific/com.chrome.devtools.json
[2025-11-18 08:15:18] WARNING django.request - Not Found: /.well-known/appspecific/com.chrome.devtools.json
[2025-11-18 08:15:19] WARNING django.request - Not Found: /.well-known/appspecific/com.chrome.devtools.json
[2025-11-18 08:15:21] WARNING django.request - Not Found: /.well-known/appspecific/com.chrome.devtools.json
[2025-11-18 08:16:03] WARNING django.request - Not Found: /.well-known/appspecific/com.chrome.devtools.json
[2025-11-18 08:16:04] WARNING django.request - Not Found: /.well-known/appspecific/com.chrome.devtools.json
[2025-11-18 08:16:05] WARNING django.request - Not Found: /.well-known/appspecific/com.chrome.devtools.json
[2025-11-18 08:16:25] WARNING django.request - Not Found: /.well-known/appspecific/com.chrome.devtools.json
[2025-11-18 08:16:26] WARNING django.request - Not Found: /.well-known/appspecific/com.chrome.devtools.json
[2025-11-18 08:16:30] WARNING django.request - Not Found: /.well-known/appspecific/com.chrome.devtools.json
[2025-11-18 08:16:40] WARNING django.request - Not Found: /.well-known/appspecific/com.chrome.devtools.json
[2025-11-18 08:16:42] WARNING django.request - Not Found: /.well-known/appspecific/com.chrome.devtools.json
[2025-11-18 08:17:49] WARNING django.request - Not Found: /.well-known/appspecific/com.chrome.devtools.json
[2025-11-18 08:22:35]    INFO django.utils.autoreload - E:\pythonspace\skerp_project\production\chemadd\views.py changed, reloading.
[2025-11-18 08:22:36]    INFO django.utils.autoreload - Watching for file changes with StatReloader
[2025-11-18 08:23:13]    INFO django.utils.autoreload - E:\pythonspace\skerp_project\production\chemadd\views.py changed, reloading.
[2025-11-18 08:23:13]    INFO django.utils.autoreload - Watching for file changes with StatReloader
[2025-11-18 08:24:43] WARNING django.request - Not Found: /.well-known/appspecific/com.chrome.devtools.json
[2025-11-18 08:24:47] WARNING django.request - Not Found: /.well-known/appspecific/com.chrome.devtools.json
[2025-11-18 08:24:54] WARNING django.request - Not Found: /.well-known/appspecific/com.chrome.devtools.json
[2025-11-18 08:24:59] WARNING django.request - Not Found: /.well-known/appspecific/com.chrome.devtools.json
[2025-11-18 08:24:59] WARNING django.request - Not Found: /.well-known/appspecific/com.chrome.devtools.json
[2025-11-18 08:25:02] WARNING django.request - Not Found: /.well-known/appspecific/com.chrome.devtools.json
[2025-11-18 08:25:09] WARNING django.request - Not Found: /.well-known/appspecific/com.chrome.devtools.json
[2025-11-18 08:25:10] WARNING django.request - Not Found: /.well-known/appspecific/com.chrome.devtools.json
[2025-11-18 08:25:11] WARNING django.request - Not Found: /.well-known/appspecific/com.chrome.devtools.json
[2025-11-18 08:25:12] WARNING django.request - Not Found: /.well-known/appspecific/com.chrome.devtools.json
[2025-11-18 08:25:15] WARNING django.request - Not Found: /.well-known/appspecific/com.chrome.devtools.json
[2025-11-18 08:25:19] WARNING django.request - Not Found: /.well-known/appspecific/com.chrome.devtools.json
[2025-11-18 08:25:21] WARNING django.request - Not Found: /.well-known/appspecific/com.chrome.devtools.json
[2025-11-18 08:25:22] WARNING django.request - Not Found: /.well-known/appspecific/com.chrome.devtools.json
[2025-11-18 08:25:37]    INFO django.utils.autoreload - E:\pythonspace\skerp_project\production\chemadd\views.py changed, reloading.
[2025-11-18 08:25:38]    INFO django.utils.autoreload - Watching for file changes with StatReloader
[2025-11-18 08:25:41] WARNING django.request - Not Found: /.well-known/appspecific/com.chrome.devtools.json
[2025-11-18 08:25:42] WARNING django.request - Not Found: /.well-known/appspecific/com.chrome.devtools.json
[2025-11-18 08:25:50] WARNING django.request - Not Found: /.well-known/appspecific/com.chrome.devtools.json
[2025-11-18 08:25:51] WARNING django.request - Not Found: /.well-known/appspecific/com.chrome.devtools.json
[2025-11-18 08:31:55]    INFO django.utils.autoreload - E:\pythonspace\skerp_project\production\models.py changed, reloading.
[2025-11-18 08:31:56]    INFO django.utils.autoreload - Watching for file changes with StatReloader
[2025-11-18 08:34:53]    INFO django.utils.autoreload - E:\pythonspace\skerp_project\production\forms.py changed, reloading.
[2025-11-18 08:34:54]    INFO django.utils.autoreload - Watching for file changes with StatReloader
[2025-11-18 08:35:05]    INFO django.utils.autoreload - E:\pythonspace\skerp_project\production\forms.py changed, reloading.
[2025-11-18 08:35:06]    INFO django.utils.autoreload - Watching for file changes with StatReloader
[2025-11-18 08:35:47]    INFO django.utils.autoreload - E:\pythonspace\skerp_project\production\forms.py changed, reloading.
[2025-11-18 08:35:47]    INFO django.utils.autoreload - Watching for file changes with StatReloader
[2025-11-18 08:42:44]    INFO django.utils.autoreload - E:\pythonspace\skerp_project\production\forms.py changed, reloading.
[2025-11-18 08:42:45]    INFO django.utils.autoreload - Watching for file changes with StatReloader
[2025-11-18 08:42:50] WARNING django.request - Not Found: /.well-known/appspecific/com.chrome.devtools.json
[2025-11-18 08:42:53] WARNING django.request - Not Found: /.well-known/appspecific/com.chrome.devtools.json
[2025-11-18 08:42:58] WARNING django.request - Not Found: /.well-known/appspecific/com.chrome.devtools.json
[2025-11-18 08:42:59] WARNING django.request - Not Found: /.well-known/appspecific/com.chrome.devtools.json
[2025-11-18 08:43:02] WARNING django.request - Not Found: /.well-known/appspecific/com.chrome.devtools.json
[2025-11-18 08:43:06] WARNING django.request - Not Found: /.well-known/appspecific/com.chrome.devtools.json
[2025-11-18 08:43:10] WARNING django.request - Not Found: /.well-known/appspecific/com.chrome.devtools.json
[2025-11-18 08:43:12] WARNING django.request - Not Found: /.well-known/appspecific/com.chrome.devtools.json
[2025-11-18 08:43:16] WARNING django.request - Not Found: /.well-known/appspecific/com.chrome.devtools.json
[2025-11-18 08:43:19] WARNING django.request - Not Found: /.well-known/appspecific/com.chrome.devtools.json
[2025-11-18 08:43:21] WARNING django.request - Not Found: /.well-known/appspecific/com.chrome.devtools.json
[2025-11-18 08:44:22] WARNING django.request - Not Found: /.well-known/appspecific/com.chrome.devtools.json
[2025-11-18 08:47:41] WARNING django.request - Not Found: /.well-known/appspecific/com.chrome.devtools.json
[2025-11-18 08:49:48] WARNING django.request - Not Found: /.well-known/appspecific/com.chrome.devtools.json
[2025-11-18 08:49:51] WARNING django.request - Not Found: /.well-known/appspecific/com.chrome.devtools.json
[2025-11-18 08:49:52] WARNING django.request - Not Found: /.well-known/appspecific/com.chrome.devtools.json
[2025-11-18 08:49:53] WARNING django.request - Not Found: /.well-known/appspecific/com.chrome.devtools.json
[2025-11-18 08:49:59] WARNING django.request - Not Found: /.well-known/appspecific/com.chrome.devtools.json
[2025-11-18 08:50:05] WARNING django.request - Not Found: /.well-known/appspecific/com.chrome.devtools.json
[2025-11-18 08:52:12]    INFO django.utils.autoreload - E:\pythonspace\skerp_project\production\forms.py changed, reloading.
[2025-11-18 08:52:13]    INFO django.utils.autoreload - Watching for file changes with StatReloader
[2025-11-18 08:52:52] WARNING django.request - Not Found: /.well-known/appspecific/com.chrome.devtools.json
[2025-11-18 08:52:55] WARNING django.request - Not Found: /.well-known/appspecific/com.chrome.devtools.json
[2025-11-18 08:52:58] WARNING django.request - Not Found: /.well-known/appspecific/com.chrome.devtools.json
[2025-11-18 08:53:03] WARNING django.request - Not Found: /.well-known/appspecific/com.chrome.devtools.json
[2025-11-18 08:53:06] WARNING django.request - Not Found: /.well-known/appspecific/com.chrome.devtools.json
[2025-11-18 08:53:08] WARNING django.request - Not Found: /.well-known/appspecific/com.chrome.devtools.json
[2025-11-18 08:53:15] WARNING django.request - Not Found: /.well-known/appspecific/com.chrome.devtools.json
[2025-11-18 08:53:54] WARNING django.request - Not Found: /.well-known/appspecific/com.chrome.devtools.json
[2025-11-18 08:54:32] WARNING django.request - Not Found: /.well-known/appspecific/com.chrome.devtools.json
[2025-11-18 08:54:38] WARNING django.request - Not Found: /.well-known/appspecific/com.chrome.devtools.json
[2025-11-18 08:54:49] WARNING django.request - Not Found: /.well-known/appspecific/com.chrome.devtools.json
[2025-11-18 08:57:28] WARNING django.request - Not Found: /.well-known/appspecific/com.chrome.devtools.json
[2025-11-18 08:58:23] WARNING django.request - Not Found: /.well-known/appspecific/com.chrome.devtools.json
[2025-11-18 08:58:36] WARNING django.request - Not Found: /.well-known/appspecific/com.chrome.devtools.json
[2025-11-18 08:58:39] WARNING django.request - Not Found: /.well-known/appspecific/com.chrome.devtools.json
[2025-11-18 08:58:42] WARNING django.request - Not Found: /.well-known/appspecific/com.chrome.devtools.json
[2025-11-18 08:58:42] WARNING django.request - Not Found: /.well-known/appspecific/com.chrome.devtools.json
[2025-11-18 08:58:42] WARNING django.request - Not Found: /.well-known/appspecific/com.chrome.devtools.json
[2025-11-18 08:58:42] WARNING django.request - Not Found: /.well-known/appspecific/com.chrome.devtools.json
[2025-11-18 09:52:55] WARNING django.request - Not Found: /favicon.ico
[2025-11-18 10:16:27] WARNING django.request - Not Found: /.well-known/appspecific/com.chrome.devtools.json
[2025-11-18 10:21:31] WARNING django.request - Not Found: /.well-known/appspecific/com.chrome.devtools.json
[2025-11-18 10:21:42] WARNING django.request - Not Found: /.well-known/appspecific/com.chrome.devtools.json
[2025-11-18 10:21:54] WARNING django.request - Not Found: /.well-known/appspecific/com.chrome.devtools.json
[2025-11-18 10:21:58] WARNING django.request - Not Found: /.well-known/appspecific/com.chrome.devtools.json
[2025-11-18 10:22:24] WARNING django.request - Not Found: /.well-known/appspecific/com.chrome.devtools.json
[2025-11-18 10:22:24] WARNING django.request - Not Found: /.well-known/appspecific/com.chrome.devtools.json
[2025-11-18 10:22:27] WARNING django.request - Not Found: /.well-known/appspecific/com.chrome.devtools.json
[2025-11-18 10:22:27] WARNING django.request - Not Found: /.well-known/appspecific/com.chrome.devtools.json
[2025-11-18 10:22:28] WARNING django.request - Not Found: /.well-known/appspecific/com.chrome.devtools.json
[2025-11-18 10:22:28] WARNING django.request - Not Found: /.well-known/appspecific/com.chrome.devtools.json
[2025-11-18 10:22:28] WARNING django.request - Not Found: /.well-known/appspecific/com.chrome.devtools.json
[2025-11-18 10:22:28] WARNING django.request - Not Found: /.well-known/appspecific/com.chrome.devtools.json
[2025-11-18 10:23:36] WARNING django.request - Not Found: /.well-known/appspecific/com.chrome.devtools.json
[2025-11-18 10:34:16] WARNING django.request - Not Found: /.well-known/appspecific/com.chrome.devtools.json
[2025-11-18 10:34:26] WARNING django.request - Not Found: /.well-known/appspecific/com.chrome.devtools.json
[2025-11-18 10:37:36] WARNING django.request - Not Found: /.well-known/appspecific/com.chrome.devtools.json
[2025-11-18 10:37:36] WARNING django.request - Not Found: /.well-known/appspecific/com.chrome.devtools.json
[2025-11-18 10:49:35] WARNING django.request - Not Found: /.well-known/appspecific/com.chrome.devtools.json
[2025-11-18 10:49:41] WARNING django.request - Not Found: /.well-known/appspecific/com.chrome.devtools.json
[2025-11-18 11:14:55]    INFO django.utils.autoreload - E:\pythonspace\skerp_project\process\models.py changed, reloading.
[2025-11-18 11:14:56]    INFO django.utils.autoreload - Watching for file changes with StatReloader
[2025-11-18 11:15:08]    INFO django.utils.autoreload - E:\pythonspace\skerp_project\process\models.py changed, reloading.
[2025-11-18 11:15:09]    INFO django.utils.autoreload - Watching for file changes with StatReloader
[2025-11-18 11:15:54]    INFO django.utils.autoreload - E:\pythonspace\skerp_project\process\models.py changed, reloading.
[2025-11-18 11:15:54]    INFO django.utils.autoreload - Watching for file changes with StatReloader
[2025-11-18 11:20:07]    INFO django.utils.autoreload - E:\pythonspace\skerp_project\process\views.py changed, reloading.
[2025-11-18 11:20:08]    INFO django.utils.autoreload - Watching for file changes with StatReloader
[2025-11-18 11:20:49]    INFO django.utils.autoreload - E:\pythonspace\skerp_project\process\views.py changed, reloading.
[2025-11-18 11:20:49]    INFO django.utils.autoreload - Watching for file changes with StatReloader
[2025-11-18 11:21:10]    INFO django.utils.autoreload - E:\pythonspace\skerp_project\process\views.py changed, reloading.
[2025-11-18 11:21:11]    INFO django.utils.autoreload - Watching for file changes with StatReloader
[2025-11-18 11:21:30]    INFO django.utils.autoreload - E:\pythonspace\skerp_project\process\views.py changed, reloading.
[2025-11-18 11:21:31]    INFO django.utils.autoreload - Watching for file changes with StatReloader
[2025-11-18 11:29:13]    INFO django.utils.autoreload - E:\pythonspace\skerp_project\process\views.py changed, reloading.
[2025-11-18 11:29:14]    INFO django.utils.autoreload - Watching for file changes with StatReloader
[2025-11-18 11:29:25]    INFO django.utils.autoreload - E:\pythonspace\skerp_project\process\views.py changed, reloading.
[2025-11-18 11:29:25]    INFO django.utils.autoreload - Watching for file changes with StatReloader
[2025-11-18 11:43:29] WARNING django.request - Not Found: /.well-known/appspecific/com.chrome.devtools.json
[2025-11-18 11:43:57]    INFO django.utils.autoreload - Watching for file changes with StatReloader
[2025-11-18 11:44:03] WARNING django.request - Not Found: /.well-known/appspecific/com.chrome.devtools.json
[2025-11-18 11:44:17] WARNING django.request - Not Found: /.well-known/appspecific/com.chrome.devtools.json
[2025-11-18 11:44:40] WARNING django.request - Not Found: /.well-known/appspecific/com.chrome.devtools.json
[2025-11-18 11:45:30] WARNING django.request - Not Found: /.well-known/appspecific/com.chrome.devtools.json
[2025-11-18 11:45:37] WARNING django.request - Not Found: /.well-known/appspecific/com.chrome.devtools.json
[2025-11-18 11:45:40] WARNING django.request - Not Found: /.well-known/appspecific/com.chrome.devtools.json
[2025-11-18 11:45:55] WARNING django.request - Not Found: /.well-known/appspecific/com.chrome.devtools.json
[2025-11-18 11:50:46]    INFO django.utils.autoreload - E:\pythonspace\skerp_project\process\views.py changed, reloading.
[2025-11-18 11:50:46]    INFO django.utils.autoreload - Watching for file changes with StatReloader
[2025-11-18 11:50:58]    INFO django.utils.autoreload - E:\pythonspace\skerp_project\process\views.py changed, reloading.
[2025-11-18 11:50:59]    INFO django.utils.autoreload - Watching for file changes with StatReloader
[2025-11-18 11:51:38]    INFO django.utils.autoreload - E:\pythonspace\skerp_project\process\urls.py changed, reloading.
[2025-11-18 11:51:39]    INFO django.utils.autoreload - Watching for file changes with StatReloader
[2025-11-18 11:51:57] WARNING django.request - Not Found: /.well-known/appspecific/com.chrome.devtools.json
[2025-11-18 11:52:36]   ERROR django.request - Internal Server Error: /process/7/nonferrous/search/
Traceback (most recent call last):
  File "E:\pythonspace\skerp_project\venv\Lib\site-packages\django\core\handlers\exception.py", line 55, in inner
    response = get_response(request)
               ^^^^^^^^^^^^^^^^^^^^^
  File "E:\pythonspace\skerp_project\venv\Lib\site-packages\django\core\handlers\base.py", line 197, in _get_response
    response = wrapped_callback(request, *callback_args, **callback_kwargs)
               ^^^^^^^^^^^^^^^^^^^^^^^^^^^^^^^^^^^^^^^^^^^^^^^^^^^^^^^^^^^^
  File "E:\pythonspace\skerp_project\venv\Lib\site-packages\django\contrib\auth\decorators.py", line 59, in _view_wrapper
    return view_func(request, *args, **kwargs)
           ^^^^^^^^^^^^^^^^^^^^^^^^^^^^^^^^^^^
  File "E:\pythonspace\skerp_project\venv\Lib\site-packages\django\views\decorators\http.py", line 64, in inner
    return func(request, *args, **kwargs)
           ^^^^^^^^^^^^^^^^^^^^^^^^^^^^^^
TypeError: process_nonferrous_search() got an unexpected keyword argument 'process_id'
[2025-11-18 11:52:38]   ERROR django.request - Internal Server Error: /process/7/nonferrous/search/
Traceback (most recent call last):
  File "E:\pythonspace\skerp_project\venv\Lib\site-packages\django\core\handlers\exception.py", line 55, in inner
    response = get_response(request)
               ^^^^^^^^^^^^^^^^^^^^^
  File "E:\pythonspace\skerp_project\venv\Lib\site-packages\django\core\handlers\base.py", line 197, in _get_response
    response = wrapped_callback(request, *callback_args, **callback_kwargs)
               ^^^^^^^^^^^^^^^^^^^^^^^^^^^^^^^^^^^^^^^^^^^^^^^^^^^^^^^^^^^^
  File "E:\pythonspace\skerp_project\venv\Lib\site-packages\django\contrib\auth\decorators.py", line 59, in _view_wrapper
    return view_func(request, *args, **kwargs)
           ^^^^^^^^^^^^^^^^^^^^^^^^^^^^^^^^^^^
  File "E:\pythonspace\skerp_project\venv\Lib\site-packages\django\views\decorators\http.py", line 64, in inner
    return func(request, *args, **kwargs)
           ^^^^^^^^^^^^^^^^^^^^^^^^^^^^^^
TypeError: process_nonferrous_search() got an unexpected keyword argument 'process_id'
[2025-11-18 11:52:45]   ERROR django.request - Internal Server Error: /process/7/nonferrous/search/
Traceback (most recent call last):
  File "E:\pythonspace\skerp_project\venv\Lib\site-packages\django\core\handlers\exception.py", line 55, in inner
    response = get_response(request)
               ^^^^^^^^^^^^^^^^^^^^^
  File "E:\pythonspace\skerp_project\venv\Lib\site-packages\django\core\handlers\base.py", line 197, in _get_response
    response = wrapped_callback(request, *callback_args, **callback_kwargs)
               ^^^^^^^^^^^^^^^^^^^^^^^^^^^^^^^^^^^^^^^^^^^^^^^^^^^^^^^^^^^^
  File "E:\pythonspace\skerp_project\venv\Lib\site-packages\django\contrib\auth\decorators.py", line 59, in _view_wrapper
    return view_func(request, *args, **kwargs)
           ^^^^^^^^^^^^^^^^^^^^^^^^^^^^^^^^^^^
  File "E:\pythonspace\skerp_project\venv\Lib\site-packages\django\views\decorators\http.py", line 64, in inner
    return func(request, *args, **kwargs)
           ^^^^^^^^^^^^^^^^^^^^^^^^^^^^^^
TypeError: process_nonferrous_search() got an unexpected keyword argument 'process_id'
[2025-11-18 11:52:51]    INFO django.utils.autoreload - E:\pythonspace\skerp_project\process\urls.py changed, reloading.
[2025-11-18 11:52:52]    INFO django.utils.autoreload - Watching for file changes with StatReloader
[2025-11-18 11:52:54] WARNING django.request - Not Found: /.well-known/appspecific/com.chrome.devtools.json
[2025-11-18 11:52:59]   ERROR django.request - Internal Server Error: /process/7/nonferrous/add/
Traceback (most recent call last):
  File "E:\pythonspace\skerp_project\venv\Lib\site-packages\django\core\handlers\exception.py", line 55, in inner
    response = get_response(request)
               ^^^^^^^^^^^^^^^^^^^^^
  File "E:\pythonspace\skerp_project\venv\Lib\site-packages\django\core\handlers\base.py", line 197, in _get_response
    response = wrapped_callback(request, *callback_args, **callback_kwargs)
               ^^^^^^^^^^^^^^^^^^^^^^^^^^^^^^^^^^^^^^^^^^^^^^^^^^^^^^^^^^^^
  File "E:\pythonspace\skerp_project\venv\Lib\site-packages\django\contrib\auth\decorators.py", line 59, in _view_wrapper
    return view_func(request, *args, **kwargs)
           ^^^^^^^^^^^^^^^^^^^^^^^^^^^^^^^^^^^
  File "E:\pythonspace\skerp_project\venv\Lib\site-packages\django\views\decorators\http.py", line 64, in inner
    return func(request, *args, **kwargs)
           ^^^^^^^^^^^^^^^^^^^^^^^^^^^^^^
TypeError: process_nonferrous_add() got an unexpected keyword argument 'pk'
[2025-11-18 11:53:03]   ERROR django.request - Internal Server Error: /process/7/nonferrous/add/
Traceback (most recent call last):
  File "E:\pythonspace\skerp_project\venv\Lib\site-packages\django\core\handlers\exception.py", line 55, in inner
    response = get_response(request)
               ^^^^^^^^^^^^^^^^^^^^^
  File "E:\pythonspace\skerp_project\venv\Lib\site-packages\django\core\handlers\base.py", line 197, in _get_response
    response = wrapped_callback(request, *callback_args, **callback_kwargs)
               ^^^^^^^^^^^^^^^^^^^^^^^^^^^^^^^^^^^^^^^^^^^^^^^^^^^^^^^^^^^^
  File "E:\pythonspace\skerp_project\venv\Lib\site-packages\django\contrib\auth\decorators.py", line 59, in _view_wrapper
    return view_func(request, *args, **kwargs)
           ^^^^^^^^^^^^^^^^^^^^^^^^^^^^^^^^^^^
  File "E:\pythonspace\skerp_project\venv\Lib\site-packages\django\views\decorators\http.py", line 64, in inner
    return func(request, *args, **kwargs)
           ^^^^^^^^^^^^^^^^^^^^^^^^^^^^^^
TypeError: process_nonferrous_add() got an unexpected keyword argument 'pk'
[2025-11-18 11:53:16]    INFO django.utils.autoreload - E:\pythonspace\skerp_project\process\urls.py changed, reloading.
[2025-11-18 11:53:17]    INFO django.utils.autoreload - Watching for file changes with StatReloader
[2025-11-18 11:53:22] WARNING django.request - Not Found: /.well-known/appspecific/com.chrome.devtools.json
[2025-11-18 11:53:25]   ERROR django.request - Internal Server Error: /process/7/nonferrous/search/
Traceback (most recent call last):
  File "E:\pythonspace\skerp_project\venv\Lib\site-packages\django\core\handlers\exception.py", line 55, in inner
    response = get_response(request)
               ^^^^^^^^^^^^^^^^^^^^^
  File "E:\pythonspace\skerp_project\venv\Lib\site-packages\django\core\handlers\base.py", line 197, in _get_response
    response = wrapped_callback(request, *callback_args, **callback_kwargs)
               ^^^^^^^^^^^^^^^^^^^^^^^^^^^^^^^^^^^^^^^^^^^^^^^^^^^^^^^^^^^^
  File "E:\pythonspace\skerp_project\venv\Lib\site-packages\django\contrib\auth\decorators.py", line 59, in _view_wrapper
    return view_func(request, *args, **kwargs)
           ^^^^^^^^^^^^^^^^^^^^^^^^^^^^^^^^^^^
  File "E:\pythonspace\skerp_project\venv\Lib\site-packages\django\views\decorators\http.py", line 64, in inner
    return func(request, *args, **kwargs)
           ^^^^^^^^^^^^^^^^^^^^^^^^^^^^^^
TypeError: process_nonferrous_search() got an unexpected keyword argument 'process_id'
[2025-11-18 11:53:48] WARNING django.request - Not Found: /.well-known/appspecific/com.chrome.devtools.json
[2025-11-18 11:54:16]   ERROR django.request - Internal Server Error: /process/7/nonferrous/search/
Traceback (most recent call last):
  File "E:\pythonspace\skerp_project\venv\Lib\site-packages\django\core\handlers\exception.py", line 55, in inner
    response = get_response(request)
               ^^^^^^^^^^^^^^^^^^^^^
  File "E:\pythonspace\skerp_project\venv\Lib\site-packages\django\core\handlers\base.py", line 197, in _get_response
    response = wrapped_callback(request, *callback_args, **callback_kwargs)
               ^^^^^^^^^^^^^^^^^^^^^^^^^^^^^^^^^^^^^^^^^^^^^^^^^^^^^^^^^^^^
  File "E:\pythonspace\skerp_project\venv\Lib\site-packages\django\contrib\auth\decorators.py", line 59, in _view_wrapper
    return view_func(request, *args, **kwargs)
           ^^^^^^^^^^^^^^^^^^^^^^^^^^^^^^^^^^^
  File "E:\pythonspace\skerp_project\venv\Lib\site-packages\django\views\decorators\http.py", line 64, in inner
    return func(request, *args, **kwargs)
           ^^^^^^^^^^^^^^^^^^^^^^^^^^^^^^
TypeError: process_nonferrous_search() got an unexpected keyword argument 'process_id'
[2025-11-18 11:55:35]   ERROR django.request - Internal Server Error: /process/7/nonferrous/search/
Traceback (most recent call last):
  File "E:\pythonspace\skerp_project\venv\Lib\site-packages\django\core\handlers\exception.py", line 55, in inner
    response = get_response(request)
               ^^^^^^^^^^^^^^^^^^^^^
  File "E:\pythonspace\skerp_project\venv\Lib\site-packages\django\core\handlers\base.py", line 197, in _get_response
    response = wrapped_callback(request, *callback_args, **callback_kwargs)
               ^^^^^^^^^^^^^^^^^^^^^^^^^^^^^^^^^^^^^^^^^^^^^^^^^^^^^^^^^^^^
  File "E:\pythonspace\skerp_project\venv\Lib\site-packages\django\contrib\auth\decorators.py", line 59, in _view_wrapper
    return view_func(request, *args, **kwargs)
           ^^^^^^^^^^^^^^^^^^^^^^^^^^^^^^^^^^^
  File "E:\pythonspace\skerp_project\venv\Lib\site-packages\django\views\decorators\http.py", line 64, in inner
    return func(request, *args, **kwargs)
           ^^^^^^^^^^^^^^^^^^^^^^^^^^^^^^
TypeError: process_nonferrous_search() got an unexpected keyword argument 'process_id'
[2025-11-18 11:56:08]    INFO django.utils.autoreload - E:\pythonspace\skerp_project\process\urls.py changed, reloading.
[2025-11-18 11:56:09]    INFO django.utils.autoreload - Watching for file changes with StatReloader
[2025-11-18 11:56:12] WARNING django.request - Not Found: /.well-known/appspecific/com.chrome.devtools.json
[2025-11-18 11:56:19]   ERROR django.request - Internal Server Error: /process/7/nonferrous/add/
Traceback (most recent call last):
  File "E:\pythonspace\skerp_project\venv\Lib\site-packages\django\core\handlers\exception.py", line 55, in inner
    response = get_response(request)
               ^^^^^^^^^^^^^^^^^^^^^
  File "E:\pythonspace\skerp_project\venv\Lib\site-packages\django\core\handlers\base.py", line 197, in _get_response
    response = wrapped_callback(request, *callback_args, **callback_kwargs)
               ^^^^^^^^^^^^^^^^^^^^^^^^^^^^^^^^^^^^^^^^^^^^^^^^^^^^^^^^^^^^
  File "E:\pythonspace\skerp_project\venv\Lib\site-packages\django\contrib\auth\decorators.py", line 59, in _view_wrapper
    return view_func(request, *args, **kwargs)
           ^^^^^^^^^^^^^^^^^^^^^^^^^^^^^^^^^^^
  File "E:\pythonspace\skerp_project\venv\Lib\site-packages\django\views\decorators\http.py", line 64, in inner
    return func(request, *args, **kwargs)
           ^^^^^^^^^^^^^^^^^^^^^^^^^^^^^^
TypeError: process_nonferrous_add() got an unexpected keyword argument 'pk'
[2025-11-18 11:56:35]    INFO django.utils.autoreload - E:\pythonspace\skerp_project\process\urls.py changed, reloading.
[2025-11-18 11:56:36]    INFO django.utils.autoreload - Watching for file changes with StatReloader
[2025-11-18 12:00:28]    INFO django.utils.autoreload - E:\pythonspace\skerp_project\process\views.py changed, reloading.
[2025-11-18 12:00:29]    INFO django.utils.autoreload - Watching for file changes with StatReloader
[2025-11-18 12:56:55]    INFO django.utils.autoreload - Watching for file changes with StatReloader
[2025-11-18 13:03:26]    INFO django.utils.autoreload - E:\pythonspace\skerp_project\process\views.py changed, reloading.
[2025-11-18 13:03:27]    INFO django.utils.autoreload - Watching for file changes with StatReloader
[2025-11-18 13:04:03]    INFO django.utils.autoreload - Watching for file changes with StatReloader
[2025-11-18 13:05:19]    INFO django.utils.autoreload - E:\pythonspace\skerp_project\process\views.py changed, reloading.
[2025-11-18 13:05:19]    INFO django.utils.autoreload - Watching for file changes with StatReloader
[2025-11-18 13:05:25] WARNING django.request - Not Found: /.well-known/appspecific/com.chrome.devtools.json
[2025-11-18 13:05:30] WARNING django.request - Not Found: /.well-known/appspecific/com.chrome.devtools.json
[2025-11-18 13:05:40] WARNING django.request - Not Found: /.well-known/appspecific/com.chrome.devtools.json
[2025-11-18 13:22:32] WARNING django.request - Not Found: /.well-known/appspecific/com.chrome.devtools.json
[2025-11-18 13:22:36] WARNING django.request - Not Found: /.well-known/appspecific/com.chrome.devtools.json
[2025-11-18 13:22:37] WARNING django.request - Not Found: /.well-known/appspecific/com.chrome.devtools.json
[2025-11-18 13:22:39] WARNING django.request - Not Found: /.well-known/appspecific/com.chrome.devtools.json
[2025-11-18 13:22:40] WARNING django.request - Not Found: /.well-known/appspecific/com.chrome.devtools.json
[2025-11-18 13:22:42] WARNING django.request - Not Found: /.well-known/appspecific/com.chrome.devtools.json
[2025-11-18 13:22:43] WARNING django.request - Not Found: /.well-known/appspecific/com.chrome.devtools.json
[2025-11-18 13:22:43] WARNING django.request - Not Found: /.well-known/appspecific/com.chrome.devtools.json
[2025-11-18 13:22:45] WARNING django.request - Not Found: /.well-known/appspecific/com.chrome.devtools.json
[2025-11-18 13:22:45] WARNING django.request - Not Found: /.well-known/appspecific/com.chrome.devtools.json
[2025-11-18 13:22:46] WARNING django.request - Not Found: /.well-known/appspecific/com.chrome.devtools.json
[2025-11-18 13:22:48] WARNING django.request - Not Found: /.well-known/appspecific/com.chrome.devtools.json
[2025-11-18 13:22:49] WARNING django.request - Not Found: /.well-known/appspecific/com.chrome.devtools.json
[2025-11-18 13:22:51] WARNING django.request - Not Found: /.well-known/appspecific/com.chrome.devtools.json
[2025-11-18 13:22:53] WARNING django.request - Not Found: /.well-known/appspecific/com.chrome.devtools.json
[2025-11-18 13:22:54] WARNING django.request - Not Found: /.well-known/appspecific/com.chrome.devtools.json
[2025-11-18 13:22:58] WARNING django.request - Not Found: /.well-known/appspecific/com.chrome.devtools.json
[2025-11-18 13:24:26] WARNING django.request - Not Found: /.well-known/appspecific/com.chrome.devtools.json
[2025-11-18 13:24:27] WARNING django.request - Not Found: /.well-known/appspecific/com.chrome.devtools.json
[2025-11-18 13:24:28] WARNING django.request - Not Found: /.well-known/appspecific/com.chrome.devtools.json
[2025-11-18 13:24:29] WARNING django.request - Not Found: /.well-known/appspecific/com.chrome.devtools.json
[2025-11-18 13:24:29] WARNING django.request - Not Found: /favicon.ico
[2025-11-18 13:24:30] WARNING django.request - Not Found: /.well-known/appspecific/com.chrome.devtools.json
[2025-11-18 13:25:30]   ERROR django.request - Internal Server Error: /production/spares/
Traceback (most recent call last):
  File "E:\pythonspace\skerp_project\venv\Lib\site-packages\django\urls\base.py", line 81, in reverse
    extra, resolver = resolver.namespace_dict[ns]
                      ~~~~~~~~~~~~~~~~~~~~~~~^^^^
KeyError: 'nfadd'

During handling of the above exception, another exception occurred:

Traceback (most recent call last):
  File "E:\pythonspace\skerp_project\venv\Lib\site-packages\django\core\handlers\exception.py", line 55, in inner
    response = get_response(request)
               ^^^^^^^^^^^^^^^^^^^^^
  File "E:\pythonspace\skerp_project\venv\Lib\site-packages\django\core\handlers\base.py", line 197, in _get_response
    response = wrapped_callback(request, *callback_args, **callback_kwargs)
               ^^^^^^^^^^^^^^^^^^^^^^^^^^^^^^^^^^^^^^^^^^^^^^^^^^^^^^^^^^^^
  File "E:\pythonspace\skerp_project\venv\Lib\site-packages\django\contrib\auth\decorators.py", line 59, in _view_wrapper
    return view_func(request, *args, **kwargs)
           ^^^^^^^^^^^^^^^^^^^^^^^^^^^^^^^^^^^
  File "E:\pythonspace\skerp_project\production\spares\views.py", line 79, in sparepart_list
    return render(request, "production/spares/spares_list.html", context)
           ^^^^^^^^^^^^^^^^^^^^^^^^^^^^^^^^^^^^^^^^^^^^^^^^^^^^^^^^^^^^^^
  File "E:\pythonspace\skerp_project\venv\Lib\site-packages\django\shortcuts.py", line 25, in render
    content = loader.render_to_string(template_name, context, request, using=using)
              ^^^^^^^^^^^^^^^^^^^^^^^^^^^^^^^^^^^^^^^^^^^^^^^^^^^^^^^^^^^^^^^^^^^^^
  File "E:\pythonspace\skerp_project\venv\Lib\site-packages\django\template\loader.py", line 62, in render_to_string
    return template.render(context, request)
           ^^^^^^^^^^^^^^^^^^^^^^^^^^^^^^^^^
  File "E:\pythonspace\skerp_project\venv\Lib\site-packages\django\template\backends\django.py", line 107, in render
    return self.template.render(context)
           ^^^^^^^^^^^^^^^^^^^^^^^^^^^^^
  File "E:\pythonspace\skerp_project\venv\Lib\site-packages\django\template\base.py", line 171, in render
    return self._render(context)
           ^^^^^^^^^^^^^^^^^^^^^
  File "E:\pythonspace\skerp_project\venv\Lib\site-packages\django\template\base.py", line 163, in _render
    return self.nodelist.render(context)
           ^^^^^^^^^^^^^^^^^^^^^^^^^^^^^
  File "E:\pythonspace\skerp_project\venv\Lib\site-packages\django\template\base.py", line 1016, in render
    return SafeString("".join([node.render_annotated(context) for node in self]))
                              ^^^^^^^^^^^^^^^^^^^^^^^^^^^^^^^^^^^^^^^^^^^^^^^^^
  File "E:\pythonspace\skerp_project\venv\Lib\site-packages\django\template\base.py", line 1016, in <listcomp>
    return SafeString("".join([node.render_annotated(context) for node in self]))
                               ^^^^^^^^^^^^^^^^^^^^^^^^^^^^^^
  File "E:\pythonspace\skerp_project\venv\Lib\site-packages\django\template\base.py", line 977, in render_annotated
    return self.render(context)
           ^^^^^^^^^^^^^^^^^^^^
  File "E:\pythonspace\skerp_project\venv\Lib\site-packages\django\template\loader_tags.py", line 159, in render
    return compiled_parent._render(context)
           ^^^^^^^^^^^^^^^^^^^^^^^^^^^^^^^^
  File "E:\pythonspace\skerp_project\venv\Lib\site-packages\django\template\base.py", line 163, in _render
    return self.nodelist.render(context)
           ^^^^^^^^^^^^^^^^^^^^^^^^^^^^^
  File "E:\pythonspace\skerp_project\venv\Lib\site-packages\django\template\base.py", line 1016, in render
    return SafeString("".join([node.render_annotated(context) for node in self]))
                              ^^^^^^^^^^^^^^^^^^^^^^^^^^^^^^^^^^^^^^^^^^^^^^^^^
  File "E:\pythonspace\skerp_project\venv\Lib\site-packages\django\template\base.py", line 1016, in <listcomp>
    return SafeString("".join([node.render_annotated(context) for node in self]))
                               ^^^^^^^^^^^^^^^^^^^^^^^^^^^^^^
  File "E:\pythonspace\skerp_project\venv\Lib\site-packages\django\template\base.py", line 977, in render_annotated
    return self.render(context)
           ^^^^^^^^^^^^^^^^^^^^
  File "E:\pythonspace\skerp_project\venv\Lib\site-packages\django\template\defaulttags.py", line 480, in render
    url = reverse(view_name, args=args, kwargs=kwargs, current_app=current_app)
          ^^^^^^^^^^^^^^^^^^^^^^^^^^^^^^^^^^^^^^^^^^^^^^^^^^^^^^^^^^^^^^^^^^^^^
  File "E:\pythonspace\skerp_project\venv\Lib\site-packages\django\urls\base.py", line 87, in reverse
    raise NoReverseMatch(
django.urls.exceptions.NoReverseMatch: 'nfadd' is not a registered namespace inside 'production'
[2025-11-18 13:33:45]    INFO django.utils.autoreload - E:\pythonspace\skerp_project\production\models.py changed, reloading.
[2025-11-18 13:33:46]    INFO django.utils.autoreload - Watching for file changes with StatReloader
[2025-11-18 13:36:32]    INFO django.utils.autoreload - E:\pythonspace\skerp_project\production\models.py changed, reloading.
[2025-11-18 13:36:32]    INFO django.utils.autoreload - Watching for file changes with StatReloader
[2025-11-18 13:40:33]    INFO django.utils.autoreload - E:\pythonspace\skerp_project\production\models.py changed, reloading.
[2025-11-18 13:40:33]    INFO django.utils.autoreload - Watching for file changes with StatReloader
[2025-11-18 13:40:48]    INFO django.utils.autoreload - E:\pythonspace\skerp_project\production\models.py changed, reloading.
[2025-11-18 13:40:48]    INFO django.utils.autoreload - Watching for file changes with StatReloader
[2025-11-18 13:42:01]    INFO django.utils.autoreload - E:\pythonspace\skerp_project\production\models.py changed, reloading.
[2025-11-18 13:42:02]    INFO django.utils.autoreload - Watching for file changes with StatReloader
[2025-11-18 13:47:34]    INFO django.utils.autoreload - E:\pythonspace\skerp_project\production\models.py changed, reloading.
[2025-11-18 13:47:35]    INFO django.utils.autoreload - Watching for file changes with StatReloader
[2025-11-18 14:13:55]    INFO django.utils.autoreload - E:\pythonspace\skerp_project\production\forms.py changed, reloading.
[2025-11-18 14:13:56]    INFO django.utils.autoreload - Watching for file changes with StatReloader
[2025-11-18 14:15:08]    INFO django.utils.autoreload - E:\pythonspace\skerp_project\production\forms.py changed, reloading.
[2025-11-18 14:15:09]    INFO django.utils.autoreload - Watching for file changes with StatReloader
[2025-11-18 14:15:20]    INFO django.utils.autoreload - E:\pythonspace\skerp_project\production\forms.py changed, reloading.
[2025-11-18 14:15:20]    INFO django.utils.autoreload - Watching for file changes with StatReloader
[2025-11-18 14:21:43]    INFO django.utils.autoreload - E:\pythonspace\skerp_project\production\forms.py changed, reloading.
[2025-11-18 14:21:43]    INFO django.utils.autoreload - Watching for file changes with StatReloader
[2025-11-18 14:22:18]    INFO django.utils.autoreload - Watching for file changes with StatReloader
[2025-11-18 14:30:08]    INFO django.utils.autoreload - E:\pythonspace\skerp_project\production\models.py changed, reloading.
[2025-11-18 14:30:09]    INFO django.utils.autoreload - Watching for file changes with StatReloader
[2025-11-18 14:31:13]    INFO django.utils.autoreload - E:\pythonspace\skerp_project\production\models.py changed, reloading.
[2025-11-18 14:31:13]    INFO django.utils.autoreload - Watching for file changes with StatReloader
[2025-11-18 14:32:55]    INFO django.utils.autoreload - E:\pythonspace\skerp_project\production\forms.py changed, reloading.
[2025-11-18 14:32:56]    INFO django.utils.autoreload - Watching for file changes with StatReloader
[2025-11-18 14:33:22]    INFO django.utils.autoreload - Watching for file changes with StatReloader
[2025-11-18 14:36:46]    INFO django.utils.autoreload - E:\pythonspace\skerp_project\production\urls.py changed, reloading.
[2025-11-18 14:36:46]    INFO django.utils.autoreload - Watching for file changes with StatReloader
[2025-11-18 14:42:38]    INFO django.utils.autoreload - E:\pythonspace\skerp_project\production\nfadd\views.py changed, reloading.
[2025-11-18 14:42:39]    INFO django.utils.autoreload - Watching for file changes with StatReloader
[2025-11-18 14:42:55]    INFO django.utils.autoreload - Watching for file changes with StatReloader
[2025-11-18 14:43:12]   ERROR django.request - Internal Server Error: /production/nfadd/
Traceback (most recent call last):
  File "E:\pythonspace\skerp_project\venv\Lib\site-packages\django\core\handlers\exception.py", line 55, in inner
    response = get_response(request)
               ^^^^^^^^^^^^^^^^^^^^^
  File "E:\pythonspace\skerp_project\venv\Lib\site-packages\django\core\handlers\base.py", line 197, in _get_response
    response = wrapped_callback(request, *callback_args, **callback_kwargs)
               ^^^^^^^^^^^^^^^^^^^^^^^^^^^^^^^^^^^^^^^^^^^^^^^^^^^^^^^^^^^^
  File "E:\pythonspace\skerp_project\venv\Lib\site-packages\django\contrib\auth\decorators.py", line 59, in _view_wrapper
    return view_func(request, *args, **kwargs)
           ^^^^^^^^^^^^^^^^^^^^^^^^^^^^^^^^^^^
  File "E:\pythonspace\skerp_project\production\nfadd\views.py", line 55, in nfadd_list
    Process.objects.filter(is_active=True, dlt_yn="N")
  File "E:\pythonspace\skerp_project\venv\Lib\site-packages\django\db\models\manager.py", line 87, in manager_method
    return getattr(self.get_queryset(), name)(*args, **kwargs)
           ^^^^^^^^^^^^^^^^^^^^^^^^^^^^^^^^^^^^^^^^^^^^^^^^^^^
  File "E:\pythonspace\skerp_project\venv\Lib\site-packages\django\db\models\query.py", line 1481, in filter
    return self._filter_or_exclude(False, args, kwargs)
           ^^^^^^^^^^^^^^^^^^^^^^^^^^^^^^^^^^^^^^^^^^^^
  File "E:\pythonspace\skerp_project\venv\Lib\site-packages\django\db\models\query.py", line 1499, in _filter_or_exclude
    clone._filter_or_exclude_inplace(negate, args, kwargs)
  File "E:\pythonspace\skerp_project\venv\Lib\site-packages\django\db\models\query.py", line 1506, in _filter_or_exclude_inplace
    self._query.add_q(Q(*args, **kwargs))
  File "E:\pythonspace\skerp_project\venv\Lib\site-packages\django\db\models\sql\query.py", line 1643, in add_q
    clause, _ = self._add_q(q_object, can_reuse)
                ^^^^^^^^^^^^^^^^^^^^^^^^^^^^^^^^
  File "E:\pythonspace\skerp_project\venv\Lib\site-packages\django\db\models\sql\query.py", line 1675, in _add_q
    child_clause, needed_inner = self.build_filter(
                                 ^^^^^^^^^^^^^^^^^^
  File "E:\pythonspace\skerp_project\venv\Lib\site-packages\django\db\models\sql\query.py", line 1523, in build_filter
    lookups, parts, reffed_expression = self.solve_lookup_type(arg, summarize)
                                        ^^^^^^^^^^^^^^^^^^^^^^^^^^^^^^^^^^^^^^
  File "E:\pythonspace\skerp_project\venv\Lib\site-packages\django\db\models\sql\query.py", line 1330, in solve_lookup_type
    _, field, _, lookup_parts = self.names_to_path(lookup_splitted, self.get_meta())
                                ^^^^^^^^^^^^^^^^^^^^^^^^^^^^^^^^^^^^^^^^^^^^^^^^^^^^
  File "E:\pythonspace\skerp_project\venv\Lib\site-packages\django\db\models\sql\query.py", line 1802, in names_to_path
    raise FieldError(
django.core.exceptions.FieldError: Cannot resolve keyword 'dlt_yn' into field. Choices are: chemical_additions, chemicals, description, display_order, equipments, files, id, name, nonferrous, nonferrous_additions, processchemical, processequipment, processnonferrous, spare_part_usages
[2025-11-18 14:47:24]    INFO django.utils.autoreload - E:\pythonspace\skerp_project\production\nfadd\views.py changed, reloading.
[2025-11-18 14:47:25]    INFO django.utils.autoreload - Watching for file changes with StatReloader
[2025-11-18 14:47:59]   ERROR django.request - Internal Server Error: /production/nfadd/
Traceback (most recent call last):
  File "E:\pythonspace\skerp_project\venv\Lib\site-packages\django\core\handlers\exception.py", line 55, in inner
    response = get_response(request)
               ^^^^^^^^^^^^^^^^^^^^^
  File "E:\pythonspace\skerp_project\venv\Lib\site-packages\django\core\handlers\base.py", line 197, in _get_response
    response = wrapped_callback(request, *callback_args, **callback_kwargs)
               ^^^^^^^^^^^^^^^^^^^^^^^^^^^^^^^^^^^^^^^^^^^^^^^^^^^^^^^^^^^^
  File "E:\pythonspace\skerp_project\venv\Lib\site-packages\django\contrib\auth\decorators.py", line 59, in _view_wrapper
    return view_func(request, *args, **kwargs)
           ^^^^^^^^^^^^^^^^^^^^^^^^^^^^^^^^^^^
  File "E:\pythonspace\skerp_project\production\nfadd\views.py", line 55, in nfadd_list
    Process.objects.filter(is_active=True, dlt_yn="N")
  File "E:\pythonspace\skerp_project\venv\Lib\site-packages\django\db\models\manager.py", line 87, in manager_method
    return getattr(self.get_queryset(), name)(*args, **kwargs)
           ^^^^^^^^^^^^^^^^^^^^^^^^^^^^^^^^^^^^^^^^^^^^^^^^^^^
  File "E:\pythonspace\skerp_project\venv\Lib\site-packages\django\db\models\query.py", line 1481, in filter
    return self._filter_or_exclude(False, args, kwargs)
           ^^^^^^^^^^^^^^^^^^^^^^^^^^^^^^^^^^^^^^^^^^^^
  File "E:\pythonspace\skerp_project\venv\Lib\site-packages\django\db\models\query.py", line 1499, in _filter_or_exclude
    clone._filter_or_exclude_inplace(negate, args, kwargs)
  File "E:\pythonspace\skerp_project\venv\Lib\site-packages\django\db\models\query.py", line 1506, in _filter_or_exclude_inplace
    self._query.add_q(Q(*args, **kwargs))
  File "E:\pythonspace\skerp_project\venv\Lib\site-packages\django\db\models\sql\query.py", line 1643, in add_q
    clause, _ = self._add_q(q_object, can_reuse)
                ^^^^^^^^^^^^^^^^^^^^^^^^^^^^^^^^
  File "E:\pythonspace\skerp_project\venv\Lib\site-packages\django\db\models\sql\query.py", line 1675, in _add_q
    child_clause, needed_inner = self.build_filter(
                                 ^^^^^^^^^^^^^^^^^^
  File "E:\pythonspace\skerp_project\venv\Lib\site-packages\django\db\models\sql\query.py", line 1523, in build_filter
    lookups, parts, reffed_expression = self.solve_lookup_type(arg, summarize)
                                        ^^^^^^^^^^^^^^^^^^^^^^^^^^^^^^^^^^^^^^
  File "E:\pythonspace\skerp_project\venv\Lib\site-packages\django\db\models\sql\query.py", line 1330, in solve_lookup_type
    _, field, _, lookup_parts = self.names_to_path(lookup_splitted, self.get_meta())
                                ^^^^^^^^^^^^^^^^^^^^^^^^^^^^^^^^^^^^^^^^^^^^^^^^^^^^
  File "E:\pythonspace\skerp_project\venv\Lib\site-packages\django\db\models\sql\query.py", line 1802, in names_to_path
    raise FieldError(
django.core.exceptions.FieldError: Cannot resolve keyword 'dlt_yn' into field. Choices are: chemical_additions, chemicals, description, display_order, equipments, files, id, name, nonferrous, nonferrous_additions, processchemical, processequipment, processnonferrous, spare_part_usages
[2025-11-18 14:48:05]   ERROR django.request - Internal Server Error: /production/nfadd/
Traceback (most recent call last):
  File "E:\pythonspace\skerp_project\venv\Lib\site-packages\django\core\handlers\exception.py", line 55, in inner
    response = get_response(request)
               ^^^^^^^^^^^^^^^^^^^^^
  File "E:\pythonspace\skerp_project\venv\Lib\site-packages\django\core\handlers\base.py", line 197, in _get_response
    response = wrapped_callback(request, *callback_args, **callback_kwargs)
               ^^^^^^^^^^^^^^^^^^^^^^^^^^^^^^^^^^^^^^^^^^^^^^^^^^^^^^^^^^^^
  File "E:\pythonspace\skerp_project\venv\Lib\site-packages\django\contrib\auth\decorators.py", line 59, in _view_wrapper
    return view_func(request, *args, **kwargs)
           ^^^^^^^^^^^^^^^^^^^^^^^^^^^^^^^^^^^
  File "E:\pythonspace\skerp_project\production\nfadd\views.py", line 55, in nfadd_list
    Process.objects.filter(is_active=True, dlt_yn="N")
  File "E:\pythonspace\skerp_project\venv\Lib\site-packages\django\db\models\manager.py", line 87, in manager_method
    return getattr(self.get_queryset(), name)(*args, **kwargs)
           ^^^^^^^^^^^^^^^^^^^^^^^^^^^^^^^^^^^^^^^^^^^^^^^^^^^
  File "E:\pythonspace\skerp_project\venv\Lib\site-packages\django\db\models\query.py", line 1481, in filter
    return self._filter_or_exclude(False, args, kwargs)
           ^^^^^^^^^^^^^^^^^^^^^^^^^^^^^^^^^^^^^^^^^^^^
  File "E:\pythonspace\skerp_project\venv\Lib\site-packages\django\db\models\query.py", line 1499, in _filter_or_exclude
    clone._filter_or_exclude_inplace(negate, args, kwargs)
  File "E:\pythonspace\skerp_project\venv\Lib\site-packages\django\db\models\query.py", line 1506, in _filter_or_exclude_inplace
    self._query.add_q(Q(*args, **kwargs))
  File "E:\pythonspace\skerp_project\venv\Lib\site-packages\django\db\models\sql\query.py", line 1643, in add_q
    clause, _ = self._add_q(q_object, can_reuse)
                ^^^^^^^^^^^^^^^^^^^^^^^^^^^^^^^^
  File "E:\pythonspace\skerp_project\venv\Lib\site-packages\django\db\models\sql\query.py", line 1675, in _add_q
    child_clause, needed_inner = self.build_filter(
                                 ^^^^^^^^^^^^^^^^^^
  File "E:\pythonspace\skerp_project\venv\Lib\site-packages\django\db\models\sql\query.py", line 1523, in build_filter
    lookups, parts, reffed_expression = self.solve_lookup_type(arg, summarize)
                                        ^^^^^^^^^^^^^^^^^^^^^^^^^^^^^^^^^^^^^^
  File "E:\pythonspace\skerp_project\venv\Lib\site-packages\django\db\models\sql\query.py", line 1330, in solve_lookup_type
    _, field, _, lookup_parts = self.names_to_path(lookup_splitted, self.get_meta())
                                ^^^^^^^^^^^^^^^^^^^^^^^^^^^^^^^^^^^^^^^^^^^^^^^^^^^^
  File "E:\pythonspace\skerp_project\venv\Lib\site-packages\django\db\models\sql\query.py", line 1802, in names_to_path
    raise FieldError(
django.core.exceptions.FieldError: Cannot resolve keyword 'dlt_yn' into field. Choices are: chemical_additions, chemicals, description, display_order, equipments, files, id, name, nonferrous, nonferrous_additions, processchemical, processequipment, processnonferrous, spare_part_usages
[2025-11-18 14:49:44]    INFO django.utils.autoreload - E:\pythonspace\skerp_project\production\nfadd\views.py changed, reloading.
[2025-11-18 14:49:45]    INFO django.utils.autoreload - Watching for file changes with StatReloader
[2025-11-18 17:01:34]    INFO django.utils.autoreload - E:\pythonspace\skerp_project\production\forms.py changed, reloading.
[2025-11-18 17:01:34]    INFO django.utils.autoreload - Watching for file changes with StatReloader
[2025-11-18 17:02:18]   ERROR django.request - Internal Server Error: /production/nfadd/create/
Traceback (most recent call last):
  File "E:\pythonspace\skerp_project\production\forms.py", line 335, in __init__
    nf_obj = NonFerrous.objects.get(pk=self.initial["nonferrous"])
             ^^^^^^^^^^
NameError: name 'NonFerrous' is not defined

During handling of the above exception, another exception occurred:

Traceback (most recent call last):
  File "E:\pythonspace\skerp_project\venv\Lib\site-packages\django\core\handlers\exception.py", line 55, in inner
    response = get_response(request)
               ^^^^^^^^^^^^^^^^^^^^^
  File "E:\pythonspace\skerp_project\venv\Lib\site-packages\django\core\handlers\base.py", line 197, in _get_response
    response = wrapped_callback(request, *callback_args, **callback_kwargs)
               ^^^^^^^^^^^^^^^^^^^^^^^^^^^^^^^^^^^^^^^^^^^^^^^^^^^^^^^^^^^^
  File "E:\pythonspace\skerp_project\venv\Lib\site-packages\django\contrib\auth\decorators.py", line 59, in _view_wrapper
    return view_func(request, *args, **kwargs)
           ^^^^^^^^^^^^^^^^^^^^^^^^^^^^^^^^^^^
  File "E:\pythonspace\skerp_project\production\nfadd\views.py", line 146, in nfadd_create
    return render(request, "production/nfadd/nfadd_form.html", context)
           ^^^^^^^^^^^^^^^^^^^^^^^^^^^^^^^^^^^^^^^^^^^^^^^^^^^^^^^^^^^^
  File "E:\pythonspace\skerp_project\venv\Lib\site-packages\django\shortcuts.py", line 25, in render
    content = loader.render_to_string(template_name, context, request, using=using)
              ^^^^^^^^^^^^^^^^^^^^^^^^^^^^^^^^^^^^^^^^^^^^^^^^^^^^^^^^^^^^^^^^^^^^^
  File "E:\pythonspace\skerp_project\venv\Lib\site-packages\django\template\loader.py", line 62, in render_to_string
    return template.render(context, request)
           ^^^^^^^^^^^^^^^^^^^^^^^^^^^^^^^^^
  File "E:\pythonspace\skerp_project\venv\Lib\site-packages\django\template\backends\django.py", line 107, in render
    return self.template.render(context)
           ^^^^^^^^^^^^^^^^^^^^^^^^^^^^^
  File "E:\pythonspace\skerp_project\venv\Lib\site-packages\django\template\base.py", line 171, in render
    return self._render(context)
           ^^^^^^^^^^^^^^^^^^^^^
  File "E:\pythonspace\skerp_project\venv\Lib\site-packages\django\template\base.py", line 163, in _render
    return self.nodelist.render(context)
           ^^^^^^^^^^^^^^^^^^^^^^^^^^^^^
  File "E:\pythonspace\skerp_project\venv\Lib\site-packages\django\template\base.py", line 1016, in render
    return SafeString("".join([node.render_annotated(context) for node in self]))
                              ^^^^^^^^^^^^^^^^^^^^^^^^^^^^^^^^^^^^^^^^^^^^^^^^^
  File "E:\pythonspace\skerp_project\venv\Lib\site-packages\django\template\base.py", line 1016, in <listcomp>
    return SafeString("".join([node.render_annotated(context) for node in self]))
                               ^^^^^^^^^^^^^^^^^^^^^^^^^^^^^^
  File "E:\pythonspace\skerp_project\venv\Lib\site-packages\django\template\base.py", line 977, in render_annotated
    return self.render(context)
           ^^^^^^^^^^^^^^^^^^^^
  File "E:\pythonspace\skerp_project\venv\Lib\site-packages\django\template\loader_tags.py", line 159, in render
    return compiled_parent._render(context)
           ^^^^^^^^^^^^^^^^^^^^^^^^^^^^^^^^
  File "E:\pythonspace\skerp_project\venv\Lib\site-packages\django\template\base.py", line 163, in _render
    return self.nodelist.render(context)
           ^^^^^^^^^^^^^^^^^^^^^^^^^^^^^
  File "E:\pythonspace\skerp_project\venv\Lib\site-packages\django\template\base.py", line 1016, in render
    return SafeString("".join([node.render_annotated(context) for node in self]))
                              ^^^^^^^^^^^^^^^^^^^^^^^^^^^^^^^^^^^^^^^^^^^^^^^^^
  File "E:\pythonspace\skerp_project\venv\Lib\site-packages\django\template\base.py", line 1016, in <listcomp>
    return SafeString("".join([node.render_annotated(context) for node in self]))
                               ^^^^^^^^^^^^^^^^^^^^^^^^^^^^^^
  File "E:\pythonspace\skerp_project\venv\Lib\site-packages\django\template\base.py", line 977, in render_annotated
    return self.render(context)
           ^^^^^^^^^^^^^^^^^^^^
  File "E:\pythonspace\skerp_project\venv\Lib\site-packages\django\template\loader_tags.py", line 65, in render
    result = block.nodelist.render(context)
             ^^^^^^^^^^^^^^^^^^^^^^^^^^^^^^
  File "E:\pythonspace\skerp_project\venv\Lib\site-packages\django\template\base.py", line 1016, in render
    return SafeString("".join([node.render_annotated(context) for node in self]))
                              ^^^^^^^^^^^^^^^^^^^^^^^^^^^^^^^^^^^^^^^^^^^^^^^^^
  File "E:\pythonspace\skerp_project\venv\Lib\site-packages\django\template\base.py", line 1016, in <listcomp>
    return SafeString("".join([node.render_annotated(context) for node in self]))
                               ^^^^^^^^^^^^^^^^^^^^^^^^^^^^^^
  File "E:\pythonspace\skerp_project\venv\Lib\site-packages\django\template\base.py", line 977, in render_annotated
    return self.render(context)
           ^^^^^^^^^^^^^^^^^^^^
  File "E:\pythonspace\skerp_project\venv\Lib\site-packages\django\template\base.py", line 1075, in render
    output = self.filter_expression.resolve(context)
             ^^^^^^^^^^^^^^^^^^^^^^^^^^^^^^^^^^^^^^^
  File "E:\pythonspace\skerp_project\venv\Lib\site-packages\django\template\base.py", line 722, in resolve
    obj = self.var.resolve(context)
          ^^^^^^^^^^^^^^^^^^^^^^^^^
  File "E:\pythonspace\skerp_project\venv\Lib\site-packages\django\template\base.py", line 854, in resolve
    value = self._resolve_lookup(context)
            ^^^^^^^^^^^^^^^^^^^^^^^^^^^^^
  File "E:\pythonspace\skerp_project\venv\Lib\site-packages\django\template\base.py", line 891, in _resolve_lookup
    current = current[bit]
              ~~~~~~~^^^^^
  File "E:\pythonspace\skerp_project\venv\Lib\site-packages\django\forms\formsets.py", line 118, in __getitem__
    return self.forms[index]
           ^^^^^^^^^^
  File "E:\pythonspace\skerp_project\venv\Lib\site-packages\django\utils\functional.py", line 47, in __get__
    res = instance.__dict__[self.name] = self.func(instance)
                                         ^^^^^^^^^^^^^^^^^^^
  File "E:\pythonspace\skerp_project\venv\Lib\site-packages\django\forms\formsets.py", line 205, in forms
    return [
           ^
  File "E:\pythonspace\skerp_project\venv\Lib\site-packages\django\forms\formsets.py", line 206, in <listcomp>
    self._construct_form(i, **self.get_form_kwargs(i))
  File "E:\pythonspace\skerp_project\venv\Lib\site-packages\django\forms\models.py", line 1126, in _construct_form
    form = super()._construct_form(i, **kwargs)
           ^^^^^^^^^^^^^^^^^^^^^^^^^^^^^^^^^^^^
  File "E:\pythonspace\skerp_project\venv\Lib\site-packages\django\forms\models.py", line 743, in _construct_form
    form = super()._construct_form(i, **kwargs)
           ^^^^^^^^^^^^^^^^^^^^^^^^^^^^^^^^^^^^
  File "E:\pythonspace\skerp_project\venv\Lib\site-packages\django\forms\formsets.py", line 244, in _construct_form
    form = self.form(**defaults)
           ^^^^^^^^^^^^^^^^^^^^^
  File "E:\pythonspace\skerp_project\production\forms.py", line 336, in __init__
    except NonFerrous.DoesNotExist:
           ^^^^^^^^^^
NameError: name 'NonFerrous' is not defined
[2025-11-18 17:09:26]    INFO django.utils.autoreload - E:\pythonspace\skerp_project\production\forms.py changed, reloading.
[2025-11-18 17:09:27]    INFO django.utils.autoreload - Watching for file changes with StatReloader
[2025-11-18 17:09:56]    INFO django.utils.autoreload - Watching for file changes with StatReloader
[2025-11-18 17:47:35]    INFO django.utils.autoreload - E:\pythonspace\skerp_project\production\forms.py changed, reloading.
[2025-11-18 17:47:36]    INFO django.utils.autoreload - Watching for file changes with StatReloader
[2025-11-18 17:48:08]    INFO django.utils.autoreload - E:\pythonspace\skerp_project\production\forms.py changed, reloading.
[2025-11-18 17:48:09]    INFO django.utils.autoreload - Watching for file changes with StatReloader
[2025-11-18 17:50:59]    INFO django.utils.autoreload - E:\pythonspace\skerp_project\production\forms.py changed, reloading.
[2025-11-18 17:50:59]    INFO django.utils.autoreload - Watching for file changes with StatReloader
[2025-11-18 17:53:25]    INFO django.utils.autoreload - E:\pythonspace\skerp_project\production\forms.py changed, reloading.
[2025-11-18 17:53:25]    INFO django.utils.autoreload - Watching for file changes with StatReloader
[2025-11-18 17:55:05]    INFO django.utils.autoreload - E:\pythonspace\skerp_project\production\forms.py changed, reloading.
[2025-11-18 17:55:06]    INFO django.utils.autoreload - Watching for file changes with StatReloader
[2025-11-18 17:58:14]    INFO django.utils.autoreload - E:\pythonspace\skerp_project\production\nfadd\views.py changed, reloading.
[2025-11-18 17:58:15]    INFO django.utils.autoreload - Watching for file changes with StatReloader
[2025-11-18 18:04:05] WARNING django.request - Not Found: /favicon.ico
[2025-11-18 18:04:49] WARNING django.request - Not Found: /.well-known/appspecific/com.chrome.devtools.json
[2025-11-18 18:13:03]    INFO django.utils.autoreload - E:\pythonspace\skerp_project\production\nfadd\views.py changed, reloading.
[2025-11-18 18:13:04]    INFO django.utils.autoreload - Watching for file changes with StatReloader
[2025-11-18 18:13:27]    INFO django.utils.autoreload - E:\pythonspace\skerp_project\production\nfadd\views.py changed, reloading.
[2025-11-18 18:13:28]    INFO django.utils.autoreload - Watching for file changes with StatReloader
[2025-11-18 18:13:56]    INFO django.utils.autoreload - E:\pythonspace\skerp_project\production\nfadd\views.py changed, reloading.
[2025-11-18 18:13:57]    INFO django.utils.autoreload - Watching for file changes with StatReloader
[2025-11-18 18:14:11]    INFO django.utils.autoreload - E:\pythonspace\skerp_project\production\nfadd\views.py changed, reloading.
[2025-11-18 18:14:12]    INFO django.utils.autoreload - Watching for file changes with StatReloader
[2025-11-18 18:14:18] WARNING django.request - Not Found: /.well-known/appspecific/com.chrome.devtools.json
[2025-11-18 18:14:20] WARNING django.request - Not Found: /.well-known/appspecific/com.chrome.devtools.json
[2025-11-18 18:14:26]   ERROR django.request - Internal Server Error: /production/nfadd/3/edit/
Traceback (most recent call last):
  File "E:\pythonspace\skerp_project\venv\Lib\site-packages\django\core\handlers\exception.py", line 55, in inner
    response = get_response(request)
               ^^^^^^^^^^^^^^^^^^^^^
  File "E:\pythonspace\skerp_project\venv\Lib\site-packages\django\core\handlers\base.py", line 197, in _get_response
    response = wrapped_callback(request, *callback_args, **callback_kwargs)
               ^^^^^^^^^^^^^^^^^^^^^^^^^^^^^^^^^^^^^^^^^^^^^^^^^^^^^^^^^^^^
  File "E:\pythonspace\skerp_project\venv\Lib\site-packages\django\contrib\auth\decorators.py", line 59, in _view_wrapper
    return view_func(request, *args, **kwargs)
           ^^^^^^^^^^^^^^^^^^^^^^^^^^^^^^^^^^^
  File "E:\pythonspace\skerp_project\production\nfadd\views.py", line 162, in nfadd_edit
    messages.success(request, "   .")
    ^^^^^^^^
NameError: name 'messages' is not defined
[2025-11-18 18:14:26] WARNING django.request - Not Found: /.well-known/appspecific/com.chrome.devtools.json
[2025-11-18 18:14:45]    INFO django.utils.autoreload - E:\pythonspace\skerp_project\production\nfadd\views.py changed, reloading.
[2025-11-18 18:14:46]    INFO django.utils.autoreload - Watching for file changes with StatReloader
[2025-11-18 18:14:47] WARNING django.request - Not Found: /.well-known/appspecific/com.chrome.devtools.json
[2025-11-18 18:14:51] WARNING django.request - Not Found: /.well-known/appspecific/com.chrome.devtools.json
[2025-11-18 18:14:54] WARNING django.request - Not Found: /.well-known/appspecific/com.chrome.devtools.json
[2025-11-18 18:14:56] WARNING django.request - Not Found: /.well-known/appspecific/com.chrome.devtools.json
[2025-11-18 18:14:57] WARNING django.request - Not Found: /.well-known/appspecific/com.chrome.devtools.json
[2025-11-18 18:15:02] WARNING django.request - Not Found: /.well-known/appspecific/com.chrome.devtools.json
[2025-11-18 18:15:05] WARNING django.request - Not Found: /.well-known/appspecific/com.chrome.devtools.json
[2025-11-18 18:15:08] WARNING django.request - Not Found: /.well-known/appspecific/com.chrome.devtools.json
[2025-11-18 18:15:10] WARNING django.request - Not Found: /.well-known/appspecific/com.chrome.devtools.json
[2025-11-18 18:15:31] WARNING django.request - Not Found: /.well-known/appspecific/com.chrome.devtools.json
[2025-11-18 18:15:36] WARNING django.request - Not Found: /.well-known/appspecific/com.chrome.devtools.json
[2025-11-18 18:15:37] WARNING django.request - Not Found: /.well-known/appspecific/com.chrome.devtools.json
[2025-11-18 18:15:39] WARNING django.request - Not Found: /.well-known/appspecific/com.chrome.devtools.json
[2025-11-18 18:15:39] WARNING django.request - Not Found: /.well-known/appspecific/com.chrome.devtools.json
[2025-11-18 18:15:41] WARNING django.request - Not Found: /.well-known/appspecific/com.chrome.devtools.json
[2025-11-18 18:15:43] WARNING django.request - Not Found: /.well-known/appspecific/com.chrome.devtools.json
[2025-11-18 18:16:55] WARNING django.request - Not Found: /.well-known/appspecific/com.chrome.devtools.json
[2025-11-18 18:16:57] WARNING django.request - Not Found: /.well-known/appspecific/com.chrome.devtools.json
[2025-11-18 18:16:59] WARNING django.request - Not Found: /.well-known/appspecific/com.chrome.devtools.json
[2025-11-18 18:17:02] WARNING django.request - Not Found: /.well-known/appspecific/com.chrome.devtools.json
[2025-11-18 18:17:04] WARNING django.request - Not Found: /.well-known/appspecific/com.chrome.devtools.json
[2025-11-18 18:17:05] WARNING django.request - Not Found: /.well-known/appspecific/com.chrome.devtools.json
[2025-11-18 18:25:15] WARNING django.request - Not Found: /.well-known/appspecific/com.chrome.devtools.json
[2025-11-18 18:49:21]    INFO django.utils.autoreload - E:\pythonspace\skerp_project\production\forms.py changed, reloading.
[2025-11-18 18:49:21]    INFO django.utils.autoreload - Watching for file changes with StatReloader
[2025-11-18 18:49:53]    INFO django.utils.autoreload - E:\pythonspace\skerp_project\production\forms.py changed, reloading.
[2025-11-18 18:49:54]    INFO django.utils.autoreload - Watching for file changes with StatReloader
[2025-11-18 19:05:57]    INFO django.utils.autoreload - Watching for file changes with StatReloader
[2025-11-18 19:06:04] WARNING django.request - Not Found: /favicon.ico
