[2025-12-04 08:41:05]    INFO django.utils.autoreload - Watching for file changes with StatReloader
[2025-12-04 08:41:10]    INFO django.utils.autoreload - E:\pythonspace\skerp_project\quality\inspections\models.py changed, reloading.
[2025-12-04 08:41:11]    INFO django.utils.autoreload - Watching for file changes with StatReloader
[2025-12-04 08:41:17]    INFO django.utils.autoreload - E:\pythonspace\skerp_project\quality\inspections\models.py changed, reloading.
[2025-12-04 08:41:18]    INFO django.utils.autoreload - Watching for file changes with StatReloader
[2025-12-04 09:25:00]    INFO django.utils.autoreload - E:\pythonspace\skerp_project\quality\inspections\models.py changed, reloading.
[2025-12-04 09:25:01]    INFO django.utils.autoreload - Watching for file changes with StatReloader
[2025-12-04 09:25:54]    INFO django.utils.autoreload - E:\pythonspace\skerp_project\quality\inspections\models.py changed, reloading.
[2025-12-04 09:25:55]    INFO django.utils.autoreload - Watching for file changes with StatReloader
[2025-12-04 09:26:29]    INFO django.utils.autoreload - E:\pythonspace\skerp_project\quality\inspections\models.py changed, reloading.
[2025-12-04 09:26:30]    INFO django.utils.autoreload - Watching for file changes with StatReloader
[2025-12-04 09:30:00]    INFO quality.outgoing.views - === OUTGOING_SITE GET === workorder_id=108
[2025-12-04 09:30:00]    INFO quality.outgoing.views - inspection_id=23, status=DONE, inspect_qty=94, good_qty=88, defect_qty=9, loss_qty=0, adjust_qty=-3
[2025-12-04 09:30:00]    INFO quality.outgoing.views - finished_payload=[{'seq': 1, 'lot': 'C-20251204-01', 'qty': 25, 'box_size': 25, 'status': 'FULL'}, {'seq': 2, 'lot': 'C-20251204-02', 'qty': 25, 'box_size': 25, 'status': 'FULL'}, {'seq': 3, 'lot': 'C-20251204-03', 'qty': 25, 'box_size': 25, 'status': 'FULL'}, {'seq': 4, 'lot': 'C-20251204-04', 'qty': 13, 'box_size': 25, 'status': 'SHORT'}]
[2025-12-04 09:30:00] WARNING django.request - Not Found: /.well-known/appspecific/com.chrome.devtools.json
[2025-12-04 09:33:16]    INFO django.utils.autoreload - E:\pythonspace\skerp_project\quality\outgoing\views.py changed, reloading.
[2025-12-04 09:33:16]    INFO django.utils.autoreload - Watching for file changes with StatReloader
[2025-12-04 09:34:16]    INFO django.utils.autoreload - E:\pythonspace\skerp_project\quality\outgoing\views.py changed, reloading.
[2025-12-04 09:34:16]    INFO django.utils.autoreload - Watching for file changes with StatReloader
[2025-12-04 09:35:13]    INFO django.utils.autoreload - E:\pythonspace\skerp_project\quality\outgoing\views.py changed, reloading.
[2025-12-04 09:35:14]    INFO django.utils.autoreload - Watching for file changes with StatReloader
[2025-12-04 09:39:53]    INFO django.utils.autoreload - E:\pythonspace\skerp_project\quality\outgoing\views.py changed, reloading.
[2025-12-04 09:39:54]    INFO django.utils.autoreload - Watching for file changes with StatReloader
[2025-12-04 10:06:29]    INFO django.utils.autoreload - E:\pythonspace\skerp_project\quality\outgoing\views.py changed, reloading.
[2025-12-04 10:06:29]    INFO django.utils.autoreload - Watching for file changes with StatReloader
[2025-12-04 10:07:29]    INFO django.utils.autoreload - E:\pythonspace\skerp_project\quality\outgoing\views.py changed, reloading.
[2025-12-04 10:07:30]    INFO django.utils.autoreload - Watching for file changes with StatReloader
[2025-12-04 10:07:42]    INFO quality.outgoing.views - === OUTGOING_SITE GET === workorder_id=108
[2025-12-04 10:07:42]    INFO quality.outgoing.views - inspection_id=23, status=DONE, inspect_qty=94, good_qty=88, defect_qty=9, loss_qty=0, adjust_qty=-3
[2025-12-04 10:07:42]    INFO quality.outgoing.views - finished_payload=[{'seq': 1, 'lot': 'C-20251204-01', 'qty': 25, 'box_size': 25, 'status': 'FULL'}, {'seq': 2, 'lot': 'C-20251204-02', 'qty': 25, 'box_size': 25, 'status': 'FULL'}, {'seq': 3, 'lot': 'C-20251204-03', 'qty': 25, 'box_size': 25, 'status': 'FULL'}, {'seq': 4, 'lot': 'C-20251204-04', 'qty': 13, 'box_size': 25, 'status': 'SHORT'}]
[2025-12-04 10:07:42] WARNING django.request - Not Found: /.well-known/appspecific/com.chrome.devtools.json
[2025-12-04 10:07:49] WARNING django.request - Not Found: /.well-known/appspecific/com.chrome.devtools.json
[2025-12-04 10:07:51]    INFO quality.outgoing.views - === OUTGOING_SITE GET === workorder_id=109
[2025-12-04 10:07:51]    INFO quality.outgoing.views - inspection_id=24, status=DRAFT, inspect_qty=0, good_qty=0, defect_qty=0, loss_qty=0, adjust_qty=0
[2025-12-04 10:07:51]    INFO quality.outgoing.views - finished_payload=[]
[2025-12-04 10:07:51] WARNING django.request - Not Found: /.well-known/appspecific/com.chrome.devtools.json
[2025-12-04 10:08:09]    INFO quality.outgoing.views - === OUTGOING_SITE GET === workorder_id=109
[2025-12-04 10:08:09]    INFO quality.outgoing.views - inspection_id=24, status=DONE, inspect_qty=94, good_qty=88, defect_qty=9, loss_qty=0, adjust_qty=-3
[2025-12-04 10:08:09]    INFO quality.outgoing.views - finished_payload=[{'seq': 1, 'lot': 'C-20251204-05', 'qty': 25, 'box_size': 25, 'status': 'FULL'}, {'seq': 2, 'lot': 'C-20251204-06', 'qty': 25, 'box_size': 25, 'status': 'FULL'}, {'seq': 3, 'lot': 'C-20251204-07', 'qty': 25, 'box_size': 25, 'status': 'FULL'}, {'seq': 4, 'lot': 'C-20251204-08', 'qty': 13, 'box_size': 25, 'status': 'SHORT'}]
[2025-12-04 10:08:09] WARNING django.request - Not Found: /.well-known/appspecific/com.chrome.devtools.json
[2025-12-04 10:08:13]    INFO quality.outgoing.views - === OUTGOING_SITE GET === workorder_id=109
[2025-12-04 10:08:13]    INFO quality.outgoing.views - inspection_id=24, status=DONE, inspect_qty=94, good_qty=88, defect_qty=9, loss_qty=0, adjust_qty=-3
[2025-12-04 10:08:13]    INFO quality.outgoing.views - finished_payload=[{'seq': 1, 'lot': 'C-20251204-05', 'qty': 25, 'box_size': 25, 'status': 'FULL'}, {'seq': 2, 'lot': 'C-20251204-06', 'qty': 25, 'box_size': 25, 'status': 'FULL'}, {'seq': 3, 'lot': 'C-20251204-07', 'qty': 25, 'box_size': 25, 'status': 'FULL'}, {'seq': 4, 'lot': 'C-20251204-08', 'qty': 13, 'box_size': 25, 'status': 'SHORT'}]
[2025-12-04 10:08:13] WARNING django.request - Not Found: /.well-known/appspecific/com.chrome.devtools.json
[2025-12-04 10:08:16] WARNING django.request - Not Found: /.well-known/appspecific/com.chrome.devtools.json
[2025-12-04 10:08:17]    INFO quality.outgoing.views - === OUTGOING_SITE GET === workorder_id=109
[2025-12-04 10:08:17]    INFO quality.outgoing.views - inspection_id=24, status=DONE, inspect_qty=94, good_qty=88, defect_qty=9, loss_qty=0, adjust_qty=-3
[2025-12-04 10:08:17]    INFO quality.outgoing.views - finished_payload=[{'seq': 1, 'lot': 'C-20251204-05', 'qty': 25, 'box_size': 25, 'status': 'FULL'}, {'seq': 2, 'lot': 'C-20251204-06', 'qty': 25, 'box_size': 25, 'status': 'FULL'}, {'seq': 3, 'lot': 'C-20251204-07', 'qty': 25, 'box_size': 25, 'status': 'FULL'}, {'seq': 4, 'lot': 'C-20251204-08', 'qty': 13, 'box_size': 25, 'status': 'SHORT'}]
[2025-12-04 10:08:17] WARNING django.request - Not Found: /.well-known/appspecific/com.chrome.devtools.json
[2025-12-04 10:09:54]    INFO quality.outgoing.views - === OUTGOING_SITE GET === workorder_id=109
[2025-12-04 10:09:54]    INFO quality.outgoing.views - inspection_id=24, status=DONE, inspect_qty=94, good_qty=88, defect_qty=9, loss_qty=0, adjust_qty=-3
[2025-12-04 10:09:54]    INFO quality.outgoing.views - finished_payload=[{'seq': 1, 'lot': 'C-20251204-05', 'qty': 25, 'box_size': 25, 'status': 'FULL'}, {'seq': 2, 'lot': 'C-20251204-07', 'qty': 25, 'box_size': 25, 'status': 'FULL'}, {'seq': 3, 'lot': 'C-20251204-08', 'qty': 13, 'box_size': 25, 'status': 'SHORT'}, {'seq': 4, 'lot': 'C-20251204-09', 'qty': 25, 'box_size': 25, 'status': 'FULL'}]
[2025-12-04 10:09:54] WARNING django.request - Not Found: /.well-known/appspecific/com.chrome.devtools.json
[2025-12-04 10:15:50]    INFO quality.outgoing.views - === OUTGOING_SITE GET === workorder_id=109
[2025-12-04 10:15:50]    INFO quality.outgoing.views - inspection_id=24, status=DONE, inspect_qty=94, good_qty=88, defect_qty=9, loss_qty=0, adjust_qty=-3
[2025-12-04 10:15:50]    INFO quality.outgoing.views - finished_payload=[{'seq': 1, 'lot': 'C-20251204-05', 'qty': 25, 'box_size': 25, 'status': 'FULL'}, {'seq': 2, 'lot': 'C-20251204-07', 'qty': 25, 'box_size': 25, 'status': 'FULL'}, {'seq': 3, 'lot': 'C-20251204-08', 'qty': 13, 'box_size': 25, 'status': 'SHORT'}, {'seq': 4, 'lot': 'C-20251204-09', 'qty': 25, 'box_size': 25, 'status': 'FULL'}]
[2025-12-04 10:26:16] WARNING django.request - Not Found: /login
[2025-12-04 10:29:26]    INFO quality.outgoing.views - === OUTGOING_SITE GET === workorder_id=109
[2025-12-04 10:29:26]    INFO quality.outgoing.views - inspection_id=24, status=DONE, inspect_qty=94, good_qty=88, defect_qty=9, loss_qty=0, adjust_qty=-3
[2025-12-04 10:29:26]    INFO quality.outgoing.views - finished_payload=[{'seq': 1, 'lot': 'C-20251204-05', 'qty': 25, 'box_size': 25, 'status': 'FULL'}, {'seq': 2, 'lot': 'C-20251204-07', 'qty': 25, 'box_size': 25, 'status': 'FULL'}, {'seq': 3, 'lot': 'C-20251204-08', 'qty': 13, 'box_size': 25, 'status': 'SHORT'}, {'seq': 4, 'lot': 'C-20251204-09', 'qty': 25, 'box_size': 25, 'status': 'FULL'}]
[2025-12-04 10:29:46]    INFO quality.outgoing.views - === OUTGOING_SITE GET === workorder_id=110
[2025-12-04 10:29:46]    INFO quality.outgoing.views - inspection_id=25, status=DRAFT, inspect_qty=0, good_qty=0, defect_qty=0, loss_qty=0, adjust_qty=0
[2025-12-04 10:29:46]    INFO quality.outgoing.views - finished_payload=[]
[2025-12-04 10:44:54]    INFO django.utils.autoreload - E:\pythonspace\skerp_project\quality\outgoing\views.py changed, reloading.
[2025-12-04 10:44:55]    INFO django.utils.autoreload - Watching for file changes with StatReloader
[2025-12-04 10:45:42]    INFO django.utils.autoreload - E:\pythonspace\skerp_project\quality\outgoing\views.py changed, reloading.
[2025-12-04 10:45:43]    INFO django.utils.autoreload - Watching for file changes with StatReloader
[2025-12-04 11:07:49]    INFO quality.outgoing.views - === OUTGOING_SITE GET === workorder_id=110
[2025-12-04 11:07:49]    INFO quality.outgoing.views - inspection_id=25, status=DRAFT, inspect_qty=0, good_qty=0, defect_qty=0, loss_qty=0, adjust_qty=0
[2025-12-04 11:07:49]    INFO quality.outgoing.views - finished_payload=[]
[2025-12-04 11:08:10]    INFO quality.outgoing.views - === OUTGOING_SITE GET === workorder_id=110
[2025-12-04 11:08:10]    INFO quality.outgoing.views - inspection_id=25, status=DRAFT, inspect_qty=0, good_qty=0, defect_qty=0, loss_qty=0, adjust_qty=0
[2025-12-04 11:08:10]    INFO quality.outgoing.views - finished_payload=[]
[2025-12-04 11:08:13]    INFO quality.outgoing.views - === OUTGOING_SITE GET === workorder_id=110
[2025-12-04 11:08:13]    INFO quality.outgoing.views - inspection_id=25, status=DRAFT, inspect_qty=0, good_qty=0, defect_qty=0, loss_qty=0, adjust_qty=0
[2025-12-04 11:08:13]    INFO quality.outgoing.views - finished_payload=[]
[2025-12-04 11:08:56]    INFO quality.outgoing.views - === OUTGOING_SITE GET === workorder_id=108
[2025-12-04 11:08:56]    INFO quality.outgoing.views - inspection_id=23, status=DONE, inspect_qty=94, good_qty=88, defect_qty=9, loss_qty=0, adjust_qty=-3
[2025-12-04 11:08:56]    INFO quality.outgoing.views - finished_payload=[{'seq': 1, 'lot': 'C-20251204-01', 'qty': 25, 'box_size': 25, 'status': 'FULL'}, {'seq': 2, 'lot': 'C-20251204-02', 'qty': 25, 'box_size': 25, 'status': 'FULL'}, {'seq': 3, 'lot': 'C-20251204-03', 'qty': 25, 'box_size': 25, 'status': 'FULL'}, {'seq': 4, 'lot': 'C-20251204-04', 'qty': 13, 'box_size': 25, 'status': 'SHORT'}]
[2025-12-04 11:09:02]    INFO quality.outgoing.views - === OUTGOING_SITE GET === workorder_id=110
[2025-12-04 11:09:02]    INFO quality.outgoing.views - inspection_id=25, status=DRAFT, inspect_qty=0, good_qty=0, defect_qty=0, loss_qty=0, adjust_qty=0
[2025-12-04 11:09:02]    INFO quality.outgoing.views - finished_payload=[]
[2025-12-04 11:12:45]    INFO quality.outgoing.views - === OUTGOING_SITE GET === workorder_id=109
[2025-12-04 11:12:45]    INFO quality.outgoing.views - inspection_id=24, status=DONE, inspect_qty=94, good_qty=88, defect_qty=9, loss_qty=0, adjust_qty=-3
[2025-12-04 11:12:45]    INFO quality.outgoing.views - finished_payload=[{'seq': 1, 'lot': 'C-20251204-05', 'qty': 25, 'box_size': 25, 'status': 'FULL'}, {'seq': 2, 'lot': 'C-20251204-07', 'qty': 25, 'box_size': 25, 'status': 'FULL'}, {'seq': 3, 'lot': 'C-20251204-08', 'qty': 13, 'box_size': 25, 'status': 'SHORT'}, {'seq': 4, 'lot': 'C-20251204-09', 'qty': 25, 'box_size': 25, 'status': 'FULL'}]
[2025-12-04 11:12:50]    INFO quality.outgoing.views - === OUTGOING_SITE GET === workorder_id=110
[2025-12-04 11:12:50]    INFO quality.outgoing.views - inspection_id=25, status=DRAFT, inspect_qty=0, good_qty=0, defect_qty=0, loss_qty=0, adjust_qty=0
[2025-12-04 11:12:50]    INFO quality.outgoing.views - finished_payload=[]
[2025-12-04 11:13:20]    INFO quality.outgoing.views - === OUTGOING_SITE GET === workorder_id=110
[2025-12-04 11:13:20]    INFO quality.outgoing.views - inspection_id=25, status=DRAFT, inspect_qty=0, good_qty=0, defect_qty=0, loss_qty=0, adjust_qty=0
[2025-12-04 11:13:20]    INFO quality.outgoing.views - finished_payload=[]
[2025-12-04 11:13:33]    INFO quality.outgoing.views - === OUTGOING_SITE GET === workorder_id=110
[2025-12-04 11:13:33]    INFO quality.outgoing.views - inspection_id=25, status=DRAFT, inspect_qty=0, good_qty=0, defect_qty=0, loss_qty=0, adjust_qty=0
[2025-12-04 11:13:33]    INFO quality.outgoing.views - finished_payload=[]
[2025-12-04 11:34:20]    INFO quality.outgoing.views - === OUTGOING_SITE GET === workorder_id=110
[2025-12-04 11:34:20]    INFO quality.outgoing.views - inspection_id=25, status=DRAFT, inspect_qty=0, good_qty=0, defect_qty=0, loss_qty=0, adjust_qty=0
[2025-12-04 11:34:20]    INFO quality.outgoing.views - finished_payload=[]
[2025-12-04 11:34:41]    INFO quality.outgoing.views - === OUTGOING_SITE GET === workorder_id=110
[2025-12-04 11:34:41]    INFO quality.outgoing.views - inspection_id=25, status=DRAFT, inspect_qty=0, good_qty=0, defect_qty=0, loss_qty=0, adjust_qty=0
[2025-12-04 11:34:41]    INFO quality.outgoing.views - finished_payload=[]
[2025-12-04 11:35:09]    INFO quality.outgoing.views - === OUTGOING_SITE GET === workorder_id=110
[2025-12-04 11:35:09]    INFO quality.outgoing.views - inspection_id=25, status=DRAFT, inspect_qty=0, good_qty=0, defect_qty=0, loss_qty=0, adjust_qty=0
[2025-12-04 11:35:09]    INFO quality.outgoing.views - finished_payload=[]
[2025-12-04 11:40:30]    INFO quality.outgoing.views - === OUTGOING_SITE GET === workorder_id=110
[2025-12-04 11:40:30]    INFO quality.outgoing.views - inspection_id=25, status=DRAFT, inspect_qty=0, good_qty=0, defect_qty=0, loss_qty=0, adjust_qty=0
[2025-12-04 11:40:30]    INFO quality.outgoing.views - finished_payload=[]
[2025-12-04 11:42:39]    INFO quality.outgoing.views - === OUTGOING_SITE GET === workorder_id=110
[2025-12-04 11:42:39]    INFO quality.outgoing.views - inspection_id=25, status=DRAFT, inspect_qty=0, good_qty=0, defect_qty=0, loss_qty=0, adjust_qty=0
[2025-12-04 11:42:39]    INFO quality.outgoing.views - finished_payload=[]
[2025-12-04 11:43:02]    INFO quality.outgoing.views - === OUTGOING_SITE GET === workorder_id=110
[2025-12-04 11:43:02]    INFO quality.outgoing.views - inspection_id=25, status=DRAFT, inspect_qty=0, good_qty=0, defect_qty=0, loss_qty=0, adjust_qty=0
[2025-12-04 11:43:02]    INFO quality.outgoing.views - finished_payload=[]
[2025-12-04 11:47:05]    INFO quality.outgoing.views - === OUTGOING_SITE GET === workorder_id=110
[2025-12-04 11:47:05]    INFO quality.outgoing.views - inspection_id=25, status=DRAFT, inspect_qty=0, good_qty=0, defect_qty=0, loss_qty=0, adjust_qty=0
[2025-12-04 11:47:05]    INFO quality.outgoing.views - finished_payload=[]
[2025-12-04 11:52:45]    INFO quality.outgoing.views - === OUTGOING_SITE GET === workorder_id=110
[2025-12-04 11:52:45]    INFO quality.outgoing.views - inspection_id=25, status=DRAFT, inspect_qty=0, good_qty=0, defect_qty=0, loss_qty=0, adjust_qty=0
[2025-12-04 11:52:45]    INFO quality.outgoing.views - finished_payload=[]
[2025-12-04 11:53:04]    INFO quality.outgoing.views - === OUTGOING_SITE GET === workorder_id=110
[2025-12-04 11:53:04]    INFO quality.outgoing.views - inspection_id=25, status=DONE, inspect_qty=96, good_qty=90, defect_qty=8, loss_qty=0, adjust_qty=-2
[2025-12-04 11:53:04]    INFO quality.outgoing.views - finished_payload=[{'seq': 1, 'lot': 'C-20251204-10', 'qty': 25, 'box_size': 25, 'status': 'FULL'}, {'seq': 2, 'lot': 'C-20251204-11', 'qty': 25, 'box_size': 25, 'status': 'FULL'}, {'seq': 3, 'lot': 'C-20251204-12', 'qty': 25, 'box_size': 25, 'status': 'FULL'}, {'seq': 4, 'lot': 'C-20251204-13', 'qty': 15, 'box_size': 25, 'status': 'SHORT'}]
[2025-12-04 11:53:18]    INFO quality.outgoing.views - === OUTGOING_SITE GET === workorder_id=111
[2025-12-04 11:53:18]    INFO quality.outgoing.views - inspection_id=26, status=DRAFT, inspect_qty=0, good_qty=0, defect_qty=0, loss_qty=0, adjust_qty=0
[2025-12-04 11:53:18]    INFO quality.outgoing.views - finished_payload=[]
[2025-12-04 13:28:30]    INFO quality.outgoing.views - === OUTGOING_SITE GET === workorder_id=111
[2025-12-04 13:28:30]    INFO quality.outgoing.views - inspection_id=26, status=DRAFT, inspect_qty=0, good_qty=0, defect_qty=0, loss_qty=0, adjust_qty=0
[2025-12-04 13:28:30]    INFO quality.outgoing.views - finished_payload=[]
[2025-12-04 13:28:31] WARNING django.request - Not Found: /.well-known/appspecific/com.chrome.devtools.json
[2025-12-04 13:28:34]    INFO quality.outgoing.views - === OUTGOING_SITE GET === workorder_id=111
[2025-12-04 13:28:34]    INFO quality.outgoing.views - inspection_id=26, status=DRAFT, inspect_qty=0, good_qty=0, defect_qty=0, loss_qty=0, adjust_qty=0
[2025-12-04 13:28:34]    INFO quality.outgoing.views - finished_payload=[]
[2025-12-04 13:28:34] WARNING django.request - Not Found: /.well-known/appspecific/com.chrome.devtools.json
[2025-12-04 13:29:02]    INFO quality.outgoing.views - === OUTGOING_SITE GET === workorder_id=111
[2025-12-04 13:29:02]    INFO quality.outgoing.views - inspection_id=26, status=DONE, inspect_qty=111, good_qty=106, defect_qty=7, loss_qty=0, adjust_qty=-2
[2025-12-04 13:29:02]    INFO quality.outgoing.views - finished_payload=[{'seq': 1, 'lot': 'C-20251204-14', 'qty': 15, 'box_size': 25, 'status': 'SHORT'}, {'seq': 2, 'lot': 'C-20251204-15', 'qty': 25, 'box_size': 25, 'status': 'FULL'}, {'seq': 3, 'lot': 'C-20251204-16', 'qty': 25, 'box_size': 25, 'status': 'FULL'}, {'seq': 4, 'lot': 'C-20251204-17', 'qty': 25, 'box_size': 25, 'status': 'FULL'}, {'seq': 5, 'lot': 'C-20251204-18', 'qty': 16, 'box_size': 25, 'status': 'SHORT'}]
[2025-12-04 13:29:02] WARNING django.request - Not Found: /.well-known/appspecific/com.chrome.devtools.json
[2025-12-04 13:29:49] WARNING django.request - Not Found: /.well-known/appspecific/com.chrome.devtools.json
[2025-12-04 13:29:58] WARNING django.request - Not Found: /.well-known/appspecific/com.chrome.devtools.json
[2025-12-04 13:29:59]    INFO quality.outgoing.views - === OUTGOING_SITE GET === workorder_id=112
[2025-12-04 13:29:59]    INFO quality.outgoing.views - inspection_id=27, status=DRAFT, inspect_qty=0, good_qty=0, defect_qty=0, loss_qty=0, adjust_qty=0
[2025-12-04 13:29:59]    INFO quality.outgoing.views - finished_payload=[]
[2025-12-04 13:29:59] WARNING django.request - Not Found: /.well-known/appspecific/com.chrome.devtools.json
[2025-12-04 13:30:37]    INFO quality.outgoing.views - === OUTGOING_SITE GET === workorder_id=112
[2025-12-04 13:30:37]    INFO quality.outgoing.views - inspection_id=27, status=DONE, inspect_qty=100, good_qty=100, defect_qty=0, loss_qty=0, adjust_qty=0
[2025-12-04 13:30:37]    INFO quality.outgoing.views - finished_payload=[{'seq': 1, 'lot': 'C-20251204-19', 'qty': 25, 'box_size': 25, 'status': 'FULL'}, {'seq': 2, 'lot': 'C-20251204-20', 'qty': 25, 'box_size': 25, 'status': 'FULL'}, {'seq': 3, 'lot': 'C-20251204-21', 'qty': 25, 'box_size': 25, 'status': 'FULL'}, {'seq': 4, 'lot': 'C-20251204-22', 'qty': 25, 'box_size': 25, 'status': 'FULL'}]
[2025-12-04 13:30:37] WARNING django.request - Not Found: /.well-known/appspecific/com.chrome.devtools.json
[2025-12-04 13:33:18] WARNING django.request - Not Found: /.well-known/appspecific/com.chrome.devtools.json
[2025-12-04 13:33:19]    INFO quality.outgoing.views - === OUTGOING_SITE GET === workorder_id=112
[2025-12-04 13:33:19]    INFO quality.outgoing.views - inspection_id=27, status=DONE, inspect_qty=100, good_qty=100, defect_qty=0, loss_qty=0, adjust_qty=0
[2025-12-04 13:33:19]    INFO quality.outgoing.views - finished_payload=[{'seq': 1, 'lot': 'C-20251204-19', 'qty': 25, 'box_size': 25, 'status': 'FULL'}, {'seq': 2, 'lot': 'C-20251204-20', 'qty': 25, 'box_size': 25, 'status': 'FULL'}, {'seq': 3, 'lot': 'C-20251204-21', 'qty': 25, 'box_size': 25, 'status': 'FULL'}, {'seq': 4, 'lot': 'C-20251204-22', 'qty': 25, 'box_size': 25, 'status': 'FULL'}]
[2025-12-04 13:33:19] WARNING django.request - Not Found: /.well-known/appspecific/com.chrome.devtools.json
[2025-12-04 13:33:34] WARNING django.request - Not Found: /.well-known/appspecific/com.chrome.devtools.json
[2025-12-04 13:36:36] WARNING django.request - Not Found: /.well-known/appspecific/com.chrome.devtools.json
[2025-12-04 13:36:38]    INFO quality.outgoing.views - === OUTGOING_SITE GET === workorder_id=113
[2025-12-04 13:36:38]    INFO quality.outgoing.views - inspection_id=28, status=DRAFT, inspect_qty=0, good_qty=0, defect_qty=0, loss_qty=0, adjust_qty=0
[2025-12-04 13:36:38]    INFO quality.outgoing.views - finished_payload=[]
[2025-12-04 13:36:38] WARNING django.request - Not Found: /.well-known/appspecific/com.chrome.devtools.json
[2025-12-04 13:37:19]    INFO quality.outgoing.views - === OUTGOING_SITE GET === workorder_id=113
[2025-12-04 13:37:19]    INFO quality.outgoing.views - inspection_id=28, status=HOLD, inspect_qty=28, good_qty=28, defect_qty=0, loss_qty=0, adjust_qty=0
[2025-12-04 13:37:19]    INFO quality.outgoing.views - finished_payload=[{'seq': 1, 'lot': 'C-20251204-23', 'qty': 13, 'box_size': 25, 'status': 'SHORT'}, {'seq': 2, 'lot': 'C-20251204-24', 'qty': 15, 'box_size': 25, 'status': 'SHORT'}]
[2025-12-04 13:37:19] WARNING django.request - Not Found: /.well-known/appspecific/com.chrome.devtools.json
[2025-12-04 13:37:42]    INFO quality.outgoing.views - === OUTGOING_SITE GET === workorder_id=113
[2025-12-04 13:37:42]    INFO quality.outgoing.views - inspection_id=28, status=HOLD, inspect_qty=28, good_qty=28, defect_qty=0, loss_qty=0, adjust_qty=0
[2025-12-04 13:37:42]    INFO quality.outgoing.views - finished_payload=[{'seq': 1, 'lot': 'C-20251204-23', 'qty': 13, 'box_size': 25, 'status': 'SHORT'}, {'seq': 2, 'lot': 'C-20251204-24', 'qty': 15, 'box_size': 25, 'status': 'SHORT'}]
[2025-12-04 13:37:42] WARNING django.request - Not Found: /.well-known/appspecific/com.chrome.devtools.json
[2025-12-04 13:38:07]    INFO quality.outgoing.views - === OUTGOING_SITE GET === workorder_id=113
[2025-12-04 13:38:07]    INFO quality.outgoing.views - inspection_id=28, status=DONE, inspect_qty=100, good_qty=100, defect_qty=0, loss_qty=0, adjust_qty=0
[2025-12-04 13:38:07]    INFO quality.outgoing.views - finished_payload=[{'seq': 1, 'lot': 'C-20251204-23', 'qty': 13, 'box_size': 25, 'status': 'SHORT'}, {'seq': 2, 'lot': 'C-20251204-24', 'qty': 15, 'box_size': 25, 'status': 'SHORT'}, {'seq': 3, 'lot': 'C-20251204-25', 'qty': 25, 'box_size': 25, 'status': 'FULL'}, {'seq': 4, 'lot': 'C-20251204-26', 'qty': 25, 'box_size': 25, 'status': 'FULL'}, {'seq': 5, 'lot': 'C-20251204-27', 'qty': 22, 'box_size': 25, 'status': 'SHORT'}]
[2025-12-04 13:38:07] WARNING django.request - Not Found: /.well-known/appspecific/com.chrome.devtools.json
[2025-12-04 13:38:09] WARNING django.request - Not Found: /.well-known/appspecific/com.chrome.devtools.json
[2025-12-04 13:38:10]    INFO quality.outgoing.views - === OUTGOING_SITE GET === workorder_id=114
[2025-12-04 13:38:10]    INFO quality.outgoing.views - inspection_id=29, status=DRAFT, inspect_qty=0, good_qty=0, defect_qty=0, loss_qty=0, adjust_qty=0
[2025-12-04 13:38:10]    INFO quality.outgoing.views - finished_payload=[]
[2025-12-04 13:38:11] WARNING django.request - Not Found: /.well-known/appspecific/com.chrome.devtools.json
[2025-12-04 13:38:53]    INFO quality.outgoing.views - === OUTGOING_SITE GET === workorder_id=114
[2025-12-04 13:38:53]    INFO quality.outgoing.views - inspection_id=29, status=DRAFT, inspect_qty=0, good_qty=0, defect_qty=0, loss_qty=0, adjust_qty=0
[2025-12-04 13:38:53]    INFO quality.outgoing.views - finished_payload=[]
[2025-12-04 13:38:53] WARNING django.request - Not Found: /.well-known/appspecific/com.chrome.devtools.json
[2025-12-04 13:52:28]    INFO quality.outgoing.views - === OUTGOING_SITE GET === workorder_id=114
[2025-12-04 13:52:28]    INFO quality.outgoing.views - inspection_id=29, status=DRAFT, inspect_qty=0, good_qty=0, defect_qty=0, loss_qty=0, adjust_qty=0
[2025-12-04 13:52:28]    INFO quality.outgoing.views - finished_payload=[]
[2025-12-04 13:52:28] WARNING django.request - Not Found: /.well-known/appspecific/com.chrome.devtools.json
[2025-12-04 13:54:01]    INFO quality.outgoing.views - === OUTGOING_SITE GET === workorder_id=114
[2025-12-04 13:54:01]    INFO quality.outgoing.views - inspection_id=29, status=DRAFT, inspect_qty=0, good_qty=0, defect_qty=0, loss_qty=0, adjust_qty=0
[2025-12-04 13:54:01]    INFO quality.outgoing.views - finished_payload=[]
[2025-12-04 13:54:01] WARNING django.request - Not Found: /.well-known/appspecific/com.chrome.devtools.json
[2025-12-04 14:29:17]    INFO django.utils.autoreload - E:\pythonspace\skerp_project\quality\outgoing\views.py changed, reloading.
[2025-12-04 14:29:18]    INFO django.utils.autoreload - Watching for file changes with StatReloader
[2025-12-04 14:30:18]    INFO django.utils.autoreload - E:\pythonspace\skerp_project\quality\outgoing\views.py changed, reloading.
[2025-12-04 14:30:19]    INFO django.utils.autoreload - Watching for file changes with StatReloader
[2025-12-04 14:33:35]    INFO django.utils.autoreload - E:\pythonspace\skerp_project\quality\outgoing\views.py changed, reloading.
[2025-12-04 14:33:36]    INFO django.utils.autoreload - Watching for file changes with StatReloader
[2025-12-04 14:35:37]    INFO django.utils.autoreload - E:\pythonspace\skerp_project\quality\inspections\models.py changed, reloading.
[2025-12-04 14:35:38]    INFO django.utils.autoreload - Watching for file changes with StatReloader
[2025-12-04 14:52:51]    INFO django.utils.autoreload - E:\pythonspace\skerp_project\quality\outgoing\views.py changed, reloading.
[2025-12-04 14:52:52]    INFO django.utils.autoreload - Watching for file changes with StatReloader
[2025-12-04 14:57:06]    INFO quality.outgoing.views - === OUTGOING_SITE GET === workorder_id=114
[2025-12-04 14:57:06]    INFO quality.outgoing.views - inspection_id=29, status=DRAFT, inspect_qty=0, good_qty=0, defect_qty=0, loss_qty=0, adjust_qty=0
[2025-12-04 14:57:06]    INFO quality.outgoing.views - finished_payload=[]
[2025-12-04 14:57:06] WARNING django.request - Not Found: /.well-known/appspecific/com.chrome.devtools.json
[2025-12-04 14:57:50]    INFO quality.outgoing.views - === OUTGOING_SITE GET === workorder_id=114
[2025-12-04 14:57:50]    INFO quality.outgoing.views - inspection_id=29, status=DONE, inspect_qty=96, good_qty=94, defect_qty=4, loss_qty=0, adjust_qty=-2
[2025-12-04 14:57:50]    INFO quality.outgoing.views - finished_payload=[{'seq': 1, 'lot': 'C-20251204-08', 'qty': 25, 'box_size': 25, 'status': 'FULL'}, {'seq': 2, 'lot': 'C-20251204-28', 'qty': 25, 'box_size': 25, 'status': 'FULL'}, {'seq': 3, 'lot': 'C-20251204-29', 'qty': 25, 'box_size': 25, 'status': 'FULL'}, {'seq': 4, 'lot': 'C-20251204-30', 'qty': 25, 'box_size': 25, 'status': 'FULL'}, {'seq': 5, 'lot': 'C-20251204-31', 'qty': 7, 'box_size': 25, 'status': 'SHORT'}]
[2025-12-04 14:57:50] WARNING django.request - Not Found: /.well-known/appspecific/com.chrome.devtools.json
[2025-12-04 15:01:50] WARNING django.request - Not Found: /.well-known/appspecific/com.chrome.devtools.json
[2025-12-04 15:01:51]    INFO quality.outgoing.views - === OUTGOING_SITE GET === workorder_id=115
[2025-12-04 15:01:51]    INFO quality.outgoing.views - inspection_id=30, status=DRAFT, inspect_qty=0, good_qty=0, defect_qty=0, loss_qty=0, adjust_qty=0
[2025-12-04 15:01:51]    INFO quality.outgoing.views - finished_payload=[]
[2025-12-04 15:01:51] WARNING django.request - Not Found: /.well-known/appspecific/com.chrome.devtools.json
[2025-12-04 15:05:54]    INFO quality.outgoing.views - === OUTGOING_SITE GET === workorder_id=115
[2025-12-04 15:05:54]    INFO quality.outgoing.views - inspection_id=30, status=DONE, inspect_qty=100, good_qty=100, defect_qty=0, loss_qty=0, adjust_qty=0
[2025-12-04 15:05:54]    INFO quality.outgoing.views - finished_payload=[{'seq': 1, 'lot': 'C-20251204-13', 'qty': 25, 'box_size': 25, 'status': 'FULL'}, {'seq': 2, 'lot': 'C-20251204-32', 'qty': 25, 'box_size': 25, 'status': 'FULL'}, {'seq': 3, 'lot': 'C-20251204-33', 'qty': 25, 'box_size': 25, 'status': 'FULL'}, {'seq': 4, 'lot': 'C-20251204-34', 'qty': 25, 'box_size': 25, 'status': 'FULL'}, {'seq': 5, 'lot': 'C-20251204-35', 'qty': 15, 'box_size': 25, 'status': 'SHORT'}]
[2025-12-04 15:05:54] WARNING django.request - Not Found: /.well-known/appspecific/com.chrome.devtools.json
[2025-12-04 15:06:01] WARNING django.request - Not Found: /.well-known/appspecific/com.chrome.devtools.json
[2025-12-04 15:06:05] WARNING django.request - Not Found: /.well-known/appspecific/com.chrome.devtools.json
[2025-12-04 15:07:47] WARNING django.request - Not Found: /.well-known/appspecific/com.chrome.devtools.json
[2025-12-04 15:08:37]    INFO quality.outgoing.views - === OUTGOING_SITE GET === workorder_id=116
[2025-12-04 15:08:37]    INFO quality.outgoing.views - inspection_id=31, status=DRAFT, inspect_qty=0, good_qty=0, defect_qty=0, loss_qty=0, adjust_qty=0
[2025-12-04 15:08:37]    INFO quality.outgoing.views - finished_payload=[]
[2025-12-04 15:08:37] WARNING django.request - Not Found: /.well-known/appspecific/com.chrome.devtools.json
[2025-12-04 15:10:17]    INFO quality.outgoing.views - === OUTGOING_SITE GET === workorder_id=116
[2025-12-04 15:10:17]    INFO quality.outgoing.views - inspection_id=31, status=DONE, inspect_qty=100, good_qty=97, defect_qty=3, loss_qty=0, adjust_qty=0
[2025-12-04 15:10:17]    INFO quality.outgoing.views - finished_payload=[{'seq': 1, 'lot': 'C-20251204-36', 'qty': 25, 'box_size': 25, 'status': 'FULL'}, {'seq': 2, 'lot': 'C-20251204-37', 'qty': 25, 'box_size': 25, 'status': 'FULL'}, {'seq': 3, 'lot': 'C-20251204-38', 'qty': 25, 'box_size': 25, 'status': 'FULL'}, {'seq': 4, 'lot': 'C-20251204-39', 'qty': 22, 'box_size': 25, 'status': 'SHORT'}]
[2025-12-04 15:10:17] WARNING django.request - Not Found: /.well-known/appspecific/com.chrome.devtools.json
[2025-12-04 15:10:26] WARNING django.request - Not Found: /.well-known/appspecific/com.chrome.devtools.json
[2025-12-04 15:10:28]    INFO quality.outgoing.views - === OUTGOING_SITE GET === workorder_id=117
[2025-12-04 15:10:28]    INFO quality.outgoing.views - inspection_id=32, status=DRAFT, inspect_qty=0, good_qty=0, defect_qty=0, loss_qty=0, adjust_qty=0
[2025-12-04 15:10:28]    INFO quality.outgoing.views - finished_payload=[]
[2025-12-04 15:10:28] WARNING django.request - Not Found: /.well-known/appspecific/com.chrome.devtools.json
[2025-12-04 15:11:20]    INFO quality.outgoing.views - === OUTGOING_SITE GET === workorder_id=117
[2025-12-04 15:11:20]    INFO quality.outgoing.views - inspection_id=32, status=DONE, inspect_qty=100, good_qty=98, defect_qty=2, loss_qty=0, adjust_qty=0
[2025-12-04 15:11:20]    INFO quality.outgoing.views - finished_payload=[{'seq': 1, 'lot': 'C-20251204-40', 'qty': 25, 'box_size': 25, 'status': 'FULL'}, {'seq': 2, 'lot': 'C-20251204-41', 'qty': 25, 'box_size': 25, 'status': 'FULL'}, {'seq': 3, 'lot': 'C-20251204-39', 'qty': 25, 'box_size': 25, 'status': 'FULL'}, {'seq': 4, 'lot': 'C-20251204-42', 'qty': 25, 'box_size': 25, 'status': 'FULL'}, {'seq': 5, 'lot': 'C-20251204-43', 'qty': 20, 'box_size': 25, 'status': 'SHORT'}]
[2025-12-04 15:11:20] WARNING django.request - Not Found: /.well-known/appspecific/com.chrome.devtools.json
[2025-12-04 15:31:00] WARNING django.request - Not Found: /.well-known/appspecific/com.chrome.devtools.json
[2025-12-04 15:32:07]    INFO quality.outgoing.views - === OUTGOING_SITE GET === workorder_id=108
[2025-12-04 15:32:07]    INFO quality.outgoing.views - inspection_id=23, status=DONE, inspect_qty=94, good_qty=88, defect_qty=9, loss_qty=0, adjust_qty=-3
[2025-12-04 15:32:07]    INFO quality.outgoing.views - finished_payload=[{'seq': 1, 'lot': 'C-20251204-01', 'qty': 25, 'box_size': 25, 'status': 'FULL'}, {'seq': 2, 'lot': 'C-20251204-02', 'qty': 25, 'box_size': 25, 'status': 'FULL'}, {'seq': 3, 'lot': 'C-20251204-03', 'qty': 25, 'box_size': 25, 'status': 'FULL'}, {'seq': 4, 'lot': 'C-20251204-04', 'qty': 13, 'box_size': 25, 'status': 'SHORT'}]
[2025-12-04 15:36:44]    INFO quality.outgoing.views - === OUTGOING_SITE GET === workorder_id=108
[2025-12-04 15:36:44]    INFO quality.outgoing.views - inspection_id=23, status=DONE, inspect_qty=94, good_qty=88, defect_qty=9, loss_qty=0, adjust_qty=-3
[2025-12-04 15:36:44]    INFO quality.outgoing.views - finished_payload=[{'seq': 1, 'lot': 'C-20251204-01', 'qty': 25, 'box_size': 25, 'status': 'FULL'}, {'seq': 2, 'lot': 'C-20251204-02', 'qty': 25, 'box_size': 25, 'status': 'FULL'}, {'seq': 3, 'lot': 'C-20251204-03', 'qty': 25, 'box_size': 25, 'status': 'FULL'}, {'seq': 4, 'lot': 'C-20251204-04', 'qty': 13, 'box_size': 25, 'status': 'SHORT'}]
[2025-12-04 15:36:51]    INFO quality.outgoing.views - === OUTGOING_SITE GET === workorder_id=119
[2025-12-04 15:36:51]    INFO quality.outgoing.views - inspection_id=33, status=DRAFT, inspect_qty=0, good_qty=0, defect_qty=0, loss_qty=0, adjust_qty=0
[2025-12-04 15:36:51]    INFO quality.outgoing.views - finished_payload=[]
[2025-12-04 15:36:53]    INFO quality.outgoing.views - === OUTGOING_SITE GET === workorder_id=118
[2025-12-04 15:36:53]    INFO quality.outgoing.views - inspection_id=34, status=DRAFT, inspect_qty=0, good_qty=0, defect_qty=0, loss_qty=0, adjust_qty=0
[2025-12-04 15:36:53]    INFO quality.outgoing.views - finished_payload=[]
[2025-12-04 15:37:03]    INFO quality.outgoing.views - === OUTGOING_SITE GET === workorder_id=117
[2025-12-04 15:37:03]    INFO quality.outgoing.views - inspection_id=32, status=DONE, inspect_qty=100, good_qty=98, defect_qty=2, loss_qty=0, adjust_qty=0
[2025-12-04 15:37:03]    INFO quality.outgoing.views - finished_payload=[{'seq': 1, 'lot': 'C-20251204-40', 'qty': 25, 'box_size': 25, 'status': 'FULL'}, {'seq': 2, 'lot': 'C-20251204-41', 'qty': 25, 'box_size': 25, 'status': 'FULL'}, {'seq': 3, 'lot': 'C-20251204-39', 'qty': 25, 'box_size': 25, 'status': 'FULL'}, {'seq': 4, 'lot': 'C-20251204-42', 'qty': 25, 'box_size': 25, 'status': 'FULL'}, {'seq': 5, 'lot': 'C-20251204-43', 'qty': 20, 'box_size': 25, 'status': 'SHORT'}]
[2025-12-04 15:37:10]    INFO quality.outgoing.views - === OUTGOING_SITE GET === workorder_id=108
[2025-12-04 15:37:10]    INFO quality.outgoing.views - inspection_id=23, status=DONE, inspect_qty=94, good_qty=88, defect_qty=9, loss_qty=0, adjust_qty=-3
[2025-12-04 15:37:10]    INFO quality.outgoing.views - finished_payload=[{'seq': 1, 'lot': 'C-20251204-01', 'qty': 25, 'box_size': 25, 'status': 'FULL'}, {'seq': 2, 'lot': 'C-20251204-02', 'qty': 25, 'box_size': 25, 'status': 'FULL'}, {'seq': 3, 'lot': 'C-20251204-03', 'qty': 25, 'box_size': 25, 'status': 'FULL'}, {'seq': 4, 'lot': 'C-20251204-04', 'qty': 13, 'box_size': 25, 'status': 'SHORT'}]
[2025-12-04 15:45:04]    INFO django.utils.autoreload - E:\pythonspace\skerp_project\quality\outgoing\views.py changed, reloading.
[2025-12-04 15:45:05]    INFO django.utils.autoreload - Watching for file changes with StatReloader
[2025-12-04 15:46:50]    INFO quality.outgoing.views - === OUTGOING_SITE GET === workorder_id=118
[2025-12-04 15:46:50]    INFO quality.outgoing.views - inspection_id=34, status=DRAFT, inspect_qty=0, good_qty=0, defect_qty=0, loss_qty=0, adjust_qty=0
[2025-12-04 15:46:50]    INFO quality.outgoing.views - finished_payload=[]
[2025-12-04 16:53:48]    INFO quality.outgoing.views - === OUTGOING_SITE GET === workorder_id=118
[2025-12-04 16:53:48]    INFO quality.outgoing.views - inspection_id=34, status=DRAFT, inspect_qty=0, good_qty=0, defect_qty=0, loss_qty=0, adjust_qty=0
[2025-12-04 16:53:48]    INFO quality.outgoing.views - finished_payload=[]
[2025-12-04 17:00:40] WARNING django.request - Not Found: /favicon.ico
[2025-12-04 17:01:52] WARNING django.request - Not Found: /sitemap.xml
[2025-12-04 18:26:06] WARNING django.request - Not Found: /favicon.ico
