[2025-11-07 10:42:17]    INFO django.utils.autoreload - Watching for file changes with StatReloader
[2025-11-07 10:42:44]    INFO django.utils.autoreload - E:\pythonspace\skerp_project\purchase\models.py changed, reloading.
[2025-11-07 10:42:45]    INFO django.utils.autoreload - Watching for file changes with StatReloader
[2025-11-07 10:51:01]    INFO django.utils.autoreload - E:\pythonspace\skerp_project\purchase\views\unified.py changed, reloading.
[2025-11-07 10:51:02]    INFO django.utils.autoreload - Watching for file changes with StatReloader
[2025-11-07 10:52:11]    INFO django.utils.autoreload - E:\pythonspace\skerp_project\purchase\views\unified.py changed, reloading.
[2025-11-07 10:52:12]    INFO django.utils.autoreload - Watching for file changes with StatReloader
[2025-11-07 10:54:28] WARNING django.request - Not Found: /.well-known/appspecific/com.chrome.devtools.json
[2025-11-07 11:04:46] WARNING django.request - Not Found: /.well-known/appspecific/com.chrome.devtools.json
[2025-11-07 11:05:07] WARNING django.request - Not Found: /.well-known/appspecific/com.chrome.devtools.json
[2025-11-07 11:10:38] WARNING django.request - Not Found: /.well-known/appspecific/com.chrome.devtools.json
[2025-11-07 11:10:38] WARNING django.request - Not Found: /.well-known/appspecific/com.chrome.devtools.json
[2025-11-07 11:10:39] WARNING django.request - Not Found: /.well-known/appspecific/com.chrome.devtools.json
[2025-11-07 11:10:59] WARNING django.request - Not Found: /.well-known/appspecific/com.chrome.devtools.json
[2025-11-07 11:11:03] WARNING django.request - Not Found: /.well-known/appspecific/com.chrome.devtools.json
[2025-11-07 11:11:15] WARNING django.request - Not Found: /.well-known/appspecific/com.chrome.devtools.json
[2025-11-07 11:11:23] WARNING django.request - Not Found: /.well-known/appspecific/com.chrome.devtools.json
[2025-11-07 11:11:32] WARNING django.request - Not Found: /.well-known/appspecific/com.chrome.devtools.json
[2025-11-07 11:11:32] WARNING django.request - Not Found: /.well-known/appspecific/com.chrome.devtools.json
[2025-11-07 11:12:10] WARNING django.request - Not Found: /.well-known/appspecific/com.chrome.devtools.json
[2025-11-07 11:13:18] WARNING django.request - Not Found: /.well-known/appspecific/com.chrome.devtools.json
[2025-11-07 11:13:18] WARNING django.request - Not Found: /.well-known/appspecific/com.chrome.devtools.json
[2025-11-07 11:13:20] WARNING django.request - Not Found: /.well-known/appspecific/com.chrome.devtools.json
[2025-11-07 11:13:21] WARNING django.request - Not Found: /.well-known/appspecific/com.chrome.devtools.json
[2025-11-07 11:13:21] WARNING django.request - Not Found: /.well-known/appspecific/com.chrome.devtools.json
[2025-11-07 11:13:23] WARNING django.request - Not Found: /.well-known/appspecific/com.chrome.devtools.json
[2025-11-07 11:13:46] WARNING django.request - Not Found: /.well-known/appspecific/com.chrome.devtools.json
[2025-11-07 11:13:46] WARNING django.request - Not Found: /.well-known/appspecific/com.chrome.devtools.json
[2025-11-07 11:13:52] WARNING django.request - Not Found: /.well-known/appspecific/com.chrome.devtools.json
[2025-11-07 11:16:01] WARNING django.request - Not Found: /.well-known/appspecific/com.chrome.devtools.json
[2025-11-07 11:16:01] WARNING django.request - Not Found: /.well-known/appspecific/com.chrome.devtools.json
[2025-11-07 11:16:07] WARNING django.request - Not Found: /.well-known/appspecific/com.chrome.devtools.json
[2025-11-07 11:17:35] WARNING django.request - Not Found: /.well-known/appspecific/com.chrome.devtools.json
[2025-11-07 11:17:35] WARNING django.request - Not Found: /.well-known/appspecific/com.chrome.devtools.json
[2025-11-07 11:17:41] WARNING django.request - Not Found: /.well-known/appspecific/com.chrome.devtools.json
[2025-11-07 11:17:42] WARNING django.request - Not Found: /.well-known/appspecific/com.chrome.devtools.json
[2025-11-07 11:17:42] WARNING django.request - Not Found: /.well-known/appspecific/com.chrome.devtools.json
[2025-11-07 11:17:47] WARNING django.request - Not Found: /.well-known/appspecific/com.chrome.devtools.json
[2025-11-07 11:17:53] WARNING django.request - Not Found: /.well-known/appspecific/com.chrome.devtools.json
[2025-11-07 11:17:53] WARNING django.request - Not Found: /.well-known/appspecific/com.chrome.devtools.json
[2025-11-07 11:17:56] WARNING django.request - Not Found: /.well-known/appspecific/com.chrome.devtools.json
[2025-11-07 11:17:58] WARNING django.request - Not Found: /.well-known/appspecific/com.chrome.devtools.json
[2025-11-07 11:17:58] WARNING django.request - Not Found: /.well-known/appspecific/com.chrome.devtools.json
[2025-11-07 11:18:04] WARNING django.request - Not Found: /.well-known/appspecific/com.chrome.devtools.json
[2025-11-07 11:19:21] WARNING django.request - Not Found: /.well-known/appspecific/com.chrome.devtools.json
[2025-11-07 11:19:36] WARNING django.request - Not Found: /.well-known/appspecific/com.chrome.devtools.json
[2025-11-07 11:20:14] WARNING django.request - Not Found: /.well-known/appspecific/com.chrome.devtools.json
[2025-11-07 11:20:14] WARNING django.request - Not Found: /.well-known/appspecific/com.chrome.devtools.json
[2025-11-07 11:20:26] WARNING django.request - Not Found: /.well-known/appspecific/com.chrome.devtools.json
[2025-11-07 11:21:57] WARNING django.request - Not Found: /.well-known/appspecific/com.chrome.devtools.json
[2025-11-07 11:21:57] WARNING django.request - Not Found: /.well-known/appspecific/com.chrome.devtools.json
[2025-11-07 11:25:38] WARNING django.request - Not Found: /.well-known/appspecific/com.chrome.devtools.json
[2025-11-07 11:26:21] WARNING django.request - Not Found: /.well-known/appspecific/com.chrome.devtools.json
[2025-11-07 11:26:21] WARNING django.request - Not Found: /.well-known/appspecific/com.chrome.devtools.json
[2025-11-07 11:26:22] WARNING django.request - Not Found: /.well-known/appspecific/com.chrome.devtools.json
[2025-11-07 11:26:31] WARNING django.request - Not Found: /.well-known/appspecific/com.chrome.devtools.json
[2025-11-07 11:26:31] WARNING django.request - Not Found: /.well-known/appspecific/com.chrome.devtools.json
[2025-11-07 11:26:39] WARNING django.request - Not Found: /.well-known/appspecific/com.chrome.devtools.json
[2025-11-07 11:28:08] WARNING django.request - Not Found: /.well-known/appspecific/com.chrome.devtools.json
[2025-11-07 11:28:12] WARNING django.request - Not Found: /.well-known/appspecific/com.chrome.devtools.json
[2025-11-07 11:29:28] WARNING django.request - Not Found: /.well-known/appspecific/com.chrome.devtools.json
[2025-11-07 11:29:28] WARNING django.request - Not Found: /.well-known/appspecific/com.chrome.devtools.json
[2025-11-07 11:29:33] WARNING django.request - Not Found: /.well-known/appspecific/com.chrome.devtools.json
[2025-11-07 11:29:36] WARNING django.request - Not Found: /.well-known/appspecific/com.chrome.devtools.json
[2025-11-07 11:29:36] WARNING django.request - Not Found: /.well-known/appspecific/com.chrome.devtools.json
[2025-11-07 11:29:37] WARNING django.request - Not Found: /.well-known/appspecific/com.chrome.devtools.json
[2025-11-07 11:29:37] WARNING django.request - Not Found: /.well-known/appspecific/com.chrome.devtools.json
[2025-11-07 11:29:37] WARNING django.request - Not Found: /.well-known/appspecific/com.chrome.devtools.json
[2025-11-07 11:29:37] WARNING django.request - Not Found: /.well-known/appspecific/com.chrome.devtools.json
[2025-11-07 11:29:40] WARNING django.request - Not Found: /.well-known/appspecific/com.chrome.devtools.json
[2025-11-07 11:29:40] WARNING django.request - Not Found: /.well-known/appspecific/com.chrome.devtools.json
[2025-11-07 11:29:42] WARNING django.request - Not Found: /.well-known/appspecific/com.chrome.devtools.json
[2025-11-07 11:29:42] WARNING django.request - Not Found: /.well-known/appspecific/com.chrome.devtools.json
[2025-11-07 11:29:44] WARNING django.request - Not Found: /.well-known/appspecific/com.chrome.devtools.json
[2025-11-07 13:02:09]    INFO django.utils.autoreload - E:\pythonspace\skerp_project\purchase\views\unified.py changed, reloading.
[2025-11-07 13:02:09]    INFO django.utils.autoreload - Watching for file changes with StatReloader
[2025-11-07 13:04:00]    INFO django.utils.autoreload - E:\pythonspace\skerp_project\purchase\views\unified.py changed, reloading.
[2025-11-07 13:04:00]    INFO django.utils.autoreload - Watching for file changes with StatReloader
[2025-11-07 13:05:51]    INFO django.utils.autoreload - E:\pythonspace\skerp_project\purchase\views\unified.py changed, reloading.
[2025-11-07 13:05:52]    INFO django.utils.autoreload - Watching for file changes with StatReloader
[2025-11-07 13:07:28] WARNING django.request - Not Found: /.well-known/appspecific/com.chrome.devtools.json
[2025-11-07 13:07:31] WARNING django.request - Not Found: /.well-known/appspecific/com.chrome.devtools.json
[2025-11-07 13:07:34] WARNING django.request - Not Found: /.well-known/appspecific/com.chrome.devtools.json
[2025-11-07 13:07:44] WARNING django.request - Not Found: /.well-known/appspecific/com.chrome.devtools.json
[2025-11-07 13:12:04] WARNING django.request - Not Found: /.well-known/appspecific/com.chrome.devtools.json
[2025-11-07 13:12:19] WARNING django.request - Not Found: /.well-known/appspecific/com.chrome.devtools.json
[2025-11-07 13:12:23] WARNING django.request - Not Found: /.well-known/appspecific/com.chrome.devtools.json
[2025-11-07 13:12:27] WARNING django.request - Not Found: /.well-known/appspecific/com.chrome.devtools.json
[2025-11-07 13:12:30] WARNING django.request - Not Found: /.well-known/appspecific/com.chrome.devtools.json
[2025-11-07 13:12:41] WARNING django.request - Not Found: /.well-known/appspecific/com.chrome.devtools.json
[2025-11-07 13:12:59] WARNING django.request - Not Found: /.well-known/appspecific/com.chrome.devtools.json
[2025-11-07 13:13:03] WARNING django.request - Not Found: /.well-known/appspecific/com.chrome.devtools.json
[2025-11-07 13:13:28] WARNING django.request - Not Found: /login
[2025-11-07 13:19:32] WARNING django.request - Not Found: /.well-known/appspecific/com.chrome.devtools.json
[2025-11-07 13:19:44] WARNING django.request - Not Found: /.well-known/appspecific/com.chrome.devtools.json
[2025-11-07 13:20:25] WARNING django.request - Not Found: /.well-known/appspecific/com.chrome.devtools.json
[2025-11-07 13:20:48] WARNING django.request - Not Found: /.well-known/appspecific/com.chrome.devtools.json
[2025-11-07 13:21:19] WARNING django.request - Not Found: /.well-known/appspecific/com.chrome.devtools.json
[2025-11-07 13:21:31] WARNING django.request - Not Found: /.well-known/appspecific/com.chrome.devtools.json
[2025-11-07 13:21:37] WARNING django.request - Not Found: /.well-known/appspecific/com.chrome.devtools.json
[2025-11-07 13:21:45] WARNING django.request - Not Found: /.well-known/appspecific/com.chrome.devtools.json
[2025-11-07 13:22:57] WARNING django.request - Not Found: /.well-known/appspecific/com.chrome.devtools.json
[2025-11-07 13:24:10] WARNING django.request - Not Found: /.well-known/appspecific/com.chrome.devtools.json
[2025-11-07 13:25:01] WARNING django.request - Not Found: /.well-known/appspecific/com.chrome.devtools.json
[2025-11-07 13:26:02] WARNING django.request - Not Found: /.well-known/appspecific/com.chrome.devtools.json
[2025-11-07 13:26:13] WARNING django.request - Not Found: /.well-known/appspecific/com.chrome.devtools.json
[2025-11-07 13:27:32] WARNING django.request - Not Found: /.well-known/appspecific/com.chrome.devtools.json
[2025-11-07 14:24:56] WARNING django.request - Not Found: /cgi-bin/authLogin.cgi
[2025-11-07 14:24:56] WARNING django.request - Not Found: /query
[2025-11-07 14:24:56] WARNING django.request - Not Found: /solr/admin/info/system
[2025-11-07 14:24:56] WARNING django.request - Not Found: /v2/_catalog
[2025-11-07 14:24:57] WARNING django.request - Not Found: /favicon.ico
[2025-11-07 14:24:57] WARNING django.request - Not Found: /solr/admin/cores
[2025-11-07 14:40:16]    INFO django.utils.autoreload - E:\pythonspace\skerp_project\purchase\urls.py changed, reloading.
[2025-11-07 14:40:17]    INFO django.utils.autoreload - Watching for file changes with StatReloader
[2025-11-07 14:40:59]    INFO django.utils.autoreload - E:\pythonspace\skerp_project\purchase\views\unified.py changed, reloading.
[2025-11-07 14:41:00]    INFO django.utils.autoreload - Watching for file changes with StatReloader
[2025-11-07 14:41:53]    INFO django.utils.autoreload - E:\pythonspace\skerp_project\purchase\views\unified.py changed, reloading.
[2025-11-07 14:41:54]    INFO django.utils.autoreload - Watching for file changes with StatReloader
[2025-11-07 14:46:06]   ERROR django.request - Internal Server Error: /purchase/receipts/17/candidates/
Traceback (most recent call last):
  File "E:\pythonspace\skerp_project\venv\Lib\site-packages\django\core\handlers\exception.py", line 55, in inner
    response = get_response(request)
               ^^^^^^^^^^^^^^^^^^^^^
  File "E:\pythonspace\skerp_project\venv\Lib\site-packages\django\core\handlers\base.py", line 197, in _get_response
    response = wrapped_callback(request, *callback_args, **callback_kwargs)
               ^^^^^^^^^^^^^^^^^^^^^^^^^^^^^^^^^^^^^^^^^^^^^^^^^^^^^^^^^^^^
  File "E:\pythonspace\skerp_project\venv\Lib\site-packages\django\views\decorators\http.py", line 64, in inner
    return func(request, *args, **kwargs)
           ^^^^^^^^^^^^^^^^^^^^^^^^^^^^^^
  File "E:\pythonspace\skerp_project\venv\Lib\site-packages\django\contrib\auth\decorators.py", line 59, in _view_wrapper
    return view_func(request, *args, **kwargs)
           ^^^^^^^^^^^^^^^^^^^^^^^^^^^^^^^^^^^
  File "E:\pythonspace\skerp_project\venv\Lib\site-packages\django\views\decorators\http.py", line 64, in inner
    return func(request, *args, **kwargs)
           ^^^^^^^^^^^^^^^^^^^^^^^^^^^^^^
  File "E:\pythonspace\skerp_project\purchase\views\unified.py", line 1406, in receipt_candidates
    header_lot = f"IN{today:%Y%m%d}-{str(random.randint(1, 999)).zfill(3)}"
                                         ^^^^^^
NameError: name 'random' is not defined
[2025-11-07 14:47:33]    INFO django.utils.autoreload - E:\pythonspace\skerp_project\purchase\views\unified.py changed, reloading.
[2025-11-07 14:47:34]    INFO django.utils.autoreload - Watching for file changes with StatReloader
[2025-11-07 14:48:54]    INFO django.utils.autoreload - E:\pythonspace\skerp_project\purchase\views\unified.py changed, reloading.
[2025-11-07 14:48:55]    INFO django.utils.autoreload - Watching for file changes with StatReloader
[2025-11-07 14:49:42]    INFO django.utils.autoreload - E:\pythonspace\skerp_project\purchase\views\unified.py changed, reloading.
[2025-11-07 14:49:43]    INFO django.utils.autoreload - Watching for file changes with StatReloader
[2025-11-07 14:50:35]    INFO django.utils.autoreload - E:\pythonspace\skerp_project\purchase\urls.py changed, reloading.
[2025-11-07 14:50:35]    INFO django.utils.autoreload - Watching for file changes with StatReloader
[2025-11-07 15:09:09]    INFO django.utils.autoreload - E:\pythonspace\skerp_project\purchase\views\unified.py changed, reloading.
[2025-11-07 15:09:10]    INFO django.utils.autoreload - Watching for file changes with StatReloader
[2025-11-07 15:10:09]    INFO django.utils.autoreload - E:\pythonspace\skerp_project\purchase\views\unified.py changed, reloading.
[2025-11-07 15:10:09]    INFO django.utils.autoreload - Watching for file changes with StatReloader
[2025-11-07 15:11:56]   ERROR django.request - Internal Server Error: /purchase/receipts/17/candidates/
Traceback (most recent call last):
  File "E:\pythonspace\skerp_project\venv\Lib\site-packages\django\core\handlers\exception.py", line 55, in inner
    response = get_response(request)
               ^^^^^^^^^^^^^^^^^^^^^
  File "E:\pythonspace\skerp_project\venv\Lib\site-packages\django\core\handlers\base.py", line 197, in _get_response
    response = wrapped_callback(request, *callback_args, **callback_kwargs)
               ^^^^^^^^^^^^^^^^^^^^^^^^^^^^^^^^^^^^^^^^^^^^^^^^^^^^^^^^^^^^
  File "E:\pythonspace\skerp_project\venv\Lib\site-packages\django\views\decorators\http.py", line 64, in inner
    return func(request, *args, **kwargs)
           ^^^^^^^^^^^^^^^^^^^^^^^^^^^^^^
  File "E:\pythonspace\skerp_project\venv\Lib\site-packages\django\contrib\auth\decorators.py", line 59, in _view_wrapper
    return view_func(request, *args, **kwargs)
           ^^^^^^^^^^^^^^^^^^^^^^^^^^^^^^^^^^^
  File "E:\pythonspace\skerp_project\venv\Lib\site-packages\django\views\decorators\http.py", line 64, in inner
    return func(request, *args, **kwargs)
           ^^^^^^^^^^^^^^^^^^^^^^^^^^^^^^
  File "E:\pythonspace\skerp_project\purchase\views\unified.py", line 1448, in receipt_candidates
    "header_lot": header_lot,
                  ^^^^^^^^^^
NameError: name 'header_lot' is not defined
[2025-11-07 15:29:34]    INFO django.utils.autoreload - E:\pythonspace\skerp_project\purchase\views\unified.py changed, reloading.
[2025-11-07 15:29:34]    INFO django.utils.autoreload - Watching for file changes with StatReloader
[2025-11-07 15:30:15]    INFO django.utils.autoreload - E:\pythonspace\skerp_project\purchase\views\unified.py changed, reloading.
[2025-11-07 15:30:16]    INFO django.utils.autoreload - Watching for file changes with StatReloader
[2025-11-07 15:30:26]   ERROR django.request - Internal Server Error: /purchase/receipts/17/candidates/
Traceback (most recent call last):
  File "E:\pythonspace\skerp_project\venv\Lib\site-packages\django\core\handlers\exception.py", line 55, in inner
    response = get_response(request)
               ^^^^^^^^^^^^^^^^^^^^^
  File "E:\pythonspace\skerp_project\venv\Lib\site-packages\django\core\handlers\base.py", line 197, in _get_response
    response = wrapped_callback(request, *callback_args, **callback_kwargs)
               ^^^^^^^^^^^^^^^^^^^^^^^^^^^^^^^^^^^^^^^^^^^^^^^^^^^^^^^^^^^^
  File "E:\pythonspace\skerp_project\venv\Lib\site-packages\django\views\decorators\http.py", line 64, in inner
    return func(request, *args, **kwargs)
           ^^^^^^^^^^^^^^^^^^^^^^^^^^^^^^
  File "E:\pythonspace\skerp_project\venv\Lib\site-packages\django\contrib\auth\decorators.py", line 59, in _view_wrapper
    return view_func(request, *args, **kwargs)
           ^^^^^^^^^^^^^^^^^^^^^^^^^^^^^^^^^^^
  File "E:\pythonspace\skerp_project\venv\Lib\site-packages\django\views\decorators\http.py", line 64, in inner
    return func(request, *args, **kwargs)
           ^^^^^^^^^^^^^^^^^^^^^^^^^^^^^^
  File "E:\pythonspace\skerp_project\purchase\views\unified.py", line 1448, in receipt_candidates
    "header_lot": header_lot,
                  ^^^^^^^^^^
NameError: name 'header_lot' is not defined
[2025-11-07 15:30:33]   ERROR django.request - Internal Server Error: /purchase/receipts/17/candidates/
Traceback (most recent call last):
  File "E:\pythonspace\skerp_project\venv\Lib\site-packages\django\core\handlers\exception.py", line 55, in inner
    response = get_response(request)
               ^^^^^^^^^^^^^^^^^^^^^
  File "E:\pythonspace\skerp_project\venv\Lib\site-packages\django\core\handlers\base.py", line 197, in _get_response
    response = wrapped_callback(request, *callback_args, **callback_kwargs)
               ^^^^^^^^^^^^^^^^^^^^^^^^^^^^^^^^^^^^^^^^^^^^^^^^^^^^^^^^^^^^
  File "E:\pythonspace\skerp_project\venv\Lib\site-packages\django\views\decorators\http.py", line 64, in inner
    return func(request, *args, **kwargs)
           ^^^^^^^^^^^^^^^^^^^^^^^^^^^^^^
  File "E:\pythonspace\skerp_project\venv\Lib\site-packages\django\contrib\auth\decorators.py", line 59, in _view_wrapper
    return view_func(request, *args, **kwargs)
           ^^^^^^^^^^^^^^^^^^^^^^^^^^^^^^^^^^^
  File "E:\pythonspace\skerp_project\venv\Lib\site-packages\django\views\decorators\http.py", line 64, in inner
    return func(request, *args, **kwargs)
           ^^^^^^^^^^^^^^^^^^^^^^^^^^^^^^
  File "E:\pythonspace\skerp_project\purchase\views\unified.py", line 1448, in receipt_candidates
    "header_lot": header_lot,
                  ^^^^^^^^^^
NameError: name 'header_lot' is not defined
[2025-11-07 16:00:51]    INFO django.utils.autoreload - E:\pythonspace\skerp_project\purchase\views\unified.py changed, reloading.
[2025-11-07 16:00:52]    INFO django.utils.autoreload - Watching for file changes with StatReloader
[2025-11-07 19:26:45] WARNING django.request - Not Found: /http:/clientapi.ipip.net/echo.php
[2025-11-08 01:41:49] WARNING django.request - Not Found: /favicon.ico
[2025-11-08 01:41:49] WARNING django.request - Not Found: /.git/config
[2025-11-08 01:41:49] WARNING django.request - Not Found: /.env
