[2025-09-26 10:24:38]    INFO django.utils.autoreload - Watching for file changes with StatReloader
[2025-09-26 10:24:52] WARNING django.request - Not Found: /favicon.ico
[2025-09-26 16:09:56]    INFO django.utils.autoreload - Watching for file changes with StatReloader
[2025-09-26 16:13:04] WARNING django.request - Not Found: /favicon.ico
[2025-09-26 18:49:20] WARNING django.request - Not Found: /robots.txt
[2025-09-26 19:13:52] WARNING django.request - Not Found: /login.rsp
[2025-09-26 19:13:52] WARNING django.request - Not Found: /device.rsp
[2025-09-26 19:13:53] WARNING django.request - Not Found: /cgi-bin/gw.cgi
[2025-09-26 19:13:53] WARNING django.request - Not Found: /cgi-bin/gw.cgi
[2025-09-26 19:13:54] WARNING django.request - Not Found: /cgi-bin/gw.cgi
[2025-09-26 19:13:54] WARNING django.request - Not Found: /cgi-bin/gw.cgi
[2025-09-26 19:13:55] WARNING django.request - Not Found: /cgi-bin/gw.cgi
[2025-09-26 19:13:55] WARNING django.request - Not Found: /cgi-bin/gw.cgi
[2025-09-26 19:13:56] WARNING django.request - Not Found: /cgi-bin/gw.cgi
[2025-09-26 19:13:56] WARNING django.request - Not Found: /cgi-bin/gw.cgi
[2025-09-26 19:13:57] WARNING django.request - Not Found: /cgi-bin/gw.cgi
[2025-09-26 19:13:57] WARNING django.request - Not Found: /cgi-bin/gw.cgi
[2025-09-26 19:13:58] WARNING django.request - Not Found: /cgi-bin/gw.cgi
[2025-09-26 19:13:58] WARNING django.request - Not Found: /cgi-bin/gw.cgi
[2025-09-26 19:13:59] WARNING django.request - Not Found: /cgi-bin/gw.cgi
[2025-09-26 19:13:59] WARNING django.request - Not Found: /cgi-bin/gw.cgi
[2025-09-26 19:14:00] WARNING django.request - Not Found: /cgi-bin/gw.cgi
[2025-09-26 19:14:00] WARNING django.request - Not Found: /cgi-bin/gw.cgi
[2025-09-26 19:14:01] WARNING django.request - Not Found: /cgi-bin/gw.cgi
[2025-09-26 19:14:01] WARNING django.request - Not Found: /cgi-bin/gw.cgi
[2025-09-26 19:14:02] WARNING django.request - Not Found: /cgi-bin/gw.cgi
[2025-09-26 19:14:02] WARNING django.request - Not Found: /cgi-bin/gw.cgi
[2025-09-26 19:14:03] WARNING django.request - Not Found: /cgi-bin/gw.cgi
[2025-09-26 19:14:04] WARNING django.request - Not Found: /cgi-bin/gw.cgi
[2025-09-26 19:14:04] WARNING django.request - Not Found: /cgi-bin/gw.cgi
[2025-09-26 19:14:05] WARNING django.request - Not Found: /cgi-bin/gw.cgi
[2025-09-26 19:14:05] WARNING django.request - Not Found: /cgi-bin/gw.cgi
[2025-09-26 19:14:06] WARNING django.request - Not Found: /cgi-bin/gw.cgi
[2025-09-26 19:14:06] WARNING django.request - Not Found: /cgi-bin/gw.cgi
[2025-09-26 19:14:07] WARNING django.request - Not Found: /cgi-bin/gw.cgi
[2025-09-26 19:14:07] WARNING django.request - Not Found: /cgi-bin/gw.cgi
[2025-09-26 19:14:08] WARNING django.request - Not Found: /cgi-bin/gw.cgi
[2025-09-26 19:14:08] WARNING django.request - Not Found: /cgi-bin/gw.cgi
[2025-09-26 19:14:09] WARNING django.request - Not Found: /cgi-bin/gw.cgi
[2025-09-26 19:14:09] WARNING django.request - Not Found: /cgi-bin/gw.cgi
[2025-09-26 19:14:10] WARNING django.request - Not Found: /cgi-bin/gw.cgi
[2025-09-26 19:14:10] WARNING django.request - Not Found: /cgi-bin/gw.cgi
[2025-09-26 19:14:11] WARNING django.request - Not Found: /cgi-bin/gw.cgi
[2025-09-26 19:14:11] WARNING django.request - Not Found: /cgi-bin/gw.cgi
[2025-09-26 19:14:12] WARNING django.request - Not Found: /cgi-bin/gw.cgi
[2025-09-26 19:14:12] WARNING django.request - Not Found: /cgi-bin/gw.cgi
[2025-09-26 19:14:13] WARNING django.request - Not Found: /cgi-bin/gw.cgi
[2025-09-26 19:14:13] WARNING django.request - Not Found: /cgi-bin/gw.cgi
[2025-09-26 19:14:14] WARNING django.request - Not Found: /cgi-bin/gw.cgi
[2025-09-26 19:14:14] WARNING django.request - Not Found: /cgi-bin/gw.cgi
[2025-09-26 19:14:15] WARNING django.request - Not Found: /cgi-bin/gw.cgi
[2025-09-26 19:14:15] WARNING django.request - Not Found: /cgi-bin/gw.cgi
[2025-09-26 19:14:16] WARNING django.request - Not Found: /cgi-bin/gw.cgi
[2025-09-26 19:14:16] WARNING django.request - Not Found: /cgi-bin/gw.cgi
[2025-09-26 19:14:17] WARNING django.request - Not Found: /cgi-bin/gw.cgi
[2025-09-26 19:14:18] WARNING django.request - Not Found: /cgi-bin/gw.cgi
[2025-09-26 19:14:18] WARNING django.request - Not Found: /cgi-bin/gw.cgi
[2025-09-26 19:14:19] WARNING django.request - Not Found: /cgi-bin/gw.cgi
[2025-09-26 19:14:19] WARNING django.request - Not Found: /cgi-bin/gw.cgi
[2025-09-26 19:14:20] WARNING django.request - Not Found: /cgi-bin/gw.cgi
[2025-09-26 19:14:20] WARNING django.request - Not Found: /cgi-bin/gw.cgi
[2025-09-26 19:14:21] WARNING django.request - Not Found: /cgi-bin/gw.cgi
[2025-09-26 19:14:21] WARNING django.request - Not Found: /cgi-bin/gw.cgi
[2025-09-26 19:14:22] WARNING django.request - Not Found: /cgi-bin/gw.cgi
[2025-09-26 19:14:22] WARNING django.request - Not Found: /cgi-bin/gw.cgi
[2025-09-26 19:14:23] WARNING django.request - Not Found: /cgi-bin/gw.cgi
[2025-09-26 19:14:23] WARNING django.request - Not Found: /cgi-bin/gw.cgi
[2025-09-26 19:14:24] WARNING django.request - Not Found: /cgi-bin/gw.cgi
[2025-09-26 19:14:24] WARNING django.request - Not Found: /cgi-bin/gw.cgi
[2025-09-26 19:14:25] WARNING django.request - Not Found: /cgi-bin/gw.cgi
[2025-09-26 19:14:25] WARNING django.request - Not Found: /cgi-bin/gw.cgi
[2025-09-26 19:14:26] WARNING django.request - Not Found: /cgi-bin/gw.cgi
[2025-09-26 19:14:26] WARNING django.request - Not Found: /cgi-bin/gw.cgi
[2025-09-26 19:14:27] WARNING django.request - Not Found: /cgi-bin/gw.cgi
[2025-09-26 19:14:27] WARNING django.request - Not Found: /cgi-bin/gw.cgi
[2025-09-26 19:14:28] WARNING django.request - Not Found: /cgi-bin/gw.cgi
[2025-09-26 19:14:28] WARNING django.request - Not Found: /cgi-bin/gw.cgi
[2025-09-26 19:14:29] WARNING django.request - Not Found: /cgi-bin/gw.cgi
[2025-09-26 19:14:29] WARNING django.request - Not Found: /cgi-bin/gw.cgi
[2025-09-26 19:14:30] WARNING django.request - Not Found: /cgi-bin/gw.cgi
[2025-09-26 19:14:30] WARNING django.request - Not Found: /cgi-bin/gw.cgi
[2025-09-26 19:14:31] WARNING django.request - Not Found: /cgi-bin/gw.cgi
[2025-09-26 19:14:31] WARNING django.request - Not Found: /cgi-bin/gw.cgi
[2025-09-26 19:14:32] WARNING django.request - Not Found: /cgi-bin/gw.cgi
[2025-09-26 19:14:32] WARNING django.request - Not Found: /cgi-bin/gw.cgi
[2025-09-26 19:14:33] WARNING django.request - Not Found: /cgi-bin/gw.cgi
[2025-09-26 19:14:34] WARNING django.request - Not Found: /cgi-bin/gw.cgi
[2025-09-26 19:14:34] WARNING django.request - Not Found: /cgi-bin/gw.cgi
[2025-09-26 19:14:35] WARNING django.request - Not Found: /cgi-bin/gw.cgi
[2025-09-26 19:14:35] WARNING django.request - Not Found: /cgi-bin/gw.cgi
[2025-09-26 19:14:36] WARNING django.request - Not Found: /cgi-bin/gw.cgi
[2025-09-26 19:14:36] WARNING django.request - Not Found: /cgi-bin/gw.cgi
[2025-09-26 19:14:37] WARNING django.request - Not Found: /cgi-bin/gw.cgi
[2025-09-26 19:14:37] WARNING django.request - Not Found: /cgi-bin/gw.cgi
[2025-09-26 19:14:38] WARNING django.request - Not Found: /cgi-bin/gw.cgi
[2025-09-26 19:14:38] WARNING django.request - Not Found: /cgi-bin/gw.cgi
[2025-09-26 19:14:39] WARNING django.request - Not Found: /cgi-bin/gw.cgi
[2025-09-26 19:14:39] WARNING django.request - Not Found: /cgi-bin/gw.cgi
[2025-09-26 19:14:40] WARNING django.request - Not Found: /cgi-bin/gw.cgi
[2025-09-26 19:14:40] WARNING django.request - Not Found: /cgi-bin/gw.cgi
[2025-09-26 19:14:41] WARNING django.request - Not Found: /cgi-bin/gw.cgi
[2025-09-26 19:14:41] WARNING django.request - Not Found: /cgi-bin/gw.cgi
[2025-09-26 19:14:42] WARNING django.request - Not Found: /cgi-bin/gw.cgi
[2025-09-26 19:14:42] WARNING django.request - Not Found: /cgi-bin/gw.cgi
[2025-09-26 19:14:43] WARNING django.request - Not Found: /cgi-bin/gw.cgi
[2025-09-26 19:14:43] WARNING django.request - Not Found: /cgi-bin/gw.cgi
[2025-09-26 19:14:44] WARNING django.request - Not Found: /cgi-bin/gw.cgi
[2025-09-26 19:14:44] WARNING django.request - Not Found: /cgi-bin/gw.cgi
[2025-09-26 19:14:45] WARNING django.request - Not Found: /cgi-bin/gw.cgi
[2025-09-26 19:14:45] WARNING django.request - Not Found: /cgi-bin/gw.cgi
[2025-09-26 19:14:46] WARNING django.request - Not Found: /cgi-bin/gw.cgi
[2025-09-26 19:14:46] WARNING django.request - Not Found: /cgi-bin/gw.cgi
[2025-09-26 19:14:47] WARNING django.request - Not Found: /cgi-bin/gw.cgi
[2025-09-26 19:14:47] WARNING django.request - Not Found: /cgi-bin/gw.cgi
[2025-09-26 19:14:48] WARNING django.request - Not Found: /cgi-bin/gw.cgi
[2025-09-26 19:14:48] WARNING django.request - Not Found: /cgi-bin/gw.cgi
[2025-09-26 19:14:49] WARNING django.request - Not Found: /cgi-bin/gw.cgi
[2025-09-26 19:14:49] WARNING django.request - Not Found: /cgi-bin/gw.cgi
[2025-09-26 19:14:50] WARNING django.request - Not Found: /cgi-bin/gw.cgi
[2025-09-26 19:14:51] WARNING django.request - Not Found: /cgi-bin/gw.cgi
[2025-09-26 19:14:51] WARNING django.request - Not Found: /cgi-bin/gw.cgi
[2025-09-26 19:14:52] WARNING django.request - Not Found: /cgi-bin/gw.cgi
[2025-09-26 19:14:52] WARNING django.request - Not Found: /cgi-bin/gw.cgi
[2025-09-26 19:14:53] WARNING django.request - Not Found: /cgi-bin/gw.cgi
[2025-09-26 19:14:53] WARNING django.request - Not Found: /cgi-bin/gw.cgi
[2025-09-26 19:14:54] WARNING django.request - Not Found: /cgi-bin/gw.cgi
[2025-09-26 19:14:54] WARNING django.request - Not Found: /cgi-bin/gw.cgi
[2025-09-26 19:14:55] WARNING django.request - Not Found: /cgi-bin/gw.cgi
[2025-09-26 19:14:55] WARNING django.request - Not Found: /cgi-bin/gw.cgi
[2025-09-26 19:14:56] WARNING django.request - Not Found: /cgi-bin/gw.cgi
[2025-09-26 19:14:56] WARNING django.request - Not Found: /cgi-bin/gw.cgi
[2025-09-26 19:14:57] WARNING django.request - Not Found: /cgi-bin/gw.cgi
[2025-09-26 19:14:57] WARNING django.request - Not Found: /cgi-bin/gw.cgi
[2025-09-26 19:14:58] WARNING django.request - Not Found: /cgi-bin/gw.cgi
[2025-09-26 19:14:58] WARNING django.request - Not Found: /cgi-bin/gw.cgi
[2025-09-26 19:14:59] WARNING django.request - Not Found: /cgi-bin/gw.cgi
[2025-09-26 19:14:59] WARNING django.request - Not Found: /cgi-bin/gw.cgi
[2025-09-26 19:15:00] WARNING django.request - Not Found: /cgi-bin/gw.cgi
[2025-09-26 19:15:00] WARNING django.request - Not Found: /cgi-bin/gw.cgi
[2025-09-26 19:15:01] WARNING django.request - Not Found: /cgi-bin/gw.cgi
[2025-09-26 19:15:01] WARNING django.request - Not Found: /cgi-bin/gw.cgi
[2025-09-26 19:15:02] WARNING django.request - Not Found: /cgi-bin/gw.cgi
[2025-09-26 19:15:02] WARNING django.request - Not Found: /cgi-bin/gw.cgi
[2025-09-26 19:15:03] WARNING django.request - Not Found: /cgi-bin/gw.cgi
[2025-09-26 19:15:03] WARNING django.request - Not Found: /cgi-bin/gw.cgi
[2025-09-26 19:15:04] WARNING django.request - Not Found: /cgi-bin/gw.cgi
[2025-09-26 19:15:04] WARNING django.request - Not Found: /cgi-bin/gw.cgi
[2025-09-26 19:15:05] WARNING django.request - Not Found: /cgi-bin/gw.cgi
[2025-09-26 19:15:05] WARNING django.request - Not Found: /cgi-bin/gw.cgi
[2025-09-26 19:15:06] WARNING django.request - Not Found: /cgi-bin/gw.cgi
[2025-09-26 19:15:06] WARNING django.request - Not Found: /cgi-bin/gw.cgi
[2025-09-26 19:15:07] WARNING django.request - Not Found: /cgi-bin/gw.cgi
[2025-09-26 19:15:07] WARNING django.request - Not Found: /cgi-bin/gw.cgi
[2025-09-26 19:15:08] WARNING django.request - Not Found: /cgi-bin/gw.cgi
[2025-09-26 19:15:09] WARNING django.request - Not Found: /cgi-bin/gw.cgi
[2025-09-26 19:15:09] WARNING django.request - Not Found: /cgi-bin/gw.cgi
[2025-09-26 19:15:10] WARNING django.request - Not Found: /cgi-bin/gw.cgi
[2025-09-26 19:15:10] WARNING django.request - Not Found: /cgi-bin/gw.cgi
[2025-09-26 19:15:11] WARNING django.request - Not Found: /cgi-bin/gw.cgi
[2025-09-26 19:15:11] WARNING django.request - Not Found: /cgi-bin/gw.cgi
[2025-09-26 19:15:12] WARNING django.request - Not Found: /cgi-bin/gw.cgi
[2025-09-26 19:15:12] WARNING django.request - Not Found: /cgi-bin/gw.cgi
[2025-09-26 19:15:13] WARNING django.request - Not Found: /cgi-bin/gw.cgi
[2025-09-26 19:15:13] WARNING django.request - Not Found: /cgi-bin/gw.cgi
[2025-09-26 19:15:14] WARNING django.request - Not Found: /cgi-bin/gw.cgi
[2025-09-26 19:15:14] WARNING django.request - Not Found: /cgi-bin/gw.cgi
[2025-09-26 19:15:15] WARNING django.request - Not Found: /cgi-bin/gw.cgi
[2025-09-26 19:15:15] WARNING django.request - Not Found: /cgi-bin/gw.cgi
[2025-09-26 19:15:16] WARNING django.request - Not Found: /cgi-bin/gw.cgi
[2025-09-26 19:15:16] WARNING django.request - Not Found: /cgi-bin/gw.cgi
[2025-09-26 19:15:17] WARNING django.request - Not Found: /cgi-bin/gw.cgi
[2025-09-26 19:15:17] WARNING django.request - Not Found: /cgi-bin/gw.cgi
[2025-09-26 19:15:18] WARNING django.request - Not Found: /cgi-bin/gw.cgi
[2025-09-26 19:15:18] WARNING django.request - Not Found: /cgi-bin/gw.cgi
[2025-09-26 19:15:19] WARNING django.request - Not Found: /cgi-bin/gw.cgi
[2025-09-26 19:15:19] WARNING django.request - Not Found: /cgi-bin/gw.cgi
[2025-09-26 19:15:20] WARNING django.request - Not Found: /cgi-bin/gw.cgi
[2025-09-26 19:15:20] WARNING django.request - Not Found: /cgi-bin/gw.cgi
[2025-09-26 19:15:21] WARNING django.request - Not Found: /cgi-bin/gw.cgi
[2025-09-26 19:15:21] WARNING django.request - Not Found: /cgi-bin/gw.cgi
[2025-09-26 19:15:22] WARNING django.request - Not Found: /cgi-bin/gw.cgi
[2025-09-26 19:15:22] WARNING django.request - Not Found: /cgi-bin/gw.cgi
[2025-09-26 19:15:23] WARNING django.request - Not Found: /cgi-bin/gw.cgi
[2025-09-26 19:15:23] WARNING django.request - Not Found: /cgi-bin/gw.cgi
[2025-09-26 19:15:24] WARNING django.request - Not Found: /cgi-bin/gw.cgi
[2025-09-26 19:15:24] WARNING django.request - Not Found: /cgi-bin/gw.cgi
[2025-09-26 19:15:25] WARNING django.request - Not Found: /cgi-bin/gw.cgi
[2025-09-26 19:15:25] WARNING django.request - Not Found: /cgi-bin/gw.cgi
[2025-09-26 19:15:26] WARNING django.request - Not Found: /cgi-bin/gw.cgi
[2025-09-26 19:15:26] WARNING django.request - Not Found: /cgi-bin/gw.cgi
[2025-09-26 19:15:27] WARNING django.request - Not Found: /cgi-bin/gw.cgi
[2025-09-26 19:15:27] WARNING django.request - Not Found: /cgi-bin/gw.cgi
[2025-09-26 19:15:28] WARNING django.request - Not Found: /cgi-bin/gw.cgi
[2025-09-26 19:15:28] WARNING django.request - Not Found: /cgi-bin/gw.cgi
[2025-09-26 19:15:29] WARNING django.request - Not Found: /cgi-bin/gw.cgi
[2025-09-26 19:15:29] WARNING django.request - Not Found: /cgi-bin/gw.cgi
[2025-09-26 19:15:30] WARNING django.request - Not Found: /cgi-bin/gw.cgi
[2025-09-26 19:15:31] WARNING django.request - Not Found: /cgi-bin/gw.cgi
[2025-09-26 19:15:31] WARNING django.request - Not Found: /cgi-bin/gw.cgi
[2025-09-26 19:15:32] WARNING django.request - Not Found: /cgi-bin/gw.cgi
[2025-09-26 19:15:32] WARNING django.request - Not Found: /cgi-bin/gw.cgi
[2025-09-26 19:15:33] WARNING django.request - Not Found: /cgi-bin/gw.cgi
[2025-09-26 19:15:33] WARNING django.request - Not Found: /cgi-bin/gw.cgi
[2025-09-26 19:15:34] WARNING django.request - Not Found: /cgi-bin/gw.cgi
[2025-09-26 19:15:34] WARNING django.request - Not Found: /cgi-bin/gw.cgi
[2025-09-26 19:15:35] WARNING django.request - Not Found: /cgi-bin/gw.cgi
[2025-09-26 19:15:35] WARNING django.request - Not Found: /cgi-bin/gw.cgi
[2025-09-26 19:15:36] WARNING django.request - Not Found: /cgi-bin/gw.cgi
[2025-09-26 19:15:36] WARNING django.request - Not Found: /cgi-bin/gw.cgi
[2025-09-26 19:15:37] WARNING django.request - Not Found: /cgi-bin/gw.cgi
[2025-09-26 19:15:37] WARNING django.request - Not Found: /cgi-bin/gw.cgi
[2025-09-26 19:15:38] WARNING django.request - Not Found: /cgi-bin/gw.cgi
[2025-09-26 19:15:38] WARNING django.request - Not Found: /cgi-bin/gw.cgi
[2025-09-26 19:15:39] WARNING django.request - Not Found: /cgi-bin/gw.cgi
[2025-09-26 19:15:39] WARNING django.request - Not Found: /cgi-bin/gw.cgi
[2025-09-26 19:15:40] WARNING django.request - Not Found: /cgi-bin/gw.cgi
[2025-09-26 19:15:40] WARNING django.request - Not Found: /cgi-bin/gw.cgi
[2025-09-26 19:15:41] WARNING django.request - Not Found: /cgi-bin/gw.cgi
[2025-09-26 19:15:41] WARNING django.request - Not Found: /cgi-bin/gw.cgi
[2025-09-26 19:15:42] WARNING django.request - Not Found: /cgi-bin/gw.cgi
[2025-09-26 19:15:42] WARNING django.request - Not Found: /cgi-bin/gw.cgi
[2025-09-26 19:15:43] WARNING django.request - Not Found: /cgi-bin/gw.cgi
[2025-09-26 19:15:43] WARNING django.request - Not Found: /cgi-bin/gw.cgi
[2025-09-26 19:15:44] WARNING django.request - Not Found: /cgi-bin/gw.cgi
[2025-09-26 19:15:44] WARNING django.request - Not Found: /cgi-bin/gw.cgi
[2025-09-26 19:15:45] WARNING django.request - Not Found: /cgi-bin/gw.cgi
[2025-09-26 19:15:45] WARNING django.request - Not Found: /cgi-bin/gw.cgi
[2025-09-26 19:15:46] WARNING django.request - Not Found: /cgi-bin/gw.cgi
[2025-09-26 19:15:46] WARNING django.request - Not Found: /cgi-bin/gw.cgi
[2025-09-26 19:15:47] WARNING django.request - Not Found: /cgi-bin/gw.cgi
[2025-09-26 19:15:48] WARNING django.request - Not Found: /cgi-bin/gw.cgi
[2025-09-26 19:15:48] WARNING django.request - Not Found: /cgi-bin/gw.cgi
[2025-09-26 19:15:49] WARNING django.request - Not Found: /cgi-bin/gw.cgi
[2025-09-26 19:15:49] WARNING django.request - Not Found: /cgi-bin/gw.cgi
[2025-09-26 19:15:50] WARNING django.request - Not Found: /cgi-bin/gw.cgi
[2025-09-26 19:15:50] WARNING django.request - Not Found: /cgi-bin/gw.cgi
[2025-09-26 19:15:51] WARNING django.request - Not Found: /cgi-bin/gw.cgi
[2025-09-26 19:15:51] WARNING django.request - Not Found: /cgi-bin/gw.cgi
[2025-09-26 19:15:52] WARNING django.request - Not Found: /cgi-bin/gw.cgi
[2025-09-26 19:15:52] WARNING django.request - Not Found: /cgi-bin/gw.cgi
[2025-09-26 19:15:53] WARNING django.request - Not Found: /cgi-bin/gw.cgi
[2025-09-26 19:15:53] WARNING django.request - Not Found: /cgi-bin/gw.cgi
[2025-09-26 19:15:54] WARNING django.request - Not Found: /cgi-bin/gw.cgi
[2025-09-26 19:15:54] WARNING django.request - Not Found: /cgi-bin/gw.cgi
[2025-09-26 19:15:55] WARNING django.request - Not Found: /cgi-bin/gw.cgi
[2025-09-26 19:15:55] WARNING django.request - Not Found: /cgi-bin/gw.cgi
[2025-09-26 19:15:56] WARNING django.request - Not Found: /cgi-bin/gw.cgi
[2025-09-26 19:15:56] WARNING django.request - Not Found: /cgi-bin/gw.cgi
[2025-09-26 19:15:57] WARNING django.request - Not Found: /cgi-bin/gw.cgi
[2025-09-26 19:15:57] WARNING django.request - Not Found: /cgi-bin/gw.cgi
[2025-09-26 19:15:58] WARNING django.request - Not Found: /cgi-bin/gw.cgi
[2025-09-26 19:15:58] WARNING django.request - Not Found: /cgi-bin/gw.cgi
[2025-09-26 19:15:59] WARNING django.request - Not Found: /cgi-bin/gw.cgi
[2025-09-26 19:15:59] WARNING django.request - Not Found: /cgi-bin/gw.cgi
[2025-09-26 19:16:00] WARNING django.request - Not Found: /cgi-bin/gw.cgi
[2025-09-26 19:16:00] WARNING django.request - Not Found: /cgi-bin/gw.cgi
[2025-09-26 19:16:01] WARNING django.request - Not Found: /cgi-bin/gw.cgi
[2025-09-26 19:16:01] WARNING django.request - Not Found: /cgi-bin/gw.cgi
[2025-09-26 19:16:02] WARNING django.request - Not Found: /cgi-bin/gw.cgi
[2025-09-26 19:16:02] WARNING django.request - Not Found: /cgi-bin/gw.cgi
[2025-09-26 19:16:03] WARNING django.request - Not Found: /cgi-bin/gw.cgi
[2025-09-26 19:16:04] WARNING django.request - Not Found: /cgi-bin/gw.cgi
[2025-09-26 19:16:04] WARNING django.request - Not Found: /cgi-bin/gw.cgi
[2025-09-26 19:16:05] WARNING django.request - Not Found: /cgi-bin/gw.cgi
[2025-09-26 19:16:05] WARNING django.request - Not Found: /cgi-bin/gw.cgi
[2025-09-26 19:16:06] WARNING django.request - Not Found: /cgi-bin/gw.cgi
[2025-09-26 19:16:06] WARNING django.request - Not Found: /cgi-bin/gw.cgi
[2025-09-26 19:16:07] WARNING django.request - Not Found: /cgi-bin/gw.cgi
[2025-09-26 19:16:07] WARNING django.request - Not Found: /cgi-bin/gw.cgi
[2025-09-26 19:16:08] WARNING django.request - Not Found: /cgi-bin/gw.cgi
[2025-09-26 19:16:08] WARNING django.request - Not Found: /cgi-bin/gw.cgi
[2025-09-26 19:16:09] WARNING django.request - Not Found: /cgi-bin/gw.cgi
[2025-09-26 19:16:09] WARNING django.request - Not Found: /cgi-bin/gw.cgi
[2025-09-26 19:16:10] WARNING django.request - Not Found: /cgi-bin/gw.cgi
[2025-09-26 19:16:10] WARNING django.request - Not Found: /cgi-bin/gw.cgi
[2025-09-26 19:16:11] WARNING django.request - Not Found: /cgi-bin/gw.cgi
[2025-09-26 19:16:11] WARNING django.request - Not Found: /cgi-bin/gw.cgi
[2025-09-26 19:16:12] WARNING django.request - Not Found: /cgi-bin/gw.cgi
[2025-09-26 19:16:12] WARNING django.request - Not Found: /cgi-bin/gw.cgi
[2025-09-26 19:16:13] WARNING django.request - Not Found: /cgi-bin/gw.cgi
[2025-09-26 19:16:13] WARNING django.request - Not Found: /cgi-bin/gw.cgi
[2025-09-26 19:16:14] WARNING django.request - Not Found: /cgi-bin/gw.cgi
[2025-09-26 19:16:14] WARNING django.request - Not Found: /cgi-bin/gw.cgi
[2025-09-26 19:16:15] WARNING django.request - Not Found: /cgi-bin/gw.cgi
[2025-09-26 19:16:15] WARNING django.request - Not Found: /cgi-bin/gw.cgi
[2025-09-26 19:16:16] WARNING django.request - Not Found: /cgi-bin/gw.cgi
[2025-09-26 19:16:17] WARNING django.request - Not Found: /cgi-bin/gw.cgi
[2025-09-26 19:16:17] WARNING django.request - Not Found: /cgi-bin/gw.cgi
[2025-09-26 19:16:18] WARNING django.request - Not Found: /cgi-bin/gw.cgi
[2025-09-26 19:16:18] WARNING django.request - Not Found: /cgi-bin/gw.cgi
[2025-09-26 19:16:19] WARNING django.request - Not Found: /cgi-bin/gw.cgi
[2025-09-26 19:16:19] WARNING django.request - Not Found: /cgi-bin/gw.cgi
[2025-09-26 19:16:20] WARNING django.request - Not Found: /cgi-bin/gw.cgi
[2025-09-26 19:16:20] WARNING django.request - Not Found: /cgi-bin/gw.cgi
[2025-09-26 19:16:21] WARNING django.request - Not Found: /cgi-bin/gw.cgi
[2025-09-26 19:16:21] WARNING django.request - Not Found: /cgi-bin/gw.cgi
[2025-09-26 19:16:22] WARNING django.request - Not Found: /cgi-bin/gw.cgi
[2025-09-26 19:16:22] WARNING django.request - Not Found: /cgi-bin/gw.cgi
[2025-09-26 19:16:23] WARNING django.request - Not Found: /cgi-bin/gw.cgi
[2025-09-26 19:16:23] WARNING django.request - Not Found: /cgi-bin/gw.cgi
[2025-09-26 19:16:24] WARNING django.request - Not Found: /cgi-bin/gw.cgi
[2025-09-26 19:16:24] WARNING django.request - Not Found: /cgi-bin/gw.cgi
[2025-09-26 19:16:25] WARNING django.request - Not Found: /cgi-bin/gw.cgi
[2025-09-26 19:16:25] WARNING django.request - Not Found: /cgi-bin/gw.cgi
[2025-09-26 19:16:26] WARNING django.request - Not Found: /cgi-bin/gw.cgi
[2025-09-26 19:16:26] WARNING django.request - Not Found: /cgi-bin/gw.cgi
[2025-09-26 19:16:27] WARNING django.request - Not Found: /cgi-bin/gw.cgi
[2025-09-26 19:16:27] WARNING django.request - Not Found: /cgi-bin/gw.cgi
[2025-09-26 19:16:28] WARNING django.request - Not Found: /cgi-bin/gw.cgi
[2025-09-26 19:16:28] WARNING django.request - Not Found: /cgi-bin/gw.cgi
[2025-09-26 19:16:29] WARNING django.request - Not Found: /cgi-bin/gw.cgi
[2025-09-26 19:16:29] WARNING django.request - Not Found: /cgi-bin/gw.cgi
[2025-09-26 19:16:30] WARNING django.request - Not Found: /cgi-bin/gw.cgi
[2025-09-26 19:16:30] WARNING django.request - Not Found: /cgi-bin/gw.cgi
[2025-09-26 19:16:31] WARNING django.request - Not Found: /cgi-bin/gw.cgi
[2025-09-26 19:16:31] WARNING django.request - Not Found: /cgi-bin/gw.cgi
[2025-09-26 19:16:32] WARNING django.request - Not Found: /cgi-bin/gw.cgi
[2025-09-26 19:16:33] WARNING django.request - Not Found: /cgi-bin/gw.cgi
[2025-09-26 19:16:33] WARNING django.request - Not Found: /cgi-bin/gw.cgi
[2025-09-26 19:16:34] WARNING django.request - Not Found: /cgi-bin/gw.cgi
[2025-09-26 19:16:34] WARNING django.request - Not Found: /cgi-bin/gw.cgi
[2025-09-26 19:16:35] WARNING django.request - Not Found: /cgi-bin/gw.cgi
[2025-09-26 19:16:35] WARNING django.request - Not Found: /cgi-bin/gw.cgi
[2025-09-26 19:16:36] WARNING django.request - Not Found: /cgi-bin/gw.cgi
[2025-09-26 19:16:36] WARNING django.request - Not Found: /cgi-bin/gw.cgi
[2025-09-26 19:16:37] WARNING django.request - Not Found: /cgi-bin/gw.cgi
[2025-09-26 19:16:37] WARNING django.request - Not Found: /cgi-bin/gw.cgi
[2025-09-26 19:16:38] WARNING django.request - Not Found: /cgi-bin/gw.cgi
[2025-09-26 19:16:38] WARNING django.request - Not Found: /cgi-bin/gw.cgi
[2025-09-26 19:16:39] WARNING django.request - Not Found: /cgi-bin/gw.cgi
[2025-09-26 19:16:39] WARNING django.request - Not Found: /cgi-bin/gw.cgi
[2025-09-26 19:16:40] WARNING django.request - Not Found: /cgi-bin/gw.cgi
[2025-09-26 19:16:40] WARNING django.request - Not Found: /cgi-bin/gw.cgi
[2025-09-26 19:16:41] WARNING django.request - Not Found: /cgi-bin/gw.cgi
[2025-09-26 19:16:41] WARNING django.request - Not Found: /cgi-bin/gw.cgi
[2025-09-26 19:16:42] WARNING django.request - Not Found: /cgi-bin/gw.cgi
[2025-09-26 19:16:42] WARNING django.request - Not Found: /cgi-bin/gw.cgi
[2025-09-26 19:16:43] WARNING django.request - Not Found: /cgi-bin/gw.cgi
[2025-09-26 19:16:43] WARNING django.request - Not Found: /cgi-bin/gw.cgi
[2025-09-26 19:16:44] WARNING django.request - Not Found: /cgi-bin/gw.cgi
[2025-09-26 19:16:44] WARNING django.request - Not Found: /cgi-bin/gw.cgi
[2025-09-26 19:16:45] WARNING django.request - Not Found: /cgi-bin/gw.cgi
[2025-09-26 19:16:45] WARNING django.request - Not Found: /cgi-bin/gw.cgi
[2025-09-26 19:16:46] WARNING django.request - Not Found: /cgi-bin/gw.cgi
[2025-09-26 19:16:47] WARNING django.request - Not Found: /cgi-bin/gw.cgi
[2025-09-26 19:16:47] WARNING django.request - Not Found: /cgi-bin/gw.cgi
[2025-09-26 19:16:48] WARNING django.request - Not Found: /cgi-bin/gw.cgi
[2025-09-26 19:16:48] WARNING django.request - Not Found: /cgi-bin/gw.cgi
[2025-09-26 19:16:49] WARNING django.request - Not Found: /cgi-bin/gw.cgi
[2025-09-26 19:16:49] WARNING django.request - Not Found: /cgi-bin/gw.cgi
[2025-09-26 19:16:50] WARNING django.request - Not Found: /cgi-bin/gw.cgi
[2025-09-26 19:16:50] WARNING django.request - Not Found: /cgi-bin/gw.cgi
[2025-09-26 19:16:51] WARNING django.request - Not Found: /cgi-bin/gw.cgi
[2025-09-26 19:16:51] WARNING django.request - Not Found: /cgi-bin/gw.cgi
[2025-09-26 19:16:52] WARNING django.request - Not Found: /cgi-bin/gw.cgi
[2025-09-26 19:16:52] WARNING django.request - Not Found: /cgi-bin/gw.cgi
[2025-09-26 19:16:53] WARNING django.request - Not Found: /cgi-bin/gw.cgi
[2025-09-26 19:16:53] WARNING django.request - Not Found: /cgi-bin/gw.cgi
[2025-09-26 19:16:54] WARNING django.request - Not Found: /cgi-bin/gw.cgi
[2025-09-26 19:16:54] WARNING django.request - Not Found: /cgi-bin/gw.cgi
[2025-09-26 19:16:55] WARNING django.request - Not Found: /cgi-bin/gw.cgi
[2025-09-26 19:16:55] WARNING django.request - Not Found: /cgi-bin/gw.cgi
[2025-09-26 19:16:56] WARNING django.request - Not Found: /cgi-bin/gw.cgi
[2025-09-26 19:16:56] WARNING django.request - Not Found: /cgi-bin/gw.cgi
[2025-09-26 19:16:57] WARNING django.request - Not Found: /cgi-bin/gw.cgi
[2025-09-26 19:16:57] WARNING django.request - Not Found: /cgi-bin/gw.cgi
[2025-09-26 19:16:58] WARNING django.request - Not Found: /cgi-bin/gw.cgi
[2025-09-26 19:16:58] WARNING django.request - Not Found: /cgi-bin/gw.cgi
[2025-09-26 19:16:59] WARNING django.request - Not Found: /cgi-bin/gw.cgi
[2025-09-26 19:16:59] WARNING django.request - Not Found: /cgi-bin/gw.cgi
[2025-09-26 19:17:00] WARNING django.request - Not Found: /cgi-bin/gw.cgi
[2025-09-26 19:17:00] WARNING django.request - Not Found: /cgi-bin/gw.cgi
[2025-09-26 19:17:01] WARNING django.request - Not Found: /cgi-bin/gw.cgi
[2025-09-26 19:17:02] WARNING django.request - Not Found: /cgi-bin/gw.cgi
[2025-09-26 19:17:02] WARNING django.request - Not Found: /cgi-bin/gw.cgi
[2025-09-26 19:17:03] WARNING django.request - Not Found: /cgi-bin/gw.cgi
[2025-09-26 19:17:03] WARNING django.request - Not Found: /cgi-bin/gw.cgi
[2025-09-26 19:17:04] WARNING django.request - Not Found: /cgi-bin/gw.cgi
[2025-09-26 19:17:04] WARNING django.request - Not Found: /cgi-bin/gw.cgi
[2025-09-26 19:17:05] WARNING django.request - Not Found: /cgi-bin/gw.cgi
[2025-09-26 19:17:05] WARNING django.request - Not Found: /cgi-bin/gw.cgi
[2025-09-26 19:17:06] WARNING django.request - Not Found: /cgi-bin/gw.cgi
[2025-09-26 19:17:06] WARNING django.request - Not Found: /cgi-bin/gw.cgi
[2025-09-26 19:17:07] WARNING django.request - Not Found: /cgi-bin/gw.cgi
[2025-09-26 19:17:07] WARNING django.request - Not Found: /cgi-bin/gw.cgi
[2025-09-26 19:17:08] WARNING django.request - Not Found: /cgi-bin/gw.cgi
[2025-09-26 19:17:08] WARNING django.request - Not Found: /cgi-bin/gw.cgi
[2025-09-26 19:17:09] WARNING django.request - Not Found: /cgi-bin/gw.cgi
[2025-09-26 19:17:09] WARNING django.request - Not Found: /cgi-bin/gw.cgi
[2025-09-26 19:17:10] WARNING django.request - Not Found: /cgi-bin/gw.cgi
[2025-09-26 19:17:10] WARNING django.request - Not Found: /cgi-bin/gw.cgi
[2025-09-26 19:17:11] WARNING django.request - Not Found: /cgi-bin/gw.cgi
[2025-09-26 19:17:11] WARNING django.request - Not Found: /cgi-bin/gw.cgi
[2025-09-26 19:17:12] WARNING django.request - Not Found: /cgi-bin/gw.cgi
[2025-09-26 19:17:12] WARNING django.request - Not Found: /cgi-bin/gw.cgi
[2025-09-26 19:17:13] WARNING django.request - Not Found: /cgi-bin/gw.cgi
[2025-09-26 19:17:13] WARNING django.request - Not Found: /cgi-bin/gw.cgi
[2025-09-26 19:17:14] WARNING django.request - Not Found: /cgi-bin/gw.cgi
[2025-09-26 19:17:14] WARNING django.request - Not Found: /cgi-bin/gw.cgi
[2025-09-26 19:17:15] WARNING django.request - Not Found: /cgi-bin/gw.cgi
[2025-09-26 19:17:15] WARNING django.request - Not Found: /cgi-bin/gw.cgi
[2025-09-26 19:17:16] WARNING django.request - Not Found: /cgi-bin/gw.cgi
[2025-09-26 19:17:16] WARNING django.request - Not Found: /cgi-bin/gw.cgi
[2025-09-26 19:17:17] WARNING django.request - Not Found: /cgi-bin/gw.cgi
[2025-09-26 19:17:17] WARNING django.request - Not Found: /cgi-bin/gw.cgi
[2025-09-26 19:17:18] WARNING django.request - Not Found: /cgi-bin/gw.cgi
[2025-09-26 19:17:18] WARNING django.request - Not Found: /cgi-bin/gw.cgi
[2025-09-26 19:17:19] WARNING django.request - Not Found: /cgi-bin/gw.cgi
[2025-09-26 19:17:19] WARNING django.request - Not Found: /cgi-bin/gw.cgi
[2025-09-26 19:17:20] WARNING django.request - Not Found: /cgi-bin/gw.cgi
[2025-09-26 19:17:21] WARNING django.request - Not Found: /cgi-bin/gw.cgi
[2025-09-26 19:17:21] WARNING django.request - Not Found: /cgi-bin/gw.cgi
[2025-09-26 19:17:22] WARNING django.request - Not Found: /cgi-bin/gw.cgi
[2025-09-26 19:17:22] WARNING django.request - Not Found: /cgi-bin/gw.cgi
[2025-09-26 19:17:23] WARNING django.request - Not Found: /cgi-bin/gw.cgi
[2025-09-26 19:17:23] WARNING django.request - Not Found: /cgi-bin/gw.cgi
[2025-09-26 19:17:24] WARNING django.request - Not Found: /cgi-bin/gw.cgi
[2025-09-26 19:17:24] WARNING django.request - Not Found: /cgi-bin/gw.cgi
[2025-09-26 19:17:25] WARNING django.request - Not Found: /cgi-bin/gw.cgi
[2025-09-26 19:17:25] WARNING django.request - Not Found: /cgi-bin/gw.cgi
[2025-09-26 19:17:26] WARNING django.request - Not Found: /cgi-bin/gw.cgi
[2025-09-26 19:17:26] WARNING django.request - Not Found: /cgi-bin/gw.cgi
[2025-09-26 19:17:27] WARNING django.request - Not Found: /cgi-bin/gw.cgi
[2025-09-26 19:17:27] WARNING django.request - Not Found: /cgi-bin/gw.cgi
[2025-09-26 19:17:28] WARNING django.request - Not Found: /cgi-bin/gw.cgi
[2025-09-26 19:17:28] WARNING django.request - Not Found: /cgi-bin/gw.cgi
[2025-09-26 19:17:29] WARNING django.request - Not Found: /cgi-bin/gw.cgi
[2025-09-26 19:17:29] WARNING django.request - Not Found: /cgi-bin/gw.cgi
[2025-09-26 19:17:30] WARNING django.request - Not Found: /cgi-bin/gw.cgi
[2025-09-26 19:17:30] WARNING django.request - Not Found: /cgi-bin/gw.cgi
[2025-09-26 19:17:31] WARNING django.request - Not Found: /cgi-bin/gw.cgi
[2025-09-26 19:17:31] WARNING django.request - Not Found: /cgi-bin/gw.cgi
[2025-09-26 19:17:32] WARNING django.request - Not Found: /cgi-bin/gw.cgi
[2025-09-26 19:17:32] WARNING django.request - Not Found: /cgi-bin/gw.cgi
[2025-09-26 19:17:33] WARNING django.request - Not Found: /cgi-bin/gw.cgi
[2025-09-26 19:17:33] WARNING django.request - Not Found: /cgi-bin/gw.cgi
[2025-09-26 19:17:34] WARNING django.request - Not Found: /cgi-bin/gw.cgi
[2025-09-26 19:17:34] WARNING django.request - Not Found: /cgi-bin/gw.cgi
[2025-09-26 19:17:35] WARNING django.request - Not Found: /cgi-bin/gw.cgi
[2025-09-26 19:17:35] WARNING django.request - Not Found: /cgi-bin/gw.cgi
[2025-09-26 19:17:36] WARNING django.request - Not Found: /cgi-bin/gw.cgi
[2025-09-26 19:17:36] WARNING django.request - Not Found: /cgi-bin/gw.cgi
[2025-09-26 19:17:37] WARNING django.request - Not Found: /cgi-bin/gw.cgi
[2025-09-26 19:17:37] WARNING django.request - Not Found: /cgi-bin/gw.cgi
[2025-09-26 19:17:38] WARNING django.request - Not Found: /cgi-bin/gw.cgi
[2025-09-26 19:17:39] WARNING django.request - Not Found: /cgi-bin/gw.cgi
[2025-09-26 19:17:39] WARNING django.request - Not Found: /cgi-bin/gw.cgi
[2025-09-26 19:17:40] WARNING django.request - Not Found: /cgi-bin/gw.cgi
[2025-09-26 19:17:40] WARNING django.request - Not Found: /cgi-bin/gw.cgi
[2025-09-26 19:17:41] WARNING django.request - Not Found: /cgi-bin/gw.cgi
[2025-09-26 19:17:41] WARNING django.request - Not Found: /cgi-bin/gw.cgi
[2025-09-26 19:17:42] WARNING django.request - Not Found: /cgi-bin/gw.cgi
[2025-09-26 19:17:42] WARNING django.request - Not Found: /cgi-bin/gw.cgi
[2025-09-26 19:17:43] WARNING django.request - Not Found: /cgi-bin/gw.cgi
[2025-09-26 19:17:43] WARNING django.request - Not Found: /cgi-bin/gw.cgi
[2025-09-26 19:17:44] WARNING django.request - Not Found: /cgi-bin/gw.cgi
[2025-09-26 19:17:44] WARNING django.request - Not Found: /cgi-bin/gw.cgi
[2025-09-26 19:17:45] WARNING django.request - Not Found: /cgi-bin/gw.cgi
[2025-09-26 19:17:45] WARNING django.request - Not Found: /cgi-bin/gw.cgi
[2025-09-26 19:17:46] WARNING django.request - Not Found: /cgi-bin/gw.cgi
[2025-09-26 19:17:46] WARNING django.request - Not Found: /cgi-bin/gw.cgi
[2025-09-26 19:17:47] WARNING django.request - Not Found: /cgi-bin/gw.cgi
[2025-09-26 19:17:47] WARNING django.request - Not Found: /cgi-bin/gw.cgi
[2025-09-26 19:17:48] WARNING django.request - Not Found: /cgi-bin/gw.cgi
[2025-09-26 19:17:48] WARNING django.request - Not Found: /cgi-bin/gw.cgi
[2025-09-26 19:17:49] WARNING django.request - Not Found: /cgi-bin/gw.cgi
[2025-09-26 19:17:49] WARNING django.request - Not Found: /cgi-bin/gw.cgi
[2025-09-26 19:17:50] WARNING django.request - Not Found: /cgi-bin/gw.cgi
[2025-09-26 19:17:50] WARNING django.request - Not Found: /cgi-bin/gw.cgi
[2025-09-26 19:17:51] WARNING django.request - Not Found: /cgi-bin/gw.cgi
[2025-09-26 19:17:51] WARNING django.request - Not Found: /cgi-bin/gw.cgi
[2025-09-26 19:17:52] WARNING django.request - Not Found: /cgi-bin/gw.cgi
[2025-09-26 19:17:52] WARNING django.request - Not Found: /cgi-bin/gw.cgi
[2025-09-26 19:17:53] WARNING django.request - Not Found: /cgi-bin/gw.cgi
[2025-09-26 19:17:53] WARNING django.request - Not Found: /cgi-bin/gw.cgi
[2025-09-26 19:17:54] WARNING django.request - Not Found: /cgi-bin/gw.cgi
[2025-09-26 19:17:54] WARNING django.request - Not Found: /cgi-bin/gw.cgi
[2025-09-26 19:17:55] WARNING django.request - Not Found: /cgi-bin/gw.cgi
[2025-09-26 19:17:55] WARNING django.request - Not Found: /cgi-bin/gw.cgi
[2025-09-26 19:17:56] WARNING django.request - Not Found: /cgi-bin/gw.cgi
[2025-09-26 19:17:56] WARNING django.request - Not Found: /cgi-bin/gw.cgi
[2025-09-26 19:17:57] WARNING django.request - Not Found: /cgi-bin/gw.cgi
[2025-09-26 19:17:57] WARNING django.request - Not Found: /cgi-bin/gw.cgi
[2025-09-26 19:17:58] WARNING django.request - Not Found: /cgi-bin/gw.cgi
[2025-09-26 19:17:58] WARNING django.request - Not Found: /cgi-bin/gw.cgi
[2025-09-26 19:17:59] WARNING django.request - Not Found: /cgi-bin/gw.cgi
[2025-09-26 19:17:59] WARNING django.request - Not Found: /cgi-bin/gw.cgi
[2025-09-26 19:18:00] WARNING django.request - Not Found: /cgi-bin/gw.cgi
[2025-09-26 19:18:00] WARNING django.request - Not Found: /cgi-bin/gw.cgi
[2025-09-26 19:18:01] WARNING django.request - Not Found: /cgi-bin/gw.cgi
[2025-09-26 19:18:02] WARNING django.request - Not Found: /cgi-bin/gw.cgi
[2025-09-26 19:18:02] WARNING django.request - Not Found: /cgi-bin/gw.cgi
[2025-09-26 19:18:03] WARNING django.request - Not Found: /cgi-bin/gw.cgi
[2025-09-26 19:18:03] WARNING django.request - Not Found: /cgi-bin/gw.cgi
[2025-09-26 19:18:04] WARNING django.request - Not Found: /cgi-bin/gw.cgi
[2025-09-26 19:18:04] WARNING django.request - Not Found: /cgi-bin/gw.cgi
[2025-09-26 19:18:05] WARNING django.request - Not Found: /cgi-bin/gw.cgi
[2025-09-26 19:18:05] WARNING django.request - Not Found: /cgi-bin/gw.cgi
[2025-09-26 19:18:06] WARNING django.request - Not Found: /cgi-bin/gw.cgi
[2025-09-26 19:18:06] WARNING django.request - Not Found: /cgi-bin/gw.cgi
[2025-09-26 19:18:07] WARNING django.request - Not Found: /cgi-bin/gw.cgi
[2025-09-26 19:18:07] WARNING django.request - Not Found: /cgi-bin/gw.cgi
[2025-09-26 19:18:08] WARNING django.request - Not Found: /cgi-bin/gw.cgi
[2025-09-26 19:18:08] WARNING django.request - Not Found: /cgi-bin/gw.cgi
[2025-09-26 19:18:09] WARNING django.request - Not Found: /cgi-bin/gw.cgi
[2025-09-26 19:18:09] WARNING django.request - Not Found: /cgi-bin/gw.cgi
[2025-09-26 19:18:10] WARNING django.request - Not Found: /cgi-bin/gw.cgi
[2025-09-26 19:18:10] WARNING django.request - Not Found: /cgi-bin/gw.cgi
[2025-09-26 19:18:11] WARNING django.request - Not Found: /cgi-bin/gw.cgi
[2025-09-26 19:18:11] WARNING django.request - Not Found: /cgi-bin/gw.cgi
[2025-09-26 19:18:12] WARNING django.request - Not Found: /cgi-bin/gw.cgi
[2025-09-26 19:18:12] WARNING django.request - Not Found: /cgi-bin/gw.cgi
[2025-09-26 19:18:13] WARNING django.request - Not Found: /cgi-bin/gw.cgi
[2025-09-26 19:18:13] WARNING django.request - Not Found: /cgi-bin/gw.cgi
[2025-09-26 19:18:14] WARNING django.request - Not Found: /cgi-bin/gw.cgi
[2025-09-26 19:18:14] WARNING django.request - Not Found: /cgi-bin/gw.cgi
[2025-09-26 19:18:15] WARNING django.request - Not Found: /cgi-bin/gw.cgi
[2025-09-26 19:18:15] WARNING django.request - Not Found: /cgi-bin/gw.cgi
[2025-09-26 19:18:16] WARNING django.request - Not Found: /cgi-bin/gw.cgi
[2025-09-26 19:18:16] WARNING django.request - Not Found: /cgi-bin/gw.cgi
[2025-09-26 19:18:17] WARNING django.request - Not Found: /cgi-bin/gw.cgi
[2025-09-26 19:18:17] WARNING django.request - Not Found: /cgi-bin/gw.cgi
[2025-09-26 19:18:18] WARNING django.request - Not Found: /cgi-bin/gw.cgi
[2025-09-26 19:18:18] WARNING django.request - Not Found: /cgi-bin/gw.cgi
[2025-09-26 19:18:19] WARNING django.request - Not Found: /cgi-bin/gw.cgi
[2025-09-26 19:18:19] WARNING django.request - Not Found: /cgi-bin/gw.cgi
[2025-09-26 19:18:20] WARNING django.request - Not Found: /cgi-bin/gw.cgi
[2025-09-26 19:18:20] WARNING django.request - Not Found: /cgi-bin/gw.cgi
[2025-09-26 19:18:21] WARNING django.request - Not Found: /cgi-bin/gw.cgi
[2025-09-26 19:18:21] WARNING django.request - Not Found: /cgi-bin/gw.cgi
[2025-09-26 19:18:22] WARNING django.request - Not Found: /cgi-bin/gw.cgi
[2025-09-26 19:18:22] WARNING django.request - Not Found: /cgi-bin/gw.cgi
[2025-09-26 19:18:23] WARNING django.request - Not Found: /cgi-bin/gw.cgi
[2025-09-26 19:18:24] WARNING django.request - Not Found: /cgi-bin/gw.cgi
[2025-09-26 19:18:24] WARNING django.request - Not Found: /cgi-bin/gw.cgi
[2025-09-26 19:18:25] WARNING django.request - Not Found: /cgi-bin/gw.cgi
[2025-09-26 19:18:25] WARNING django.request - Not Found: /cgi-bin/gw.cgi
[2025-09-26 19:18:26] WARNING django.request - Not Found: /cgi-bin/gw.cgi
[2025-09-26 19:18:26] WARNING django.request - Not Found: /cgi-bin/gw.cgi
[2025-09-26 19:18:27] WARNING django.request - Not Found: /cgi-bin/gw.cgi
[2025-09-26 19:18:27] WARNING django.request - Not Found: /cgi-bin/gw.cgi
[2025-09-26 19:18:28] WARNING django.request - Not Found: /cgi-bin/gw.cgi
[2025-09-26 19:18:28] WARNING django.request - Not Found: /cgi-bin/gw.cgi
[2025-09-26 19:18:29] WARNING django.request - Not Found: /cgi-bin/gw.cgi
[2025-09-26 19:18:29] WARNING django.request - Not Found: /cgi-bin/gw.cgi
[2025-09-26 19:18:30] WARNING django.request - Not Found: /cgi-bin/gw.cgi
[2025-09-26 19:18:30] WARNING django.request - Not Found: /cgi-bin/gw.cgi
[2025-09-26 19:18:31] WARNING django.request - Not Found: /cgi-bin/gw.cgi
[2025-09-26 19:18:31] WARNING django.request - Not Found: /cgi-bin/gw.cgi
[2025-09-26 19:18:32] WARNING django.request - Not Found: /cgi-bin/gw.cgi
[2025-09-26 19:18:32] WARNING django.request - Not Found: /cgi-bin/gw.cgi
[2025-09-26 19:18:33] WARNING django.request - Not Found: /cgi-bin/gw.cgi
[2025-09-26 19:18:33] WARNING django.request - Not Found: /cgi-bin/gw.cgi
[2025-09-26 19:18:34] WARNING django.request - Not Found: /cgi-bin/gw.cgi
[2025-09-26 19:18:34] WARNING django.request - Not Found: /cgi-bin/gw.cgi
[2025-09-26 19:18:35] WARNING django.request - Not Found: /cgi-bin/gw.cgi
[2025-09-26 19:18:35] WARNING django.request - Not Found: /cgi-bin/gw.cgi
[2025-09-26 19:18:36] WARNING django.request - Not Found: /cgi-bin/gw.cgi
[2025-09-26 19:18:36] WARNING django.request - Not Found: /cgi-bin/gw.cgi
[2025-09-26 19:18:37] WARNING django.request - Not Found: /cgi-bin/gw.cgi
[2025-09-26 19:18:37] WARNING django.request - Not Found: /cgi-bin/gw.cgi
[2025-09-26 19:18:38] WARNING django.request - Not Found: /cgi-bin/gw.cgi
[2025-09-26 19:18:38] WARNING django.request - Not Found: /cgi-bin/gw.cgi
[2025-09-26 19:18:39] WARNING django.request - Not Found: /cgi-bin/gw.cgi
[2025-09-26 19:18:40] WARNING django.request - Not Found: /cgi-bin/gw.cgi
[2025-09-26 19:18:40] WARNING django.request - Not Found: /cgi-bin/gw.cgi
[2025-09-26 19:18:41] WARNING django.request - Not Found: /cgi-bin/gw.cgi
[2025-09-26 19:18:41] WARNING django.request - Not Found: /cgi-bin/gw.cgi
[2025-09-26 19:18:42] WARNING django.request - Not Found: /cgi-bin/gw.cgi
[2025-09-26 19:18:42] WARNING django.request - Not Found: /cgi-bin/gw.cgi
[2025-09-26 19:18:43] WARNING django.request - Not Found: /cgi-bin/gw.cgi
[2025-09-26 19:18:43] WARNING django.request - Not Found: /cgi-bin/gw.cgi
[2025-09-26 19:18:44] WARNING django.request - Not Found: /cgi-bin/gw.cgi
[2025-09-26 19:18:44] WARNING django.request - Not Found: /cgi-bin/gw.cgi
[2025-09-26 19:18:45] WARNING django.request - Not Found: /cgi-bin/gw.cgi
[2025-09-26 19:18:45] WARNING django.request - Not Found: /cgi-bin/gw.cgi
[2025-09-26 19:18:46] WARNING django.request - Not Found: /cgi-bin/gw.cgi
[2025-09-26 19:18:46] WARNING django.request - Not Found: /cgi-bin/gw.cgi
[2025-09-26 19:18:47] WARNING django.request - Not Found: /cgi-bin/gw.cgi
[2025-09-26 19:18:47] WARNING django.request - Not Found: /cgi-bin/gw.cgi
[2025-09-26 19:18:48] WARNING django.request - Not Found: /cgi-bin/gw.cgi
[2025-09-26 19:18:48] WARNING django.request - Not Found: /cgi-bin/gw.cgi
[2025-09-26 19:18:49] WARNING django.request - Not Found: /cgi-bin/gw.cgi
[2025-09-26 19:18:49] WARNING django.request - Not Found: /cgi-bin/gw.cgi
[2025-09-26 19:18:50] WARNING django.request - Not Found: /cgi-bin/gw.cgi
[2025-09-26 19:18:50] WARNING django.request - Not Found: /cgi-bin/gw.cgi
[2025-09-26 19:18:51] WARNING django.request - Not Found: /cgi-bin/gw.cgi
[2025-09-26 19:18:51] WARNING django.request - Not Found: /cgi-bin/gw.cgi
[2025-09-26 19:18:52] WARNING django.request - Not Found: /cgi-bin/gw.cgi
[2025-09-26 19:18:52] WARNING django.request - Not Found: /cgi-bin/gw.cgi
[2025-09-26 19:18:53] WARNING django.request - Not Found: /cgi-bin/gw.cgi
[2025-09-26 19:18:53] WARNING django.request - Not Found: /cgi-bin/gw.cgi
[2025-09-26 19:18:54] WARNING django.request - Not Found: /cgi-bin/gw.cgi
[2025-09-26 19:18:55] WARNING django.request - Not Found: /cgi-bin/gw.cgi
[2025-09-26 19:18:55] WARNING django.request - Not Found: /cgi-bin/gw.cgi
[2025-09-26 19:18:56] WARNING django.request - Not Found: /cgi-bin/gw.cgi
[2025-09-26 19:18:56] WARNING django.request - Not Found: /cgi-bin/gw.cgi
[2025-09-26 19:18:57] WARNING django.request - Not Found: /cgi-bin/gw.cgi
[2025-09-26 19:18:57] WARNING django.request - Not Found: /cgi-bin/gw.cgi
[2025-09-26 19:18:58] WARNING django.request - Not Found: /cgi-bin/gw.cgi
[2025-09-26 19:18:58] WARNING django.request - Not Found: /cgi-bin/gw.cgi
[2025-09-26 19:18:59] WARNING django.request - Not Found: /cgi-bin/gw.cgi
[2025-09-26 19:18:59] WARNING django.request - Not Found: /cgi-bin/gw.cgi
[2025-09-26 19:19:00] WARNING django.request - Not Found: /cgi-bin/gw.cgi
[2025-09-26 19:19:00] WARNING django.request - Not Found: /cgi-bin/gw.cgi
[2025-09-26 19:19:01] WARNING django.request - Not Found: /cgi-bin/gw.cgi
[2025-09-26 19:19:01] WARNING django.request - Not Found: /cgi-bin/gw.cgi
[2025-09-26 19:19:02] WARNING django.request - Not Found: /cgi-bin/gw.cgi
[2025-09-26 19:19:02] WARNING django.request - Not Found: /cgi-bin/gw.cgi
[2025-09-26 19:19:03] WARNING django.request - Not Found: /cgi-bin/gw.cgi
[2025-09-26 19:19:03] WARNING django.request - Not Found: /cgi-bin/gw.cgi
[2025-09-26 19:19:04] WARNING django.request - Not Found: /cgi-bin/gw.cgi
[2025-09-26 19:19:04] WARNING django.request - Not Found: /cgi-bin/gw.cgi
[2025-09-26 19:19:05] WARNING django.request - Not Found: /cgi-bin/gw.cgi
[2025-09-26 19:19:05] WARNING django.request - Not Found: /cgi-bin/gw.cgi
[2025-09-26 19:19:06] WARNING django.request - Not Found: /cgi-bin/gw.cgi
[2025-09-26 19:19:06] WARNING django.request - Not Found: /cgi-bin/gw.cgi
[2025-09-26 19:19:07] WARNING django.request - Not Found: /cgi-bin/gw.cgi
[2025-09-26 19:19:07] WARNING django.request - Not Found: /cgi-bin/gw.cgi
[2025-09-26 19:19:08] WARNING django.request - Not Found: /cgi-bin/gw.cgi
[2025-09-26 19:19:08] WARNING django.request - Not Found: /cgi-bin/gw.cgi
[2025-09-26 19:19:09] WARNING django.request - Not Found: /cgi-bin/gw.cgi
[2025-09-26 19:19:09] WARNING django.request - Not Found: /cgi-bin/gw.cgi
[2025-09-26 19:19:10] WARNING django.request - Not Found: /cgi-bin/gw.cgi
[2025-09-26 19:19:10] WARNING django.request - Not Found: /cgi-bin/gw.cgi
[2025-09-26 19:19:11] WARNING django.request - Not Found: /cgi-bin/gw.cgi
[2025-09-26 19:19:11] WARNING django.request - Not Found: /cgi-bin/gw.cgi
[2025-09-26 19:19:12] WARNING django.request - Not Found: /cgi-bin/gw.cgi
[2025-09-26 19:19:13] WARNING django.request - Not Found: /cgi-bin/gw.cgi
[2025-09-26 19:19:13] WARNING django.request - Not Found: /cgi-bin/gw.cgi
[2025-09-26 19:19:14] WARNING django.request - Not Found: /cgi-bin/gw.cgi
[2025-09-26 19:19:14] WARNING django.request - Not Found: /cgi-bin/gw.cgi
[2025-09-26 19:19:15] WARNING django.request - Not Found: /cgi-bin/gw.cgi
[2025-09-26 19:19:15] WARNING django.request - Not Found: /cgi-bin/gw.cgi
[2025-09-26 19:19:16] WARNING django.request - Not Found: /cgi-bin/gw.cgi
[2025-09-26 19:19:16] WARNING django.request - Not Found: /cgi-bin/gw.cgi
[2025-09-26 19:19:17] WARNING django.request - Not Found: /cgi-bin/gw.cgi
[2025-09-26 19:19:17] WARNING django.request - Not Found: /cgi-bin/gw.cgi
[2025-09-26 19:19:18] WARNING django.request - Not Found: /cgi-bin/gw.cgi
[2025-09-26 19:19:18] WARNING django.request - Not Found: /cgi-bin/gw.cgi
[2025-09-26 19:19:19] WARNING django.request - Not Found: /cgi-bin/gw.cgi
[2025-09-26 19:19:19] WARNING django.request - Not Found: /cgi-bin/gw.cgi
[2025-09-26 19:19:20] WARNING django.request - Not Found: /cgi-bin/gw.cgi
[2025-09-26 19:19:20] WARNING django.request - Not Found: /cgi-bin/gw.cgi
[2025-09-26 19:19:21] WARNING django.request - Not Found: /cgi-bin/gw.cgi
[2025-09-26 19:19:21] WARNING django.request - Not Found: /cgi-bin/gw.cgi
[2025-09-26 19:19:22] WARNING django.request - Not Found: /cgi-bin/gw.cgi
[2025-09-26 19:19:22] WARNING django.request - Not Found: /cgi-bin/gw.cgi
[2025-09-26 19:19:23] WARNING django.request - Not Found: /cgi-bin/gw.cgi
[2025-09-26 19:19:23] WARNING django.request - Not Found: /cgi-bin/gw.cgi
[2025-09-26 19:19:24] WARNING django.request - Not Found: /cgi-bin/gw.cgi
[2025-09-26 19:19:24] WARNING django.request - Not Found: /cgi-bin/gw.cgi
[2025-09-26 19:19:25] WARNING django.request - Not Found: /cgi-bin/gw.cgi
[2025-09-26 19:19:25] WARNING django.request - Not Found: /cgi-bin/gw.cgi
[2025-09-26 19:19:26] WARNING django.request - Not Found: /cgi-bin/gw.cgi
[2025-09-26 19:19:26] WARNING django.request - Not Found: /cgi-bin/gw.cgi
[2025-09-26 19:19:27] WARNING django.request - Not Found: /cgi-bin/gw.cgi
[2025-09-26 19:19:27] WARNING django.request - Not Found: /cgi-bin/gw.cgi
[2025-09-26 19:19:28] WARNING django.request - Not Found: /cgi-bin/gw.cgi
[2025-09-26 19:19:28] WARNING django.request - Not Found: /cgi-bin/gw.cgi
[2025-09-26 19:19:29] WARNING django.request - Not Found: /cgi-bin/gw.cgi
[2025-09-26 19:19:29] WARNING django.request - Not Found: /cgi-bin/gw.cgi
[2025-09-26 19:19:30] WARNING django.request - Not Found: /cgi-bin/gw.cgi
[2025-09-26 19:19:31] WARNING django.request - Not Found: /cgi-bin/gw.cgi
[2025-09-26 19:19:31] WARNING django.request - Not Found: /cgi-bin/gw.cgi
[2025-09-26 19:19:32] WARNING django.request - Not Found: /cgi-bin/gw.cgi
[2025-09-26 19:19:32] WARNING django.request - Not Found: /cgi-bin/gw.cgi
[2025-09-26 19:19:33] WARNING django.request - Not Found: /cgi-bin/gw.cgi
[2025-09-26 19:19:33] WARNING django.request - Not Found: /cgi-bin/gw.cgi
[2025-09-26 19:19:34] WARNING django.request - Not Found: /cgi-bin/gw.cgi
[2025-09-26 19:19:34] WARNING django.request - Not Found: /cgi-bin/gw.cgi
[2025-09-26 19:19:35] WARNING django.request - Not Found: /cgi-bin/gw.cgi
[2025-09-26 19:19:35] WARNING django.request - Not Found: /cgi-bin/gw.cgi
[2025-09-26 19:19:36] WARNING django.request - Not Found: /cgi-bin/gw.cgi
[2025-09-26 19:19:36] WARNING django.request - Not Found: /cgi-bin/gw.cgi
[2025-09-26 19:19:37] WARNING django.request - Not Found: /cgi-bin/gw.cgi
[2025-09-26 19:19:37] WARNING django.request - Not Found: /cgi-bin/gw.cgi
[2025-09-26 19:19:38] WARNING django.request - Not Found: /cgi-bin/gw.cgi
[2025-09-26 19:19:38] WARNING django.request - Not Found: /cgi-bin/gw.cgi
[2025-09-26 19:19:39] WARNING django.request - Not Found: /cgi-bin/gw.cgi
[2025-09-26 19:19:39] WARNING django.request - Not Found: /cgi-bin/gw.cgi
[2025-09-26 19:19:40] WARNING django.request - Not Found: /cgi-bin/gw.cgi
[2025-09-26 19:19:40] WARNING django.request - Not Found: /cgi-bin/gw.cgi
[2025-09-26 19:19:41] WARNING django.request - Not Found: /cgi-bin/gw.cgi
[2025-09-26 19:19:41] WARNING django.request - Not Found: /cgi-bin/gw.cgi
[2025-09-26 19:19:42] WARNING django.request - Not Found: /cgi-bin/gw.cgi
[2025-09-26 19:19:42] WARNING django.request - Not Found: /cgi-bin/gw.cgi
[2025-09-26 19:19:43] WARNING django.request - Not Found: /cgi-bin/gw.cgi
[2025-09-26 19:19:43] WARNING django.request - Not Found: /cgi-bin/gw.cgi
[2025-09-26 19:19:44] WARNING django.request - Not Found: /cgi-bin/gw.cgi
[2025-09-26 19:19:44] WARNING django.request - Not Found: /cgi-bin/gw.cgi
[2025-09-26 19:19:45] WARNING django.request - Not Found: /cgi-bin/gw.cgi
[2025-09-26 19:19:45] WARNING django.request - Not Found: /cgi-bin/gw.cgi
[2025-09-26 19:19:46] WARNING django.request - Not Found: /cgi-bin/gw.cgi
[2025-09-26 19:19:47] WARNING django.request - Not Found: /cgi-bin/gw.cgi
[2025-09-26 19:19:47] WARNING django.request - Not Found: /cgi-bin/gw.cgi
[2025-09-26 19:19:48] WARNING django.request - Not Found: /cgi-bin/gw.cgi
[2025-09-26 19:19:48] WARNING django.request - Not Found: /cgi-bin/gw.cgi
[2025-09-26 19:19:49] WARNING django.request - Not Found: /cgi-bin/gw.cgi
[2025-09-26 19:19:49] WARNING django.request - Not Found: /cgi-bin/gw.cgi
[2025-09-26 19:19:50] WARNING django.request - Not Found: /cgi-bin/gw.cgi
[2025-09-26 19:19:50] WARNING django.request - Not Found: /cgi-bin/gw.cgi
[2025-09-26 19:19:51] WARNING django.request - Not Found: /cgi-bin/gw.cgi
[2025-09-26 19:19:51] WARNING django.request - Not Found: /cgi-bin/gw.cgi
[2025-09-26 19:19:52] WARNING django.request - Not Found: /cgi-bin/gw.cgi
[2025-09-26 19:19:52] WARNING django.request - Not Found: /cgi-bin/gw.cgi
[2025-09-26 19:19:53] WARNING django.request - Not Found: /cgi-bin/gw.cgi
[2025-09-26 19:19:53] WARNING django.request - Not Found: /cgi-bin/gw.cgi
[2025-09-26 19:19:54] WARNING django.request - Not Found: /cgi-bin/gw.cgi
[2025-09-26 19:19:54] WARNING django.request - Not Found: /cgi-bin/gw.cgi
[2025-09-26 19:19:55] WARNING django.request - Not Found: /cgi-bin/gw.cgi
[2025-09-26 19:19:55] WARNING django.request - Not Found: /cgi-bin/gw.cgi
[2025-09-26 19:19:56] WARNING django.request - Not Found: /cgi-bin/gw.cgi
[2025-09-26 19:19:56] WARNING django.request - Not Found: /cgi-bin/gw.cgi
[2025-09-26 19:19:57] WARNING django.request - Not Found: /cgi-bin/gw.cgi
[2025-09-26 19:19:57] WARNING django.request - Not Found: /cgi-bin/gw.cgi
[2025-09-26 19:19:58] WARNING django.request - Not Found: /cgi-bin/gw.cgi
[2025-09-26 19:19:58] WARNING django.request - Not Found: /cgi-bin/gw.cgi
[2025-09-26 19:19:59] WARNING django.request - Not Found: /cgi-bin/gw.cgi
[2025-09-26 19:19:59] WARNING django.request - Not Found: /cgi-bin/gw.cgi
[2025-09-26 19:20:00] WARNING django.request - Not Found: /cgi-bin/gw.cgi
[2025-09-26 19:20:00] WARNING django.request - Not Found: /cgi-bin/gw.cgi
[2025-09-26 19:20:01] WARNING django.request - Not Found: /cgi-bin/gw.cgi
[2025-09-26 19:20:01] WARNING django.request - Not Found: /cgi-bin/gw.cgi
[2025-09-26 19:20:02] WARNING django.request - Not Found: /cgi-bin/gw.cgi
[2025-09-26 19:20:02] WARNING django.request - Not Found: /cgi-bin/gw.cgi
[2025-09-26 19:20:03] WARNING django.request - Not Found: /cgi-bin/gw.cgi
[2025-09-26 19:20:03] WARNING django.request - Not Found: /cgi-bin/gw.cgi
[2025-09-26 19:20:04] WARNING django.request - Not Found: /cgi-bin/gw.cgi
[2025-09-26 19:20:05] WARNING django.request - Not Found: /cgi-bin/gw.cgi
[2025-09-26 19:20:05] WARNING django.request - Not Found: /cgi-bin/gw.cgi
[2025-09-26 19:20:06] WARNING django.request - Not Found: /cgi-bin/gw.cgi
[2025-09-26 19:20:06] WARNING django.request - Not Found: /cgi-bin/gw.cgi
[2025-09-26 19:20:07] WARNING django.request - Not Found: /cgi-bin/gw.cgi
[2025-09-26 19:20:07] WARNING django.request - Not Found: /cgi-bin/gw.cgi
[2025-09-26 19:20:08] WARNING django.request - Not Found: /cgi-bin/gw.cgi
[2025-09-26 19:20:08] WARNING django.request - Not Found: /cgi-bin/gw.cgi
[2025-09-26 19:20:09] WARNING django.request - Not Found: /cgi-bin/gw.cgi
[2025-09-26 19:20:09] WARNING django.request - Not Found: /cgi-bin/gw.cgi
[2025-09-26 19:20:10] WARNING django.request - Not Found: /cgi-bin/gw.cgi
[2025-09-26 19:20:10] WARNING django.request - Not Found: /cgi-bin/gw.cgi
[2025-09-26 19:20:11] WARNING django.request - Not Found: /cgi-bin/gw.cgi
[2025-09-26 19:20:11] WARNING django.request - Not Found: /cgi-bin/gw.cgi
[2025-09-26 19:20:12] WARNING django.request - Not Found: /cgi-bin/gw.cgi
[2025-09-26 19:20:12] WARNING django.request - Not Found: /cgi-bin/gw.cgi
[2025-09-26 19:20:13] WARNING django.request - Not Found: /cgi-bin/gw.cgi
[2025-09-26 19:20:13] WARNING django.request - Not Found: /cgi-bin/gw.cgi
[2025-09-26 19:20:14] WARNING django.request - Not Found: /cgi-bin/gw.cgi
[2025-09-26 19:20:14] WARNING django.request - Not Found: /cgi-bin/gw.cgi
[2025-09-26 19:20:15] WARNING django.request - Not Found: /cgi-bin/gw.cgi
[2025-09-26 19:20:15] WARNING django.request - Not Found: /cgi-bin/gw.cgi
[2025-09-26 19:20:16] WARNING django.request - Not Found: /cgi-bin/gw.cgi
[2025-09-26 19:20:16] WARNING django.request - Not Found: /cgi-bin/gw.cgi
[2025-09-26 19:20:17] WARNING django.request - Not Found: /cgi-bin/gw.cgi
[2025-09-26 19:20:17] WARNING django.request - Not Found: /cgi-bin/gw.cgi
[2025-09-26 19:20:18] WARNING django.request - Not Found: /cgi-bin/gw.cgi
[2025-09-26 19:20:18] WARNING django.request - Not Found: /cgi-bin/gw.cgi
[2025-09-26 19:20:19] WARNING django.request - Not Found: /cgi-bin/gw.cgi
[2025-09-26 19:20:19] WARNING django.request - Not Found: /cgi-bin/gw.cgi
[2025-09-26 19:20:20] WARNING django.request - Not Found: /cgi-bin/gw.cgi
[2025-09-26 19:20:20] WARNING django.request - Not Found: /cgi-bin/gw.cgi
[2025-09-26 19:20:21] WARNING django.request - Not Found: /cgi-bin/gw.cgi
[2025-09-26 19:20:22] WARNING django.request - Not Found: /cgi-bin/gw.cgi
[2025-09-26 19:20:22] WARNING django.request - Not Found: /cgi-bin/gw.cgi
[2025-09-26 19:20:23] WARNING django.request - Not Found: /cgi-bin/gw.cgi
[2025-09-26 19:20:23] WARNING django.request - Not Found: /cgi-bin/gw.cgi
[2025-09-26 19:20:24] WARNING django.request - Not Found: /cgi-bin/gw.cgi
[2025-09-26 19:20:24] WARNING django.request - Not Found: /cgi-bin/gw.cgi
[2025-09-26 19:20:25] WARNING django.request - Not Found: /cgi-bin/gw.cgi
[2025-09-26 19:20:25] WARNING django.request - Not Found: /cgi-bin/gw.cgi
[2025-09-26 19:20:26] WARNING django.request - Not Found: /cgi-bin/gw.cgi
[2025-09-26 19:20:26] WARNING django.request - Not Found: /cgi-bin/gw.cgi
[2025-09-26 19:20:27] WARNING django.request - Not Found: /cgi-bin/gw.cgi
[2025-09-26 19:20:27] WARNING django.request - Not Found: /cgi-bin/gw.cgi
[2025-09-26 19:20:28] WARNING django.request - Not Found: /cgi-bin/gw.cgi
[2025-09-26 19:20:28] WARNING django.request - Not Found: /cgi-bin/gw.cgi
[2025-09-26 19:20:29] WARNING django.request - Not Found: /cgi-bin/gw.cgi
[2025-09-26 19:20:29] WARNING django.request - Not Found: /cgi-bin/gw.cgi
[2025-09-26 19:20:30] WARNING django.request - Not Found: /cgi-bin/gw.cgi
[2025-09-26 19:20:30] WARNING django.request - Not Found: /cgi-bin/gw.cgi
[2025-09-26 19:20:31] WARNING django.request - Not Found: /cgi-bin/gw.cgi
[2025-09-26 19:20:31] WARNING django.request - Not Found: /cgi-bin/gw.cgi
[2025-09-26 19:20:32] WARNING django.request - Not Found: /cgi-bin/gw.cgi
[2025-09-26 19:20:32] WARNING django.request - Not Found: /cgi-bin/gw.cgi
[2025-09-26 19:20:33] WARNING django.request - Not Found: /cgi-bin/gw.cgi
[2025-09-26 19:20:33] WARNING django.request - Not Found: /cgi-bin/gw.cgi
[2025-09-26 19:20:34] WARNING django.request - Not Found: /cgi-bin/gw.cgi
[2025-09-26 19:20:34] WARNING django.request - Not Found: /cgi-bin/gw.cgi
[2025-09-26 19:20:35] WARNING django.request - Not Found: /cgi-bin/gw.cgi
[2025-09-26 19:20:35] WARNING django.request - Not Found: /cgi-bin/gw.cgi
[2025-09-26 19:20:36] WARNING django.request - Not Found: /cgi-bin/gw.cgi
[2025-09-26 19:20:36] WARNING django.request - Not Found: /cgi-bin/gw.cgi
[2025-09-26 19:20:37] WARNING django.request - Not Found: /cgi-bin/gw.cgi
[2025-09-26 19:20:37] WARNING django.request - Not Found: /cgi-bin/gw.cgi
[2025-09-26 19:20:38] WARNING django.request - Not Found: /cgi-bin/gw.cgi
[2025-09-26 19:20:38] WARNING django.request - Not Found: /cgi-bin/gw.cgi
[2025-09-26 19:20:39] WARNING django.request - Not Found: /cgi-bin/gw.cgi
[2025-09-26 19:20:40] WARNING django.request - Not Found: /cgi-bin/gw.cgi
[2025-09-26 19:20:40] WARNING django.request - Not Found: /cgi-bin/gw.cgi
[2025-09-26 19:20:41] WARNING django.request - Not Found: /cgi-bin/gw.cgi
[2025-09-26 19:20:41] WARNING django.request - Not Found: /cgi-bin/gw.cgi
[2025-09-26 19:20:42] WARNING django.request - Not Found: /cgi-bin/gw.cgi
[2025-09-26 19:20:42] WARNING django.request - Not Found: /cgi-bin/gw.cgi
[2025-09-26 19:20:43] WARNING django.request - Not Found: /cgi-bin/gw.cgi
[2025-09-26 19:20:43] WARNING django.request - Not Found: /cgi-bin/gw.cgi
[2025-09-26 19:20:44] WARNING django.request - Not Found: /cgi-bin/gw.cgi
[2025-09-26 19:20:44] WARNING django.request - Not Found: /cgi-bin/gw.cgi
[2025-09-26 19:20:45] WARNING django.request - Not Found: /cgi-bin/gw.cgi
[2025-09-26 19:20:45] WARNING django.request - Not Found: /cgi-bin/gw.cgi
[2025-09-26 19:20:46] WARNING django.request - Not Found: /cgi-bin/gw.cgi
[2025-09-26 19:20:46] WARNING django.request - Not Found: /cgi-bin/gw.cgi
[2025-09-26 19:20:47] WARNING django.request - Not Found: /cgi-bin/gw.cgi
[2025-09-26 19:20:47] WARNING django.request - Not Found: /cgi-bin/gw.cgi
[2025-09-26 19:20:48] WARNING django.request - Not Found: /cgi-bin/gw.cgi
[2025-09-26 19:20:48] WARNING django.request - Not Found: /cgi-bin/gw.cgi
[2025-09-26 19:20:49] WARNING django.request - Not Found: /cgi-bin/gw.cgi
[2025-09-26 19:20:49] WARNING django.request - Not Found: /cgi-bin/gw.cgi
[2025-09-26 19:20:50] WARNING django.request - Not Found: /cgi-bin/gw.cgi
[2025-09-26 19:20:50] WARNING django.request - Not Found: /cgi-bin/gw.cgi
[2025-09-26 19:20:51] WARNING django.request - Not Found: /cgi-bin/gw.cgi
[2025-09-26 19:20:51] WARNING django.request - Not Found: /cgi-bin/gw.cgi
[2025-09-26 19:20:52] WARNING django.request - Not Found: /cgi-bin/gw.cgi
[2025-09-26 19:20:52] WARNING django.request - Not Found: /cgi-bin/gw.cgi
[2025-09-26 19:20:53] WARNING django.request - Not Found: /cgi-bin/gw.cgi
[2025-09-26 19:20:53] WARNING django.request - Not Found: /cgi-bin/gw.cgi
[2025-09-26 19:20:54] WARNING django.request - Not Found: /cgi-bin/gw.cgi
[2025-09-26 19:20:54] WARNING django.request - Not Found: /cgi-bin/gw.cgi
[2025-09-26 19:20:55] WARNING django.request - Not Found: /cgi-bin/gw.cgi
[2025-09-26 19:20:55] WARNING django.request - Not Found: /cgi-bin/gw.cgi
[2025-09-26 19:20:56] WARNING django.request - Not Found: /cgi-bin/gw.cgi
[2025-09-26 19:20:56] WARNING django.request - Not Found: /cgi-bin/gw.cgi
[2025-09-26 19:20:57] WARNING django.request - Not Found: /cgi-bin/gw.cgi
[2025-09-26 19:20:58] WARNING django.request - Not Found: /cgi-bin/gw.cgi
[2025-09-26 19:20:58] WARNING django.request - Not Found: /cgi-bin/gw.cgi
[2025-09-26 19:20:59] WARNING django.request - Not Found: /cgi-bin/gw.cgi
[2025-09-26 19:20:59] WARNING django.request - Not Found: /cgi-bin/gw.cgi
[2025-09-26 19:21:00] WARNING django.request - Not Found: /cgi-bin/gw.cgi
[2025-09-26 19:21:00] WARNING django.request - Not Found: /cgi-bin/gw.cgi
[2025-09-26 19:21:01] WARNING django.request - Not Found: /cgi-bin/gw.cgi
[2025-09-26 19:21:01] WARNING django.request - Not Found: /cgi-bin/gw.cgi
[2025-09-26 19:21:02] WARNING django.request - Not Found: /cgi-bin/gw.cgi
[2025-09-26 19:21:02] WARNING django.request - Not Found: /cgi-bin/gw.cgi
[2025-09-26 19:21:03] WARNING django.request - Not Found: /cgi-bin/gw.cgi
[2025-09-26 19:21:03] WARNING django.request - Not Found: /cgi-bin/gw.cgi
[2025-09-26 19:21:04] WARNING django.request - Not Found: /cgi-bin/gw.cgi
[2025-09-26 19:21:04] WARNING django.request - Not Found: /cgi-bin/gw.cgi
[2025-09-26 19:21:05] WARNING django.request - Not Found: /cgi-bin/gw.cgi
[2025-09-26 19:21:05] WARNING django.request - Not Found: /cgi-bin/gw.cgi
[2025-09-26 19:21:06] WARNING django.request - Not Found: /cgi-bin/gw.cgi
[2025-09-26 19:21:06] WARNING django.request - Not Found: /cgi-bin/gw.cgi
[2025-09-26 19:21:07] WARNING django.request - Not Found: /cgi-bin/gw.cgi
[2025-09-26 19:21:07] WARNING django.request - Not Found: /cgi-bin/gw.cgi
[2025-09-26 19:21:08] WARNING django.request - Not Found: /cgi-bin/gw.cgi
[2025-09-26 19:21:08] WARNING django.request - Not Found: /cgi-bin/gw.cgi
[2025-09-26 19:21:09] WARNING django.request - Not Found: /cgi-bin/gw.cgi
[2025-09-26 19:21:09] WARNING django.request - Not Found: /cgi-bin/gw.cgi
[2025-09-26 19:21:10] WARNING django.request - Not Found: /cgi-bin/gw.cgi
[2025-09-26 19:21:10] WARNING django.request - Not Found: /cgi-bin/gw.cgi
[2025-09-26 19:21:11] WARNING django.request - Not Found: /cgi-bin/gw.cgi
[2025-09-26 19:21:11] WARNING django.request - Not Found: /cgi-bin/gw.cgi
[2025-09-26 19:21:12] WARNING django.request - Not Found: /cgi-bin/gw.cgi
[2025-09-26 19:21:12] WARNING django.request - Not Found: /cgi-bin/gw.cgi
[2025-09-26 19:21:13] WARNING django.request - Not Found: /cgi-bin/gw.cgi
[2025-09-26 19:21:13] WARNING django.request - Not Found: /cgi-bin/gw.cgi
[2025-09-26 19:21:14] WARNING django.request - Not Found: /cgi-bin/gw.cgi
[2025-09-26 19:21:14] WARNING django.request - Not Found: /cgi-bin/gw.cgi
[2025-09-26 19:21:15] WARNING django.request - Not Found: /cgi-bin/gw.cgi
[2025-09-26 19:21:16] WARNING django.request - Not Found: /cgi-bin/gw.cgi
[2025-09-26 19:21:16] WARNING django.request - Not Found: /cgi-bin/gw.cgi
[2025-09-26 19:21:17] WARNING django.request - Not Found: /cgi-bin/gw.cgi
[2025-09-26 19:21:17] WARNING django.request - Not Found: /cgi-bin/gw.cgi
[2025-09-26 19:21:18] WARNING django.request - Not Found: /cgi-bin/gw.cgi
[2025-09-26 19:21:18] WARNING django.request - Not Found: /cgi-bin/gw.cgi
[2025-09-26 19:21:19] WARNING django.request - Not Found: /cgi-bin/gw.cgi
[2025-09-26 19:21:19] WARNING django.request - Not Found: /cgi-bin/gw.cgi
[2025-09-26 19:21:20] WARNING django.request - Not Found: /cgi-bin/gw.cgi
[2025-09-26 19:21:20] WARNING django.request - Not Found: /cgi-bin/gw.cgi
[2025-09-26 19:21:21] WARNING django.request - Not Found: /cgi-bin/gw.cgi
[2025-09-26 19:21:21] WARNING django.request - Not Found: /cgi-bin/gw.cgi
[2025-09-26 19:21:22] WARNING django.request - Not Found: /cgi-bin/gw.cgi
[2025-09-26 19:21:22] WARNING django.request - Not Found: /cgi-bin/gw.cgi
[2025-09-26 19:21:23] WARNING django.request - Not Found: /cgi-bin/gw.cgi
[2025-09-26 19:21:23] WARNING django.request - Not Found: /cgi-bin/gw.cgi
[2025-09-26 19:21:24] WARNING django.request - Not Found: /cgi-bin/gw.cgi
[2025-09-26 19:21:24] WARNING django.request - Not Found: /cgi-bin/gw.cgi
[2025-09-26 19:21:25] WARNING django.request - Not Found: /cgi-bin/gw.cgi
[2025-09-26 19:21:25] WARNING django.request - Not Found: /cgi-bin/gw.cgi
[2025-09-26 19:21:26] WARNING django.request - Not Found: /cgi-bin/gw.cgi
[2025-09-26 19:21:26] WARNING django.request - Not Found: /cgi-bin/gw.cgi
[2025-09-26 19:21:27] WARNING django.request - Not Found: /cgi-bin/gw.cgi
[2025-09-26 19:21:27] WARNING django.request - Not Found: /cgi-bin/gw.cgi
[2025-09-26 19:21:28] WARNING django.request - Not Found: /cgi-bin/gw.cgi
[2025-09-26 19:21:28] WARNING django.request - Not Found: /cgi-bin/gw.cgi
[2025-09-26 19:21:29] WARNING django.request - Not Found: /cgi-bin/gw.cgi
[2025-09-26 19:21:30] WARNING django.request - Not Found: /cgi-bin/gw.cgi
[2025-09-26 19:21:30] WARNING django.request - Not Found: /cgi-bin/gw.cgi
[2025-09-26 19:21:31] WARNING django.request - Not Found: /cgi-bin/gw.cgi
[2025-09-26 19:21:31] WARNING django.request - Not Found: /cgi-bin/gw.cgi
[2025-09-26 19:21:32] WARNING django.request - Not Found: /cgi-bin/gw.cgi
[2025-09-26 19:21:32] WARNING django.request - Not Found: /cgi-bin/gw.cgi
[2025-09-26 19:21:33] WARNING django.request - Not Found: /cgi-bin/gw.cgi
[2025-09-26 19:21:33] WARNING django.request - Not Found: /cgi-bin/gw.cgi
[2025-09-26 19:21:34] WARNING django.request - Not Found: /cgi-bin/gw.cgi
[2025-09-26 19:21:34] WARNING django.request - Not Found: /cgi-bin/gw.cgi
[2025-09-26 19:21:35] WARNING django.request - Not Found: /cgi-bin/gw.cgi
[2025-09-26 19:21:35] WARNING django.request - Not Found: /cgi-bin/gw.cgi
[2025-09-26 19:21:36] WARNING django.request - Not Found: /cgi-bin/gw.cgi
[2025-09-26 19:21:36] WARNING django.request - Not Found: /cgi-bin/gw.cgi
[2025-09-26 19:21:37] WARNING django.request - Not Found: /cgi-bin/gw.cgi
[2025-09-26 19:21:37] WARNING django.request - Not Found: /cgi-bin/gw.cgi
[2025-09-26 19:21:38] WARNING django.request - Not Found: /cgi-bin/gw.cgi
[2025-09-26 19:21:38] WARNING django.request - Not Found: /cgi-bin/gw.cgi
[2025-09-26 19:21:39] WARNING django.request - Not Found: /cgi-bin/gw.cgi
[2025-09-26 19:21:39] WARNING django.request - Not Found: /cgi-bin/gw.cgi
[2025-09-26 19:21:40] WARNING django.request - Not Found: /cgi-bin/gw.cgi
[2025-09-26 19:21:40] WARNING django.request - Not Found: /cgi-bin/gw.cgi
[2025-09-26 19:21:41] WARNING django.request - Not Found: /cgi-bin/gw.cgi
[2025-09-26 19:21:41] WARNING django.request - Not Found: /cgi-bin/gw.cgi
[2025-09-26 19:21:42] WARNING django.request - Not Found: /cgi-bin/gw.cgi
[2025-09-26 19:21:42] WARNING django.request - Not Found: /cgi-bin/gw.cgi
[2025-09-26 19:21:43] WARNING django.request - Not Found: /cgi-bin/gw.cgi
[2025-09-26 19:21:43] WARNING django.request - Not Found: /cgi-bin/gw.cgi
[2025-09-26 19:21:44] WARNING django.request - Not Found: /cgi-bin/gw.cgi
[2025-09-26 19:21:44] WARNING django.request - Not Found: /cgi-bin/gw.cgi
[2025-09-26 19:21:45] WARNING django.request - Not Found: /cgi-bin/gw.cgi
[2025-09-26 19:21:45] WARNING django.request - Not Found: /cgi-bin/gw.cgi
[2025-09-26 19:21:46] WARNING django.request - Not Found: /cgi-bin/gw.cgi
[2025-09-26 19:21:46] WARNING django.request - Not Found: /cgi-bin/gw.cgi
[2025-09-26 19:21:47] WARNING django.request - Not Found: /cgi-bin/gw.cgi
[2025-09-26 19:21:47] WARNING django.request - Not Found: /cgi-bin/gw.cgi
[2025-09-26 19:21:48] WARNING django.request - Not Found: /cgi-bin/gw.cgi
[2025-09-26 19:21:48] WARNING django.request - Not Found: /cgi-bin/gw.cgi
[2025-09-26 19:21:49] WARNING django.request - Not Found: /cgi-bin/gw.cgi
[2025-09-26 19:21:49] WARNING django.request - Not Found: /cgi-bin/gw.cgi
[2025-09-26 19:21:50] WARNING django.request - Not Found: /cgi-bin/gw.cgi
[2025-09-26 19:21:51] WARNING django.request - Not Found: /cgi-bin/gw.cgi
[2025-09-26 19:21:51] WARNING django.request - Not Found: /cgi-bin/gw.cgi
[2025-09-26 19:21:52] WARNING django.request - Not Found: /cgi-bin/gw.cgi
[2025-09-26 19:21:52] WARNING django.request - Not Found: /cgi-bin/gw.cgi
[2025-09-26 19:21:53] WARNING django.request - Not Found: /cgi-bin/gw.cgi
[2025-09-26 19:21:53] WARNING django.request - Not Found: /cgi-bin/gw.cgi
[2025-09-26 19:21:54] WARNING django.request - Not Found: /cgi-bin/gw.cgi
[2025-09-26 19:21:54] WARNING django.request - Not Found: /cgi-bin/gw.cgi
[2025-09-26 19:21:55] WARNING django.request - Not Found: /cgi-bin/gw.cgi
[2025-09-26 19:21:55] WARNING django.request - Not Found: /cgi-bin/gw.cgi
[2025-09-26 19:21:56] WARNING django.request - Not Found: /cgi-bin/gw.cgi
[2025-09-26 19:21:56] WARNING django.request - Not Found: /cgi-bin/gw.cgi
[2025-09-26 19:21:57] WARNING django.request - Not Found: /cgi-bin/gw.cgi
[2025-09-26 19:21:57] WARNING django.request - Not Found: /cgi-bin/gw.cgi
[2025-09-26 19:21:58] WARNING django.request - Not Found: /cgi-bin/gw.cgi
[2025-09-26 19:21:58] WARNING django.request - Not Found: /cgi-bin/gw.cgi
[2025-09-26 19:21:59] WARNING django.request - Not Found: /cgi-bin/gw.cgi
[2025-09-26 19:21:59] WARNING django.request - Not Found: /cgi-bin/gw.cgi
[2025-09-26 19:22:00] WARNING django.request - Not Found: /cgi-bin/gw.cgi
[2025-09-26 19:22:00] WARNING django.request - Not Found: /cgi-bin/gw.cgi
[2025-09-26 19:22:01] WARNING django.request - Not Found: /cgi-bin/gw.cgi
[2025-09-26 19:22:01] WARNING django.request - Not Found: /cgi-bin/gw.cgi
[2025-09-26 19:22:02] WARNING django.request - Not Found: /cgi-bin/gw.cgi
[2025-09-26 19:22:02] WARNING django.request - Not Found: /cgi-bin/gw.cgi
[2025-09-26 19:22:03] WARNING django.request - Not Found: /cgi-bin/gw.cgi
[2025-09-26 19:22:03] WARNING django.request - Not Found: /cgi-bin/gw.cgi
[2025-09-26 19:22:04] WARNING django.request - Not Found: /cgi-bin/gw.cgi
[2025-09-26 19:22:04] WARNING django.request - Not Found: /cgi-bin/gw.cgi
[2025-09-26 19:22:05] WARNING django.request - Not Found: /cgi-bin/gw.cgi
[2025-09-26 19:22:05] WARNING django.request - Not Found: /cgi-bin/gw.cgi
[2025-09-26 19:22:06] WARNING django.request - Not Found: /cgi-bin/gw.cgi
[2025-09-26 19:22:06] WARNING django.request - Not Found: /cgi-bin/gw.cgi
[2025-09-26 19:22:07] WARNING django.request - Not Found: /cgi-bin/gw.cgi
[2025-09-26 19:22:07] WARNING django.request - Not Found: /cgi-bin/gw.cgi
[2025-09-26 19:22:08] WARNING django.request - Not Found: /cgi-bin/gw.cgi
[2025-09-26 19:22:08] WARNING django.request - Not Found: /cgi-bin/gw.cgi
[2025-09-26 19:22:09] WARNING django.request - Not Found: /cgi-bin/gw.cgi
[2025-09-26 19:22:09] WARNING django.request - Not Found: /cgi-bin/gw.cgi
[2025-09-26 19:22:10] WARNING django.request - Not Found: /cgi-bin/gw.cgi
[2025-09-26 19:22:10] WARNING django.request - Not Found: /cgi-bin/gw.cgi
[2025-09-26 19:22:11] WARNING django.request - Not Found: /cgi-bin/gw.cgi
[2025-09-26 19:22:11] WARNING django.request - Not Found: /cgi-bin/gw.cgi
[2025-09-26 19:22:12] WARNING django.request - Not Found: /cgi-bin/gw.cgi
[2025-09-26 19:22:13] WARNING django.request - Not Found: /cgi-bin/gw.cgi
[2025-09-26 19:22:13] WARNING django.request - Not Found: /cgi-bin/gw.cgi
[2025-09-26 19:22:14] WARNING django.request - Not Found: /cgi-bin/gw.cgi
[2025-09-26 19:22:14] WARNING django.request - Not Found: /cgi-bin/gw.cgi
[2025-09-26 19:22:15] WARNING django.request - Not Found: /cgi-bin/gw.cgi
[2025-09-26 19:22:15] WARNING django.request - Not Found: /cgi-bin/gw.cgi
[2025-09-26 19:22:16] WARNING django.request - Not Found: /cgi-bin/gw.cgi
[2025-09-26 19:22:16] WARNING django.request - Not Found: /cgi-bin/gw.cgi
[2025-09-26 19:22:17] WARNING django.request - Not Found: /cgi-bin/gw.cgi
[2025-09-26 19:22:17] WARNING django.request - Not Found: /cgi-bin/gw.cgi
[2025-09-26 19:22:18] WARNING django.request - Not Found: /cgi-bin/gw.cgi
[2025-09-26 19:22:18] WARNING django.request - Not Found: /cgi-bin/gw.cgi
[2025-09-26 19:22:19] WARNING django.request - Not Found: /cgi-bin/gw.cgi
[2025-09-26 19:22:19] WARNING django.request - Not Found: /cgi-bin/gw.cgi
[2025-09-26 19:22:20] WARNING django.request - Not Found: /cgi-bin/gw.cgi
[2025-09-26 19:22:20] WARNING django.request - Not Found: /cgi-bin/gw.cgi
[2025-09-26 19:22:21] WARNING django.request - Not Found: /cgi-bin/gw.cgi
[2025-09-26 19:22:21] WARNING django.request - Not Found: /cgi-bin/gw.cgi
[2025-09-26 19:22:22] WARNING django.request - Not Found: /cgi-bin/gw.cgi
[2025-09-26 19:22:22] WARNING django.request - Not Found: /cgi-bin/gw.cgi
[2025-09-26 19:22:23] WARNING django.request - Not Found: /cgi-bin/gw.cgi
[2025-09-26 19:22:23] WARNING django.request - Not Found: /cgi-bin/gw.cgi
[2025-09-26 19:22:24] WARNING django.request - Not Found: /cgi-bin/gw.cgi
[2025-09-26 19:22:24] WARNING django.request - Not Found: /cgi-bin/gw.cgi
[2025-09-26 19:22:25] WARNING django.request - Not Found: /cgi-bin/gw.cgi
[2025-09-26 19:22:25] WARNING django.request - Not Found: /cgi-bin/gw.cgi
[2025-09-26 19:22:26] WARNING django.request - Not Found: /cgi-bin/gw.cgi
[2025-09-26 19:22:26] WARNING django.request - Not Found: /cgi-bin/gw.cgi
[2025-09-26 19:22:27] WARNING django.request - Not Found: /cgi-bin/gw.cgi
[2025-09-26 19:22:28] WARNING django.request - Not Found: /cgi-bin/gw.cgi
[2025-09-26 19:22:28] WARNING django.request - Not Found: /cgi-bin/gw.cgi
[2025-09-26 19:22:29] WARNING django.request - Not Found: /cgi-bin/gw.cgi
[2025-09-26 19:22:29] WARNING django.request - Not Found: /cgi-bin/gw.cgi
[2025-09-26 19:22:30] WARNING django.request - Not Found: /cgi-bin/gw.cgi
[2025-09-26 19:22:30] WARNING django.request - Not Found: /cgi-bin/gw.cgi
[2025-09-26 19:22:31] WARNING django.request - Not Found: /cgi-bin/gw.cgi
[2025-09-26 19:22:31] WARNING django.request - Not Found: /cgi-bin/gw.cgi
[2025-09-26 19:22:32] WARNING django.request - Not Found: /cgi-bin/gw.cgi
[2025-09-26 19:22:32] WARNING django.request - Not Found: /cgi-bin/gw.cgi
[2025-09-26 19:22:33] WARNING django.request - Not Found: /cgi-bin/gw.cgi
[2025-09-26 19:22:33] WARNING django.request - Not Found: /cgi-bin/gw.cgi
[2025-09-26 19:22:34] WARNING django.request - Not Found: /cgi-bin/gw.cgi
[2025-09-26 19:22:34] WARNING django.request - Not Found: /cgi-bin/gw.cgi
[2025-09-26 19:22:35] WARNING django.request - Not Found: /cgi-bin/gw.cgi
[2025-09-26 19:22:35] WARNING django.request - Not Found: /cgi-bin/gw.cgi
[2025-09-26 19:22:36] WARNING django.request - Not Found: /cgi-bin/gw.cgi
[2025-09-26 19:22:36] WARNING django.request - Not Found: /cgi-bin/gw.cgi
[2025-09-26 19:22:37] WARNING django.request - Not Found: /cgi-bin/gw.cgi
[2025-09-26 19:22:37] WARNING django.request - Not Found: /cgi-bin/gw.cgi
[2025-09-26 19:22:38] WARNING django.request - Not Found: /cgi-bin/gw.cgi
[2025-09-26 19:22:38] WARNING django.request - Not Found: /cgi-bin/gw.cgi
[2025-09-26 19:22:39] WARNING django.request - Not Found: /cgi-bin/gw.cgi
[2025-09-26 19:22:39] WARNING django.request - Not Found: /cgi-bin/gw.cgi
[2025-09-26 19:22:40] WARNING django.request - Not Found: /cgi-bin/gw.cgi
[2025-09-26 19:22:40] WARNING django.request - Not Found: /cgi-bin/gw.cgi
[2025-09-26 19:22:41] WARNING django.request - Not Found: /cgi-bin/gw.cgi
[2025-09-26 19:22:41] WARNING django.request - Not Found: /cgi-bin/gw.cgi
[2025-09-26 19:22:42] WARNING django.request - Not Found: /cgi-bin/gw.cgi
[2025-09-26 19:22:42] WARNING django.request - Not Found: /cgi-bin/gw.cgi
[2025-09-26 19:22:43] WARNING django.request - Not Found: /cgi-bin/gw.cgi
[2025-09-26 19:22:43] WARNING django.request - Not Found: /cgi-bin/gw.cgi
[2025-09-26 19:22:44] WARNING django.request - Not Found: /cgi-bin/gw.cgi
[2025-09-26 19:22:44] WARNING django.request - Not Found: /cgi-bin/gw.cgi
[2025-09-26 19:22:45] WARNING django.request - Not Found: /cgi-bin/gw.cgi
[2025-09-26 19:22:45] WARNING django.request - Not Found: /cgi-bin/gw.cgi
[2025-09-26 19:22:46] WARNING django.request - Not Found: /cgi-bin/gw.cgi
[2025-09-26 19:22:46] WARNING django.request - Not Found: /cgi-bin/gw.cgi
[2025-09-26 19:22:47] WARNING django.request - Not Found: /cgi-bin/gw.cgi
[2025-09-26 19:22:48] WARNING django.request - Not Found: /cgi-bin/gw.cgi
[2025-09-26 19:22:48] WARNING django.request - Not Found: /cgi-bin/gw.cgi
[2025-09-26 19:22:48] WARNING django.request - Not Found: /cgi-bin/gw.cgi
[2025-09-26 19:22:49] WARNING django.request - Not Found: /cgi-bin/gw.cgi
[2025-09-26 19:22:49] WARNING django.request - Not Found: /cgi-bin/gw.cgi
[2025-09-26 19:22:50] WARNING django.request - Not Found: /cgi-bin/gw.cgi
[2025-09-26 19:22:51] WARNING django.request - Not Found: /cgi-bin/gw.cgi
[2025-09-26 19:22:51] WARNING django.request - Not Found: /cgi-bin/gw.cgi
[2025-09-26 19:22:52] WARNING django.request - Not Found: /cgi-bin/gw.cgi
[2025-09-26 19:22:52] WARNING django.request - Not Found: /cgi-bin/gw.cgi
[2025-09-26 19:22:53] WARNING django.request - Not Found: /cgi-bin/gw.cgi
[2025-09-26 19:22:53] WARNING django.request - Not Found: /cgi-bin/gw.cgi
[2025-09-26 19:22:54] WARNING django.request - Not Found: /cgi-bin/gw.cgi
[2025-09-26 19:22:54] WARNING django.request - Not Found: /cgi-bin/gw.cgi
[2025-09-26 19:22:55] WARNING django.request - Not Found: /cgi-bin/gw.cgi
[2025-09-26 19:22:55] WARNING django.request - Not Found: /cgi-bin/gw.cgi
[2025-09-26 19:22:56] WARNING django.request - Not Found: /cgi-bin/gw.cgi
[2025-09-26 19:22:56] WARNING django.request - Not Found: /cgi-bin/gw.cgi
[2025-09-26 19:22:57] WARNING django.request - Not Found: /cgi-bin/gw.cgi
[2025-09-26 19:22:57] WARNING django.request - Not Found: /cgi-bin/gw.cgi
[2025-09-26 19:22:58] WARNING django.request - Not Found: /cgi-bin/gw.cgi
[2025-09-26 19:22:58] WARNING django.request - Not Found: /cgi-bin/gw.cgi
[2025-09-26 19:22:59] WARNING django.request - Not Found: /cgi-bin/gw.cgi
[2025-09-26 19:22:59] WARNING django.request - Not Found: /cgi-bin/gw.cgi
[2025-09-26 19:23:00] WARNING django.request - Not Found: /cgi-bin/gw.cgi
[2025-09-26 19:23:00] WARNING django.request - Not Found: /cgi-bin/gw.cgi
[2025-09-26 19:23:01] WARNING django.request - Not Found: /cgi-bin/gw.cgi
[2025-09-26 19:23:01] WARNING django.request - Not Found: /cgi-bin/gw.cgi
[2025-09-26 19:23:02] WARNING django.request - Not Found: /cgi-bin/gw.cgi
[2025-09-26 19:23:02] WARNING django.request - Not Found: /cgi-bin/gw.cgi
[2025-09-26 19:23:03] WARNING django.request - Not Found: /cgi-bin/gw.cgi
[2025-09-26 19:23:03] WARNING django.request - Not Found: /cgi-bin/gw.cgi
[2025-09-26 19:23:04] WARNING django.request - Not Found: /cgi-bin/gw.cgi
[2025-09-26 19:23:04] WARNING django.request - Not Found: /cgi-bin/gw.cgi
[2025-09-26 19:23:05] WARNING django.request - Not Found: /cgi-bin/gw.cgi
[2025-09-26 19:23:05] WARNING django.request - Not Found: /cgi-bin/gw.cgi
[2025-09-26 19:23:06] WARNING django.request - Not Found: /cgi-bin/gw.cgi
[2025-09-26 19:23:06] WARNING django.request - Not Found: /cgi-bin/gw.cgi
[2025-09-26 19:23:07] WARNING django.request - Not Found: /cgi-bin/gw.cgi
[2025-09-26 19:23:07] WARNING django.request - Not Found: /cgi-bin/gw.cgi
[2025-09-26 19:23:08] WARNING django.request - Not Found: /cgi-bin/gw.cgi
[2025-09-26 19:23:08] WARNING django.request - Not Found: /cgi-bin/gw.cgi
[2025-09-26 19:23:09] WARNING django.request - Not Found: /cgi-bin/gw.cgi
[2025-09-26 19:23:10] WARNING django.request - Not Found: /cgi-bin/gw.cgi
[2025-09-26 19:23:10] WARNING django.request - Not Found: /cgi-bin/gw.cgi
[2025-09-26 19:23:11] WARNING django.request - Not Found: /cgi-bin/gw.cgi
[2025-09-26 19:23:11] WARNING django.request - Not Found: /cgi-bin/gw.cgi
[2025-09-26 19:23:12] WARNING django.request - Not Found: /cgi-bin/gw.cgi
[2025-09-26 19:23:12] WARNING django.request - Not Found: /cgi-bin/gw.cgi
[2025-09-26 19:23:13] WARNING django.request - Not Found: /cgi-bin/gw.cgi
[2025-09-26 19:23:13] WARNING django.request - Not Found: /cgi-bin/gw.cgi
[2025-09-26 19:23:14] WARNING django.request - Not Found: /cgi-bin/gw.cgi
[2025-09-26 19:23:14] WARNING django.request - Not Found: /cgi-bin/gw.cgi
[2025-09-26 19:23:15] WARNING django.request - Not Found: /cgi-bin/gw.cgi
[2025-09-26 19:23:15] WARNING django.request - Not Found: /cgi-bin/gw.cgi
[2025-09-26 19:23:16] WARNING django.request - Not Found: /cgi-bin/gw.cgi
[2025-09-26 19:23:16] WARNING django.request - Not Found: /cgi-bin/gw.cgi
[2025-09-26 19:23:17] WARNING django.request - Not Found: /cgi-bin/gw.cgi
[2025-09-26 19:23:17] WARNING django.request - Not Found: /cgi-bin/gw.cgi
[2025-09-26 19:23:18] WARNING django.request - Not Found: /cgi-bin/gw.cgi
[2025-09-26 19:23:18] WARNING django.request - Not Found: /cgi-bin/gw.cgi
[2025-09-26 19:23:19] WARNING django.request - Not Found: /cgi-bin/gw.cgi
[2025-09-26 19:23:19] WARNING django.request - Not Found: /cgi-bin/gw.cgi
[2025-09-26 19:23:20] WARNING django.request - Not Found: /cgi-bin/gw.cgi
[2025-09-26 19:23:20] WARNING django.request - Not Found: /cgi-bin/gw.cgi
[2025-09-26 19:23:21] WARNING django.request - Not Found: /cgi-bin/gw.cgi
[2025-09-26 19:23:21] WARNING django.request - Not Found: /cgi-bin/gw.cgi
[2025-09-26 19:23:22] WARNING django.request - Not Found: /cgi-bin/gw.cgi
[2025-09-26 19:23:22] WARNING django.request - Not Found: /cgi-bin/gw.cgi
[2025-09-26 19:23:23] WARNING django.request - Not Found: /cgi-bin/gw.cgi
[2025-09-26 19:23:23] WARNING django.request - Not Found: /cgi-bin/gw.cgi
[2025-09-26 19:23:24] WARNING django.request - Not Found: /cgi-bin/gw.cgi
[2025-09-26 19:23:24] WARNING django.request - Not Found: /cgi-bin/gw.cgi
[2025-09-26 19:23:25] WARNING django.request - Not Found: /cgi-bin/gw.cgi
[2025-09-26 19:23:25] WARNING django.request - Not Found: /cgi-bin/gw.cgi
[2025-09-26 19:23:26] WARNING django.request - Not Found: /cgi-bin/gw.cgi
[2025-09-26 19:23:26] WARNING django.request - Not Found: /cgi-bin/gw.cgi
[2025-09-26 19:23:27] WARNING django.request - Not Found: /cgi-bin/gw.cgi
[2025-09-26 19:23:27] WARNING django.request - Not Found: /cgi-bin/gw.cgi
[2025-09-26 19:23:28] WARNING django.request - Not Found: /cgi-bin/gw.cgi
[2025-09-26 19:23:28] WARNING django.request - Not Found: /cgi-bin/gw.cgi
[2025-09-26 19:23:29] WARNING django.request - Not Found: /cgi-bin/gw.cgi
[2025-09-26 19:23:30] WARNING django.request - Not Found: /cgi-bin/gw.cgi
[2025-09-26 19:23:30] WARNING django.request - Not Found: /cgi-bin/gw.cgi
[2025-09-26 19:23:31] WARNING django.request - Not Found: /cgi-bin/gw.cgi
[2025-09-26 19:23:31] WARNING django.request - Not Found: /cgi-bin/gw.cgi
[2025-09-26 19:23:32] WARNING django.request - Not Found: /cgi-bin/gw.cgi
[2025-09-26 19:23:32] WARNING django.request - Not Found: /cgi-bin/gw.cgi
[2025-09-26 19:23:33] WARNING django.request - Not Found: /cgi-bin/gw.cgi
[2025-09-26 19:23:33] WARNING django.request - Not Found: /cgi-bin/gw.cgi
[2025-09-26 19:23:34] WARNING django.request - Not Found: /cgi-bin/gw.cgi
[2025-09-26 19:23:34] WARNING django.request - Not Found: /cgi-bin/gw.cgi
[2025-09-26 19:23:35] WARNING django.request - Not Found: /cgi-bin/gw.cgi
[2025-09-26 19:23:35] WARNING django.request - Not Found: /cgi-bin/gw.cgi
[2025-09-26 19:23:36] WARNING django.request - Not Found: /cgi-bin/gw.cgi
[2025-09-26 19:23:36] WARNING django.request - Not Found: /cgi-bin/gw.cgi
[2025-09-26 19:23:37] WARNING django.request - Not Found: /cgi-bin/gw.cgi
[2025-09-26 19:23:37] WARNING django.request - Not Found: /cgi-bin/gw.cgi
[2025-09-26 19:23:38] WARNING django.request - Not Found: /cgi-bin/gw.cgi
[2025-09-26 19:23:38] WARNING django.request - Not Found: /cgi-bin/gw.cgi
[2025-09-26 19:23:39] WARNING django.request - Not Found: /cgi-bin/gw.cgi
[2025-09-26 19:23:39] WARNING django.request - Not Found: /cgi-bin/gw.cgi
[2025-09-26 19:23:40] WARNING django.request - Not Found: /cgi-bin/gw.cgi
[2025-09-26 19:23:40] WARNING django.request - Not Found: /cgi-bin/gw.cgi
[2025-09-26 19:23:41] WARNING django.request - Not Found: /cgi-bin/gw.cgi
[2025-09-26 19:23:41] WARNING django.request - Not Found: /cgi-bin/gw.cgi
[2025-09-26 19:23:42] WARNING django.request - Not Found: /cgi-bin/gw.cgi
[2025-09-26 19:23:42] WARNING django.request - Not Found: /cgi-bin/gw.cgi
[2025-09-26 19:23:43] WARNING django.request - Not Found: /cgi-bin/gw.cgi
[2025-09-26 19:23:44] WARNING django.request - Not Found: /cgi-bin/gw.cgi
[2025-09-26 19:23:44] WARNING django.request - Not Found: /cgi-bin/gw.cgi
[2025-09-26 19:23:45] WARNING django.request - Not Found: /cgi-bin/gw.cgi
[2025-09-26 19:23:45] WARNING django.request - Not Found: /cgi-bin/gw.cgi
[2025-09-26 19:23:46] WARNING django.request - Not Found: /cgi-bin/gw.cgi
[2025-09-26 19:23:46] WARNING django.request - Not Found: /cgi-bin/gw.cgi
[2025-09-26 19:23:47] WARNING django.request - Not Found: /cgi-bin/gw.cgi
[2025-09-26 19:23:47] WARNING django.request - Not Found: /cgi-bin/gw.cgi
[2025-09-26 19:23:48] WARNING django.request - Not Found: /cgi-bin/gw.cgi
[2025-09-26 19:23:48] WARNING django.request - Not Found: /cgi-bin/gw.cgi
[2025-09-26 19:23:49] WARNING django.request - Not Found: /cgi-bin/gw.cgi
[2025-09-26 19:23:49] WARNING django.request - Not Found: /cgi-bin/gw.cgi
[2025-09-26 19:23:50] WARNING django.request - Not Found: /cgi-bin/gw.cgi
[2025-09-26 19:23:50] WARNING django.request - Not Found: /cgi-bin/gw.cgi
[2025-09-26 19:23:51] WARNING django.request - Not Found: /cgi-bin/gw.cgi
[2025-09-26 19:23:51] WARNING django.request - Not Found: /cgi-bin/gw.cgi
[2025-09-26 19:23:52] WARNING django.request - Not Found: /cgi-bin/gw.cgi
[2025-09-26 19:23:52] WARNING django.request - Not Found: /cgi-bin/gw.cgi
[2025-09-26 19:23:53] WARNING django.request - Not Found: /cgi-bin/gw.cgi
[2025-09-26 19:23:53] WARNING django.request - Not Found: /cgi-bin/gw.cgi
[2025-09-26 19:23:54] WARNING django.request - Not Found: /cgi-bin/gw.cgi
[2025-09-26 19:23:54] WARNING django.request - Not Found: /cgi-bin/gw.cgi
[2025-09-26 19:23:55] WARNING django.request - Not Found: /cgi-bin/gw.cgi
[2025-09-26 19:23:55] WARNING django.request - Not Found: /cgi-bin/gw.cgi
[2025-09-26 19:23:56] WARNING django.request - Not Found: /cgi-bin/gw.cgi
[2025-09-26 19:23:56] WARNING django.request - Not Found: /cgi-bin/gw.cgi
[2025-09-26 19:23:57] WARNING django.request - Not Found: /cgi-bin/gw.cgi
[2025-09-26 19:23:57] WARNING django.request - Not Found: /cgi-bin/gw.cgi
[2025-09-26 19:23:58] WARNING django.request - Not Found: /cgi-bin/gw.cgi
[2025-09-26 19:23:58] WARNING django.request - Not Found: /cgi-bin/gw.cgi
[2025-09-26 19:23:59] WARNING django.request - Not Found: /cgi-bin/gw.cgi
[2025-09-26 19:23:59] WARNING django.request - Not Found: /cgi-bin/gw.cgi
[2025-09-26 19:24:00] WARNING django.request - Not Found: /cgi-bin/gw.cgi
[2025-09-26 19:24:00] WARNING django.request - Not Found: /cgi-bin/gw.cgi
[2025-09-26 19:24:01] WARNING django.request - Not Found: /cgi-bin/gw.cgi
[2025-09-26 19:24:01] WARNING django.request - Not Found: /cgi-bin/gw.cgi
[2025-09-26 19:24:02] WARNING django.request - Not Found: /cgi-bin/gw.cgi
[2025-09-26 19:24:03] WARNING django.request - Not Found: /cgi-bin/gw.cgi
[2025-09-26 19:24:03] WARNING django.request - Not Found: /cgi-bin/gw.cgi
[2025-09-26 19:24:04] WARNING django.request - Not Found: /cgi-bin/gw.cgi
[2025-09-26 19:24:04] WARNING django.request - Not Found: /cgi-bin/gw.cgi
[2025-09-26 19:24:05] WARNING django.request - Not Found: /cgi-bin/gw.cgi
[2025-09-26 19:24:05] WARNING django.request - Not Found: /cgi-bin/gw.cgi
[2025-09-26 19:24:06] WARNING django.request - Not Found: /cgi-bin/gw.cgi
[2025-09-26 19:24:06] WARNING django.request - Not Found: /cgi-bin/gw.cgi
[2025-09-26 19:24:07] WARNING django.request - Not Found: /cgi-bin/gw.cgi
[2025-09-26 19:24:07] WARNING django.request - Not Found: /cgi-bin/gw.cgi
[2025-09-26 19:24:08] WARNING django.request - Not Found: /cgi-bin/gw.cgi
[2025-09-26 19:24:08] WARNING django.request - Not Found: /cgi-bin/gw.cgi
[2025-09-26 19:24:09] WARNING django.request - Not Found: /cgi-bin/gw.cgi
[2025-09-26 19:24:09] WARNING django.request - Not Found: /cgi-bin/gw.cgi
[2025-09-26 19:24:10] WARNING django.request - Not Found: /cgi-bin/gw.cgi
[2025-09-26 19:24:10] WARNING django.request - Not Found: /cgi-bin/gw.cgi
[2025-09-26 19:24:11] WARNING django.request - Not Found: /cgi-bin/gw.cgi
[2025-09-26 19:24:11] WARNING django.request - Not Found: /cgi-bin/gw.cgi
[2025-09-26 19:24:12] WARNING django.request - Not Found: /cgi-bin/gw.cgi
[2025-09-27 01:25:22] WARNING django.request - Not Found: /login
[2025-09-27 05:03:02] WARNING django.request - Not Found: /favicon.ico
[2025-09-27 05:03:08] WARNING django.request - Not Found: /favicon.ico
[2025-09-27 05:03:08] WARNING django.request - Not Found: /security.txt
[2025-09-27 05:42:38] WARNING django.request - Not Found: /robots.txt
[2025-09-27 05:42:46] WARNING django.request - Not Found: /favicon.ico
[2025-09-27 08:14:46] WARNING django.request - Not Found: /favicon.ico
[2025-09-27 08:14:51] WARNING django.request - Not Found: /favicon.ico
[2025-09-27 08:14:52] WARNING django.request - Not Found: /wiki
[2025-09-27 08:28:36] WARNING django.request - Not Found: /favicon.ico
