[2025-11-11 09:06:45]    INFO django.utils.autoreload - Watching for file changes with StatReloader
[2025-11-11 09:38:31] WARNING django.request - Not Found: /favicon.ico
[2025-11-11 10:41:46]    INFO django.utils.autoreload - Watching for file changes with StatReloader
[2025-11-11 10:42:01] WARNING django.request - Not Found: /favicon.ico
[2025-11-11 10:44:03]    INFO django.utils.autoreload - E:\pythonspace\skerp_project\production\exec\views.py changed, reloading.
[2025-11-11 10:44:04]    INFO django.utils.autoreload - Watching for file changes with StatReloader
[2025-11-11 10:44:34]    INFO django.utils.autoreload - E:\pythonspace\skerp_project\production\exec\views.py changed, reloading.
[2025-11-11 10:44:35]    INFO django.utils.autoreload - Watching for file changes with StatReloader
[2025-11-11 10:45:40]    INFO django.utils.autoreload - E:\pythonspace\skerp_project\production\exec\urls.py changed, reloading.
[2025-11-11 10:45:41]    INFO django.utils.autoreload - Watching for file changes with StatReloader
[2025-11-11 11:16:34]    INFO django.utils.autoreload - E:\pythonspace\skerp_project\production\exec\views.py changed, reloading.
[2025-11-11 11:16:35]    INFO django.utils.autoreload - Watching for file changes with StatReloader
[2025-11-11 11:16:59]    INFO django.utils.autoreload - E:\pythonspace\skerp_project\production\exec\views.py changed, reloading.
[2025-11-11 11:16:59]    INFO django.utils.autoreload - Watching for file changes with StatReloader
[2025-11-11 11:17:15]    INFO django.utils.autoreload - E:\pythonspace\skerp_project\production\exec\urls.py changed, reloading.
[2025-11-11 11:17:16]    INFO django.utils.autoreload - Watching for file changes with StatReloader
[2025-11-11 11:26:54] WARNING django.request - Not Found: /.well-known/appspecific/com.chrome.devtools.json
[2025-11-11 11:26:59] WARNING django.request - Not Found: /.well-known/appspecific/com.chrome.devtools.json
[2025-11-11 11:27:21] WARNING django.request - Not Found: /.well-known/appspecific/com.chrome.devtools.json
[2025-11-11 11:29:02] WARNING django.request - Not Found: /.well-known/appspecific/com.chrome.devtools.json
[2025-11-11 11:29:39] WARNING django.request - Not Found: /.well-known/appspecific/com.chrome.devtools.json
[2025-11-11 11:29:40] WARNING django.request - Not Found: /.well-known/appspecific/com.chrome.devtools.json
[2025-11-11 11:42:43] WARNING django.request - Not Found: /.well-known/appspecific/com.chrome.devtools.json
[2025-11-11 11:42:52]   ERROR django.request - Internal Server Error: /production/exec/start/86/
Traceback (most recent call last):
  File "E:\pythonspace\skerp_project\venv\Lib\site-packages\django\core\handlers\exception.py", line 55, in inner
    response = get_response(request)
               ^^^^^^^^^^^^^^^^^^^^^
  File "E:\pythonspace\skerp_project\venv\Lib\site-packages\django\core\handlers\base.py", line 197, in _get_response
    response = wrapped_callback(request, *callback_args, **callback_kwargs)
               ^^^^^^^^^^^^^^^^^^^^^^^^^^^^^^^^^^^^^^^^^^^^^^^^^^^^^^^^^^^^
  File "E:\pythonspace\skerp_project\venv\Lib\site-packages\django\views\decorators\http.py", line 64, in inner
    return func(request, *args, **kwargs)
           ^^^^^^^^^^^^^^^^^^^^^^^^^^^^^^
  File "E:\pythonspace\skerp_project\production\exec\views.py", line 60, in exec_start
    wo.actual_start = timezone.now()
                      ^^^^^^^^
NameError: name 'timezone' is not defined
[2025-11-11 11:43:17]   ERROR django.request - Internal Server Error: /production/exec/start/86/
Traceback (most recent call last):
  File "E:\pythonspace\skerp_project\venv\Lib\site-packages\django\core\handlers\exception.py", line 55, in inner
    response = get_response(request)
               ^^^^^^^^^^^^^^^^^^^^^
  File "E:\pythonspace\skerp_project\venv\Lib\site-packages\django\core\handlers\base.py", line 197, in _get_response
    response = wrapped_callback(request, *callback_args, **callback_kwargs)
               ^^^^^^^^^^^^^^^^^^^^^^^^^^^^^^^^^^^^^^^^^^^^^^^^^^^^^^^^^^^^
  File "E:\pythonspace\skerp_project\venv\Lib\site-packages\django\views\decorators\http.py", line 64, in inner
    return func(request, *args, **kwargs)
           ^^^^^^^^^^^^^^^^^^^^^^^^^^^^^^
  File "E:\pythonspace\skerp_project\production\exec\views.py", line 60, in exec_start
    wo.actual_start = timezone.now()
                      ^^^^^^^^
NameError: name 'timezone' is not defined
[2025-11-11 11:44:17] WARNING django.request - Not Found: /.well-known/appspecific/com.chrome.devtools.json
[2025-11-11 11:45:14]    INFO django.utils.autoreload - E:\pythonspace\skerp_project\production\exec\views.py changed, reloading.
[2025-11-11 11:45:14]    INFO django.utils.autoreload - Watching for file changes with StatReloader
[2025-11-11 11:45:38]    INFO django.utils.autoreload - E:\pythonspace\skerp_project\production\exec\views.py changed, reloading.
[2025-11-11 11:45:39]    INFO django.utils.autoreload - Watching for file changes with StatReloader
[2025-11-11 11:58:50]    INFO django.utils.autoreload - E:\pythonspace\skerp_project\production\exec\views.py changed, reloading.
[2025-11-11 11:58:50]    INFO django.utils.autoreload - Watching for file changes with StatReloader
[2025-11-11 11:59:00]    INFO django.utils.autoreload - E:\pythonspace\skerp_project\production\exec\urls.py changed, reloading.
[2025-11-11 11:59:00]    INFO django.utils.autoreload - Watching for file changes with StatReloader
[2025-11-11 12:00:30] WARNING django.request - Not Found: /.well-known/appspecific/com.chrome.devtools.json
[2025-11-11 12:06:06] WARNING django.request - Not Found: /.well-known/appspecific/com.chrome.devtools.json
[2025-11-11 12:06:10] WARNING django.request - Not Found: /.well-known/appspecific/com.chrome.devtools.json
[2025-11-11 12:06:14] WARNING django.request - Not Found: /.well-known/appspecific/com.chrome.devtools.json
[2025-11-11 12:06:17] WARNING django.request - Not Found: /.well-known/appspecific/com.chrome.devtools.json
[2025-11-11 12:59:45] WARNING django.request - Not Found: /favicon.ico
[2025-11-11 12:59:49] WARNING django.request - Not Found: /login
[2025-11-11 13:21:06] WARNING django.request - Not Found: /favicon.ico
[2025-11-11 14:30:13] WARNING django.request - Not Found: /.well-known/appspecific/com.chrome.devtools.json
[2025-11-11 14:30:24] WARNING django.request - Not Found: /.well-known/appspecific/com.chrome.devtools.json
[2025-11-11 14:30:27] WARNING django.request - Not Found: /.well-known/appspecific/com.chrome.devtools.json
[2025-11-11 14:36:45] WARNING django.request - Not Found: /.well-known/appspecific/com.chrome.devtools.json
[2025-11-11 14:39:20]    INFO django.utils.autoreload - E:\pythonspace\skerp_project\production\exec\views.py changed, reloading.
[2025-11-11 14:39:20]    INFO django.utils.autoreload - Watching for file changes with StatReloader
[2025-11-11 14:47:01]    INFO django.utils.autoreload - E:\pythonspace\skerp_project\production\exec\views.py changed, reloading.
[2025-11-11 14:47:02]    INFO django.utils.autoreload - Watching for file changes with StatReloader
[2025-11-11 14:47:07] WARNING django.request - Not Found: /.well-known/appspecific/com.chrome.devtools.json
[2025-11-11 14:47:38] WARNING django.request - Not Found: /.well-known/appspecific/com.chrome.devtools.json
[2025-11-11 14:48:08] WARNING django.request - Not Found: /.well-known/appspecific/com.chrome.devtools.json
[2025-11-11 14:48:38] WARNING django.request - Not Found: /.well-known/appspecific/com.chrome.devtools.json
[2025-11-11 14:49:11] WARNING django.request - Not Found: /.well-known/appspecific/com.chrome.devtools.json
[2025-11-11 14:49:20] WARNING django.request - Not Found: /.well-known/appspecific/com.chrome.devtools.json
[2025-11-11 14:53:42]    INFO django.utils.autoreload - E:\pythonspace\skerp_project\production\exec\views.py changed, reloading.
[2025-11-11 14:53:43]    INFO django.utils.autoreload - Watching for file changes with StatReloader
[2025-11-11 14:54:15] WARNING django.request - Not Found: /.well-known/appspecific/com.chrome.devtools.json
[2025-11-11 14:54:18] WARNING django.request - Not Found: /.well-known/appspecific/com.chrome.devtools.json
[2025-11-11 14:54:20] WARNING django.request - Not Found: /.well-known/appspecific/com.chrome.devtools.json
[2025-11-11 15:01:47]    INFO django.utils.autoreload - E:\pythonspace\skerp_project\production\exec\views.py changed, reloading.
[2025-11-11 15:01:47]    INFO django.utils.autoreload - Watching for file changes with StatReloader
[2025-11-11 15:01:53]    INFO django.utils.autoreload - E:\pythonspace\skerp_project\production\exec\views.py changed, reloading.
[2025-11-11 15:01:54]    INFO django.utils.autoreload - Watching for file changes with StatReloader
[2025-11-11 15:01:58] WARNING django.request - Not Found: /.well-known/appspecific/com.chrome.devtools.json
[2025-11-11 15:02:46] WARNING django.request - Not Found: /.well-known/appspecific/com.chrome.devtools.json
[2025-11-11 15:02:48] WARNING django.request - Not Found: /.well-known/appspecific/com.chrome.devtools.json
[2025-11-11 15:21:26] WARNING django.request - Not Found: /.well-known/appspecific/com.chrome.devtools.json
[2025-11-11 15:21:29] WARNING django.request - Not Found: /.well-known/appspecific/com.chrome.devtools.json
[2025-11-11 15:28:46]    INFO django.utils.autoreload - E:\pythonspace\skerp_project\production\exec\views.py changed, reloading.
[2025-11-11 15:28:47]    INFO django.utils.autoreload - Watching for file changes with StatReloader
[2025-11-11 15:28:52] WARNING django.request - Not Found: /.well-known/appspecific/com.chrome.devtools.json
[2025-11-11 15:28:58]   ERROR django.request - Internal Server Error: /production/exec/bind-lot/86/
Traceback (most recent call last):
  File "E:\pythonspace\skerp_project\venv\Lib\site-packages\django\core\handlers\exception.py", line 55, in inner
    response = get_response(request)
               ^^^^^^^^^^^^^^^^^^^^^
  File "E:\pythonspace\skerp_project\venv\Lib\site-packages\django\core\handlers\base.py", line 197, in _get_response
    response = wrapped_callback(request, *callback_args, **callback_kwargs)
               ^^^^^^^^^^^^^^^^^^^^^^^^^^^^^^^^^^^^^^^^^^^^^^^^^^^^^^^^^^^^
  File "E:\pythonspace\skerp_project\venv\Lib\site-packages\django\views\decorators\http.py", line 64, in inner
    return func(request, *args, **kwargs)
           ^^^^^^^^^^^^^^^^^^^^^^^^^^^^^^
  File "C:\Users\ERRRAIN 11\AppData\Local\Programs\Python\Python311\Lib\contextlib.py", line 81, in inner
    return func(*args, **kwds)
           ^^^^^^^^^^^^^^^^^^^
  File "E:\pythonspace\skerp_project\production\exec\views.py", line 170, in exec_bind_lot
    wo.save(update_fields=["inbound_lot"])
  File "E:\pythonspace\skerp_project\production\models.py", line 135, in save
    return super().save(*args, **kwargs)
           ^^^^^^^^^^^^^^^^^^^^^^^^^^^^^
  File "E:\pythonspace\skerp_project\venv\Lib\site-packages\django\db\models\base.py", line 880, in save
    raise ValueError(
ValueError: The following fields do not exist in this model, are m2m fields, primary keys, or are non-concrete fields: inbound_lot
[2025-11-11 15:31:17]    INFO django.utils.autoreload - E:\pythonspace\skerp_project\production\exec\views.py changed, reloading.
[2025-11-11 15:31:18]    INFO django.utils.autoreload - Watching for file changes with StatReloader
[2025-11-11 15:31:23] WARNING django.request - Not Found: /.well-known/appspecific/com.chrome.devtools.json
[2025-11-11 15:34:29]    INFO django.utils.autoreload - E:\pythonspace\skerp_project\production\exec\views.py changed, reloading.
[2025-11-11 15:34:29]    INFO django.utils.autoreload - Watching for file changes with StatReloader
[2025-11-11 15:34:34] WARNING django.request - Not Found: /.well-known/appspecific/com.chrome.devtools.json
[2025-11-11 15:54:57]    INFO django.utils.autoreload - E:\pythonspace\skerp_project\production\exec\views.py changed, reloading.
[2025-11-11 15:54:58]    INFO django.utils.autoreload - Watching for file changes with StatReloader
[2025-11-11 15:55:38]    INFO django.utils.autoreload - E:\pythonspace\skerp_project\production\exec\views.py changed, reloading.
[2025-11-11 15:55:39]    INFO django.utils.autoreload - Watching for file changes with StatReloader
[2025-11-11 15:56:38] WARNING django.request - Not Found: /.well-known/appspecific/com.chrome.devtools.json
[2025-11-11 16:11:07]    INFO django.utils.autoreload - E:\pythonspace\skerp_project\production\exec\views.py changed, reloading.
[2025-11-11 16:11:08]    INFO django.utils.autoreload - Watching for file changes with StatReloader
[2025-11-11 16:12:42] WARNING django.request - Not Found: /.well-known/appspecific/com.chrome.devtools.json
[2025-11-11 16:12:52]   ERROR django.request - Internal Server Error: /production/exec/bind-lot/86/
Traceback (most recent call last):
  File "E:\pythonspace\skerp_project\venv\Lib\site-packages\django\core\handlers\exception.py", line 55, in inner
    response = get_response(request)
               ^^^^^^^^^^^^^^^^^^^^^
  File "E:\pythonspace\skerp_project\venv\Lib\site-packages\django\core\handlers\base.py", line 197, in _get_response
    response = wrapped_callback(request, *callback_args, **callback_kwargs)
               ^^^^^^^^^^^^^^^^^^^^^^^^^^^^^^^^^^^^^^^^^^^^^^^^^^^^^^^^^^^^
  File "E:\pythonspace\skerp_project\venv\Lib\site-packages\django\views\decorators\http.py", line 64, in inner
    return func(request, *args, **kwargs)
           ^^^^^^^^^^^^^^^^^^^^^^^^^^^^^^
  File "E:\pythonspace\skerp_project\venv\Lib\site-packages\django\views\decorators\http.py", line 64, in inner
    return func(request, *args, **kwargs)
           ^^^^^^^^^^^^^^^^^^^^^^^^^^^^^^
  File "E:\pythonspace\skerp_project\production\exec\views.py", line 181, in exec_bind_lot
    s.strip() for s in (wo.inbound_lot or "").split(",") if s.strip()
                        ^^^^^^^^^^^^^^
AttributeError: 'WorkOrder' object has no attribute 'inbound_lot'
[2025-11-11 16:13:18]    INFO django.utils.autoreload - Watching for file changes with StatReloader
[2025-11-11 16:13:22] WARNING django.request - Not Found: /.well-known/appspecific/com.chrome.devtools.json
[2025-11-11 16:13:29]   ERROR django.request - Internal Server Error: /production/exec/bind-lot/86/
Traceback (most recent call last):
  File "E:\pythonspace\skerp_project\venv\Lib\site-packages\django\core\handlers\exception.py", line 55, in inner
    response = get_response(request)
               ^^^^^^^^^^^^^^^^^^^^^
  File "E:\pythonspace\skerp_project\venv\Lib\site-packages\django\core\handlers\base.py", line 197, in _get_response
    response = wrapped_callback(request, *callback_args, **callback_kwargs)
               ^^^^^^^^^^^^^^^^^^^^^^^^^^^^^^^^^^^^^^^^^^^^^^^^^^^^^^^^^^^^
  File "E:\pythonspace\skerp_project\venv\Lib\site-packages\django\views\decorators\http.py", line 64, in inner
    return func(request, *args, **kwargs)
           ^^^^^^^^^^^^^^^^^^^^^^^^^^^^^^
  File "E:\pythonspace\skerp_project\venv\Lib\site-packages\django\views\decorators\http.py", line 64, in inner
    return func(request, *args, **kwargs)
           ^^^^^^^^^^^^^^^^^^^^^^^^^^^^^^
  File "E:\pythonspace\skerp_project\production\exec\views.py", line 181, in exec_bind_lot
    s.strip() for s in (wo.inbound_lot or "").split(",") if s.strip()
                        ^^^^^^^^^^^^^^
AttributeError: 'WorkOrder' object has no attribute 'inbound_lot'
[2025-11-11 16:14:22]    INFO django.utils.autoreload - Watching for file changes with StatReloader
[2025-11-11 16:14:27] WARNING django.request - Not Found: /.well-known/appspecific/com.chrome.devtools.json
[2025-11-11 16:14:35]   ERROR django.request - Internal Server Error: /production/exec/bind-lot/86/
Traceback (most recent call last):
  File "E:\pythonspace\skerp_project\venv\Lib\site-packages\django\core\handlers\exception.py", line 55, in inner
    response = get_response(request)
               ^^^^^^^^^^^^^^^^^^^^^
  File "E:\pythonspace\skerp_project\venv\Lib\site-packages\django\core\handlers\base.py", line 197, in _get_response
    response = wrapped_callback(request, *callback_args, **callback_kwargs)
               ^^^^^^^^^^^^^^^^^^^^^^^^^^^^^^^^^^^^^^^^^^^^^^^^^^^^^^^^^^^^
  File "E:\pythonspace\skerp_project\venv\Lib\site-packages\django\views\decorators\http.py", line 64, in inner
    return func(request, *args, **kwargs)
           ^^^^^^^^^^^^^^^^^^^^^^^^^^^^^^
  File "E:\pythonspace\skerp_project\venv\Lib\site-packages\django\views\decorators\http.py", line 64, in inner
    return func(request, *args, **kwargs)
           ^^^^^^^^^^^^^^^^^^^^^^^^^^^^^^
  File "E:\pythonspace\skerp_project\production\exec\views.py", line 181, in exec_bind_lot
    s.strip() for s in (wo.inbound_lot or "").split(",") if s.strip()
                        ^^^^^^^^^^^^^^
AttributeError: 'WorkOrder' object has no attribute 'inbound_lot'
[2025-11-11 16:16:29]    INFO django.utils.autoreload - E:\pythonspace\skerp_project\production\exec\views.py changed, reloading.
[2025-11-11 16:16:30]    INFO django.utils.autoreload - Watching for file changes with StatReloader
[2025-11-11 16:16:33] WARNING django.request - Not Found: /.well-known/appspecific/com.chrome.devtools.json
[2025-11-11 16:32:33] WARNING django.request - Bad Request: /production/exec/bind-lot/86/
[2025-11-11 16:45:17] WARNING django.request - Not Found: /.well-known/appspecific/com.chrome.devtools.json
[2025-11-11 16:45:20] WARNING django.request - Not Found: /.well-known/appspecific/com.chrome.devtools.json
[2025-11-11 16:51:55] WARNING django.request - Not Found: /.well-known/appspecific/com.chrome.devtools.json
[2025-11-11 16:52:13] WARNING django.request - Not Found: /.well-known/appspecific/com.chrome.devtools.json
[2025-11-11 16:52:32] WARNING django.request - Not Found: /.well-known/appspecific/com.chrome.devtools.json
[2025-11-11 16:52:41] WARNING django.request - Not Found: /.well-known/appspecific/com.chrome.devtools.json
[2025-11-11 16:52:51] WARNING django.request - Not Found: /.well-known/appspecific/com.chrome.devtools.json
[2025-11-11 16:52:55] WARNING django.request - Not Found: /.well-known/appspecific/com.chrome.devtools.json
[2025-11-11 16:53:07] WARNING django.request - Not Found: /.well-known/appspecific/com.chrome.devtools.json
[2025-11-11 16:54:06] WARNING django.request - Not Found: /.well-known/appspecific/com.chrome.devtools.json
[2025-11-11 16:54:11] WARNING django.request - Not Found: /.well-known/appspecific/com.chrome.devtools.json
[2025-11-11 16:54:18] WARNING django.request - Not Found: /.well-known/appspecific/com.chrome.devtools.json
[2025-11-11 16:54:19] WARNING django.request - Not Found: /.well-known/appspecific/com.chrome.devtools.json
[2025-11-11 16:54:20] WARNING django.request - Not Found: /.well-known/appspecific/com.chrome.devtools.json
[2025-11-11 16:54:20] WARNING django.request - Not Found: /.well-known/appspecific/com.chrome.devtools.json
[2025-11-11 16:54:22] WARNING django.request - Not Found: /.well-known/appspecific/com.chrome.devtools.json
[2025-11-11 16:54:29] WARNING django.request - Not Found: /.well-known/appspecific/com.chrome.devtools.json
[2025-11-11 17:04:32] WARNING django.request - Not Found: /.well-known/appspecific/com.chrome.devtools.json
[2025-11-11 17:05:12] WARNING django.request - Not Found: /.well-known/appspecific/com.chrome.devtools.json
[2025-11-11 17:05:13] WARNING django.request - Not Found: /.well-known/appspecific/com.chrome.devtools.json
[2025-11-11 17:05:14] WARNING django.request - Not Found: /.well-known/appspecific/com.chrome.devtools.json
[2025-11-11 17:05:24] WARNING django.request - Not Found: /.well-known/appspecific/com.chrome.devtools.json
[2025-11-11 17:05:33] WARNING django.request - Not Found: /.well-known/appspecific/com.chrome.devtools.json
[2025-11-11 17:06:30] WARNING django.request - Not Found: /.well-known/appspecific/com.chrome.devtools.json
[2025-11-11 17:19:40]    INFO django.utils.autoreload - E:\pythonspace\skerp_project\production\exec\views.py changed, reloading.
[2025-11-11 17:19:40]    INFO django.utils.autoreload - Watching for file changes with StatReloader
[2025-11-11 17:19:44] WARNING django.request - Not Found: /.well-known/appspecific/com.chrome.devtools.json
[2025-11-11 17:19:49] WARNING django.request - Not Found: /.well-known/appspecific/com.chrome.devtools.json
[2025-11-11 17:32:13] WARNING django.request - Not Found: /favicon.ico
[2025-11-11 17:34:23] WARNING django.request - Not Found: /.well-known/appspecific/com.chrome.devtools.json
[2025-11-11 17:34:36] WARNING django.request - Not Found: /.well-known/appspecific/com.chrome.devtools.json
[2025-11-11 17:34:40] WARNING django.request - Not Found: /.well-known/appspecific/com.chrome.devtools.json
[2025-11-11 17:43:38] WARNING django.request - Not Found: /.well-known/appspecific/com.chrome.devtools.json
[2025-11-11 17:44:19] WARNING django.request - Not Found: /.well-known/appspecific/com.chrome.devtools.json
[2025-11-11 17:44:26] WARNING django.request - Not Found: /.well-known/appspecific/com.chrome.devtools.json
[2025-11-11 17:48:17] WARNING django.request - Not Found: /.well-known/appspecific/com.chrome.devtools.json
[2025-11-11 17:49:07] WARNING django.request - Not Found: /.well-known/appspecific/com.chrome.devtools.json
[2025-11-11 17:49:35] WARNING django.request - Not Found: /.well-known/appspecific/com.chrome.devtools.json
[2025-11-11 17:51:10] WARNING django.request - Not Found: /.well-known/appspecific/com.chrome.devtools.json
[2025-11-11 17:51:18] WARNING django.request - Not Found: /.well-known/appspecific/com.chrome.devtools.json
[2025-11-11 17:51:27] WARNING django.request - Not Found: /.well-known/appspecific/com.chrome.devtools.json
[2025-11-11 17:54:45] WARNING django.request - Not Found: /.well-known/appspecific/com.chrome.devtools.json
[2025-11-11 17:54:49] WARNING django.request - Not Found: /.well-known/appspecific/com.chrome.devtools.json
[2025-11-11 17:55:00] WARNING django.request - Not Found: /.well-known/appspecific/com.chrome.devtools.json
[2025-11-11 17:55:09] WARNING django.request - Not Found: /.well-known/appspecific/com.chrome.devtools.json
[2025-11-11 18:00:05] WARNING django.request - Not Found: /.well-known/appspecific/com.chrome.devtools.json
[2025-11-11 18:00:25] WARNING django.request - Not Found: /.well-known/appspecific/com.chrome.devtools.json
[2025-11-11 18:05:46] WARNING django.request - Not Found: /.well-known/appspecific/com.chrome.devtools.json
[2025-11-11 18:05:54] WARNING django.request - Not Found: /.well-known/appspecific/com.chrome.devtools.json
[2025-11-11 18:06:32] WARNING django.request - Not Found: /.well-known/appspecific/com.chrome.devtools.json
[2025-11-11 18:07:01] WARNING django.request - Not Found: /.well-known/appspecific/com.chrome.devtools.json
[2025-11-11 18:07:15] WARNING django.request - Not Found: /.well-known/appspecific/com.chrome.devtools.json
[2025-11-11 18:07:39] WARNING django.request - Not Found: /.well-known/appspecific/com.chrome.devtools.json
[2025-11-11 18:08:17] WARNING django.request - Not Found: /.well-known/appspecific/com.chrome.devtools.json
[2025-11-11 18:08:32] WARNING django.request - Not Found: /.well-known/appspecific/com.chrome.devtools.json
[2025-11-11 18:12:25] WARNING django.request - Not Found: /login
[2025-11-11 18:30:12]    INFO django.utils.autoreload - E:\pythonspace\skerp_project\production\urls.py changed, reloading.
[2025-11-11 18:30:13]    INFO django.utils.autoreload - Watching for file changes with StatReloader
[2025-11-11 18:45:05] WARNING django.request - Not Found: /.well-known/appspecific/com.chrome.devtools.json
[2025-11-11 18:45:22] WARNING django.request - Not Found: /.well-known/appspecific/com.chrome.devtools.json
[2025-11-11 19:04:17]    INFO django.utils.autoreload - E:\pythonspace\skerp_project\production\finish\views.py changed, reloading.
[2025-11-11 19:04:18]    INFO django.utils.autoreload - Watching for file changes with StatReloader
[2025-11-11 19:04:32]    INFO django.utils.autoreload - E:\pythonspace\skerp_project\production\finish\urls.py changed, reloading.
[2025-11-11 19:04:33]    INFO django.utils.autoreload - Watching for file changes with StatReloader
[2025-11-11 19:05:20]    INFO django.utils.autoreload - E:\pythonspace\skerp_project\production\finish\urls.py changed, reloading.
[2025-11-11 19:05:20]    INFO django.utils.autoreload - Watching for file changes with StatReloader
[2025-11-11 19:21:01]    INFO django.utils.autoreload - E:\pythonspace\skerp_project\production\finish\views.py changed, reloading.
[2025-11-11 19:21:02]    INFO django.utils.autoreload - Watching for file changes with StatReloader
[2025-11-11 19:21:19]    INFO django.utils.autoreload - E:\pythonspace\skerp_project\production\finish\urls.py changed, reloading.
[2025-11-11 19:21:20]    INFO django.utils.autoreload - Watching for file changes with StatReloader
[2025-11-11 19:23:26] WARNING django.request - Not Found: /.well-known/appspecific/com.chrome.devtools.json
[2025-11-11 19:33:52]    INFO django.utils.autoreload - E:\pythonspace\skerp_project\production\finish\views.py changed, reloading.
[2025-11-11 19:33:52]    INFO django.utils.autoreload - Watching for file changes with StatReloader
[2025-11-11 19:34:09]    INFO django.utils.autoreload - E:\pythonspace\skerp_project\production\finish\views.py changed, reloading.
[2025-11-11 19:34:09]    INFO django.utils.autoreload - Watching for file changes with StatReloader
[2025-11-12 07:36:00]    INFO django.utils.autoreload - E:\pythonspace\skerp_project\production\models.py changed, reloading.
