[2025-09-13 10:46:19]    INFO django.utils.autoreload - Watching for file changes with StatReloader
[2025-09-13 10:46:35] WARNING django.request - Not Found: /favicon.ico
[2025-09-13 10:46:56]   ERROR django.request - Internal Server Error: /purchase/injection/receipts/
Traceback (most recent call last):
  File "E:\pythonspace\skerp_project\venv\Lib\site-packages\django\core\handlers\exception.py", line 55, in inner
    response = get_response(request)
               ^^^^^^^^^^^^^^^^^^^^^
  File "E:\pythonspace\skerp_project\venv\Lib\site-packages\django\core\handlers\base.py", line 197, in _get_response
    response = wrapped_callback(request, *callback_args, **callback_kwargs)
               ^^^^^^^^^^^^^^^^^^^^^^^^^^^^^^^^^^^^^^^^^^^^^^^^^^^^^^^^^^^^
  File "E:\pythonspace\skerp_project\venv\Lib\site-packages\django\views\decorators\http.py", line 64, in inner
    return func(request, *args, **kwargs)
           ^^^^^^^^^^^^^^^^^^^^^^^^^^^^^^
  File "E:\pythonspace\skerp_project\purchase\views\injection.py", line 146, in receipt_list
    .filter(status__in=["입고대기", "입고완료"])
     ^^^^^^^^^^^^^^^^^^^^^^^^^^^^^^^^^^^^^^^^^^^
  File "E:\pythonspace\skerp_project\venv\Lib\site-packages\django\db\models\manager.py", line 87, in manager_method
    return getattr(self.get_queryset(), name)(*args, **kwargs)
           ^^^^^^^^^^^^^^^^^^^^^^^^^^^^^^^^^^^^^^^^^^^^^^^^^^^
  File "E:\pythonspace\skerp_project\venv\Lib\site-packages\django\db\models\query.py", line 1481, in filter
    return self._filter_or_exclude(False, args, kwargs)
           ^^^^^^^^^^^^^^^^^^^^^^^^^^^^^^^^^^^^^^^^^^^^
  File "E:\pythonspace\skerp_project\venv\Lib\site-packages\django\db\models\query.py", line 1499, in _filter_or_exclude
    clone._filter_or_exclude_inplace(negate, args, kwargs)
  File "E:\pythonspace\skerp_project\venv\Lib\site-packages\django\db\models\query.py", line 1506, in _filter_or_exclude_inplace
    self._query.add_q(Q(*args, **kwargs))
  File "E:\pythonspace\skerp_project\venv\Lib\site-packages\django\db\models\sql\query.py", line 1643, in add_q
    clause, _ = self._add_q(q_object, can_reuse)
                ^^^^^^^^^^^^^^^^^^^^^^^^^^^^^^^^
  File "E:\pythonspace\skerp_project\venv\Lib\site-packages\django\db\models\sql\query.py", line 1675, in _add_q
    child_clause, needed_inner = self.build_filter(
                                 ^^^^^^^^^^^^^^^^^^
  File "E:\pythonspace\skerp_project\venv\Lib\site-packages\django\db\models\sql\query.py", line 1523, in build_filter
    lookups, parts, reffed_expression = self.solve_lookup_type(arg, summarize)
                                        ^^^^^^^^^^^^^^^^^^^^^^^^^^^^^^^^^^^^^^
  File "E:\pythonspace\skerp_project\venv\Lib\site-packages\django\db\models\sql\query.py", line 1330, in solve_lookup_type
    _, field, _, lookup_parts = self.names_to_path(lookup_splitted, self.get_meta())
                                ^^^^^^^^^^^^^^^^^^^^^^^^^^^^^^^^^^^^^^^^^^^^^^^^^^^^
  File "E:\pythonspace\skerp_project\venv\Lib\site-packages\django\db\models\sql\query.py", line 1802, in names_to_path
    raise FieldError(
django.core.exceptions.FieldError: Cannot resolve keyword 'status' into field. Choices are: cancel_at, cancel_by, cancel_by_id, cancel_reason, created_at, created_by, created_by_id, dlt_yn, due_date, flow_status, id, incoming_inspections, io_receipt, items, order_date, order_lot, order_status, partner_shipments, receipts, shipping_registered_at, updated_at, updated_by, updated_by_id, use_yn, vendor, vendor_id
[2025-09-13 13:03:10] WARNING django.request - Not Found: /favicon.ico
[2025-09-13 13:03:14] WARNING django.request - Not Found: /favicon.ico
[2025-09-13 13:03:15] WARNING django.request - Not Found: /wiki
[2025-09-13 13:34:55]    INFO django.utils.autoreload - E:\pythonspace\skerp_project\purchase\models.py changed, reloading.
[2025-09-13 13:34:56]    INFO django.utils.autoreload - Watching for file changes with StatReloader
[2025-09-13 13:35:06]    INFO django.utils.autoreload - E:\pythonspace\skerp_project\purchase\models.py changed, reloading.
[2025-09-13 13:35:07]    INFO django.utils.autoreload - Watching for file changes with StatReloader
[2025-09-13 13:35:30]    INFO django.utils.autoreload - E:\pythonspace\skerp_project\purchase\models.py changed, reloading.
[2025-09-13 13:35:31]    INFO django.utils.autoreload - Watching for file changes with StatReloader
[2025-09-13 13:44:22]    INFO django.utils.autoreload - E:\pythonspace\skerp_project\purchase\models.py changed, reloading.
[2025-09-13 13:44:22]    INFO django.utils.autoreload - Watching for file changes with StatReloader
[2025-09-13 13:56:54]    INFO django.utils.autoreload - E:\pythonspace\skerp_project\purchase\urls.py changed, reloading.
[2025-09-13 13:56:55]    INFO django.utils.autoreload - Watching for file changes with StatReloader
[2025-09-13 14:07:22]    INFO django.utils.autoreload - E:\pythonspace\skerp_project\purchase\views\unified.py changed, reloading.
[2025-09-13 14:07:23]    INFO django.utils.autoreload - Watching for file changes with StatReloader
[2025-09-13 14:07:56]    INFO django.utils.autoreload - E:\pythonspace\skerp_project\purchase\views\unified.py changed, reloading.
[2025-09-13 14:07:57]    INFO django.utils.autoreload - Watching for file changes with StatReloader
[2025-09-13 14:08:37]    INFO django.utils.autoreload - E:\pythonspace\skerp_project\purchase\models.py changed, reloading.
[2025-09-13 14:08:38]    INFO django.utils.autoreload - Watching for file changes with StatReloader
[2025-09-13 14:27:41] WARNING django.request - Not Found: /nice ports,/Trinity.txt.bak
[2025-09-13 14:29:19] WARNING django.request - Not Found: /sdk
[2025-09-13 14:29:19] WARNING django.request - Not Found: /robots.txt
[2025-09-13 14:29:19] WARNING django.request - Not Found: /nmaplowercheck1757741360
[2025-09-13 14:29:19] WARNING django.request - Not Found: /.git/HEAD
[2025-09-13 14:29:19] WARNING django.security.csrf - Forbidden (CSRF cookie not set.): /
[2025-09-13 14:29:19] WARNING django.security.csrf - Forbidden (CSRF cookie not set.): /
[2025-09-13 14:29:19] WARNING django.request - Not Found: /HNAP1
[2025-09-13 14:29:19] WARNING django.security.csrf - Forbidden (CSRF cookie not set.): /
[2025-09-13 14:29:19] WARNING django.security.csrf - Forbidden (CSRF cookie not set.): /
[2025-09-13 14:29:19] WARNING django.request - Not Found: /evox/about
[2025-09-13 14:29:20] WARNING django.request - Not Found: /http:/www.google.com
[2025-09-13 14:29:20] WARNING django.security.csrf - Forbidden (CSRF cookie not set.): /
[2025-09-13 14:29:20] WARNING django.request - Not Found: /favicon.ico
[2025-09-13 14:29:20] WARNING django.request - Not Found: /www.google.com:80
[2025-09-13 14:33:42]    INFO django.utils.autoreload - E:\pythonspace\skerp_project\purchase\urls.py changed, reloading.
[2025-09-13 14:33:43]    INFO django.utils.autoreload - Watching for file changes with StatReloader
[2025-09-13 14:34:31]    INFO django.utils.autoreload - E:\pythonspace\skerp_project\purchase\views\unified.py changed, reloading.
[2025-09-13 14:34:31]    INFO django.utils.autoreload - Watching for file changes with StatReloader
[2025-09-13 14:47:58]    INFO django.utils.autoreload - E:\pythonspace\skerp_project\purchase\urls.py changed, reloading.
[2025-09-13 14:47:59]    INFO django.utils.autoreload - Watching for file changes with StatReloader
[2025-09-13 14:49:13]    INFO django.utils.autoreload - E:\pythonspace\skerp_project\purchase\views\unified.py changed, reloading.
[2025-09-13 14:49:13]    INFO django.utils.autoreload - Watching for file changes with StatReloader
[2025-09-13 14:49:30]    INFO django.utils.autoreload - E:\pythonspace\skerp_project\purchase\views\unified.py changed, reloading.
[2025-09-13 14:49:31]    INFO django.utils.autoreload - Watching for file changes with StatReloader
[2025-09-13 14:49:55]    INFO django.utils.autoreload - E:\pythonspace\skerp_project\purchase\views\unified.py changed, reloading.
[2025-09-13 14:49:56]    INFO django.utils.autoreload - Watching for file changes with StatReloader
[2025-09-13 14:53:03]    INFO django.utils.autoreload - E:\pythonspace\skerp_project\purchase\models.py changed, reloading.
[2025-09-13 14:53:04]    INFO django.utils.autoreload - Watching for file changes with StatReloader
[2025-09-13 14:55:33]    INFO django.utils.autoreload - E:\pythonspace\skerp_project\purchase\models.py changed, reloading.
[2025-09-13 14:55:34]    INFO django.utils.autoreload - Watching for file changes with StatReloader
[2025-09-13 14:56:09]    INFO django.utils.autoreload - E:\pythonspace\skerp_project\purchase\models.py changed, reloading.
[2025-09-13 14:56:10]    INFO django.utils.autoreload - Watching for file changes with StatReloader
[2025-09-13 15:01:57]    INFO django.utils.autoreload - E:\pythonspace\skerp_project\purchase\views\unified.py changed, reloading.
[2025-09-13 15:01:57]    INFO django.utils.autoreload - Watching for file changes with StatReloader
[2025-09-13 15:09:42]   ERROR django.request - Internal Server Error: /purchase/orders/
Traceback (most recent call last):
  File "E:\pythonspace\skerp_project\venv\Lib\site-packages\django\core\handlers\exception.py", line 55, in inner
    response = get_response(request)
               ^^^^^^^^^^^^^^^^^^^^^
  File "E:\pythonspace\skerp_project\venv\Lib\site-packages\django\core\handlers\base.py", line 197, in _get_response
    response = wrapped_callback(request, *callback_args, **callback_kwargs)
               ^^^^^^^^^^^^^^^^^^^^^^^^^^^^^^^^^^^^^^^^^^^^^^^^^^^^^^^^^^^^
  File "E:\pythonspace\skerp_project\venv\Lib\site-packages\django\views\decorators\http.py", line 64, in inner
    return func(request, *args, **kwargs)
           ^^^^^^^^^^^^^^^^^^^^^^^^^^^^^^
  File "E:\pythonspace\skerp_project\purchase\views\unified.py", line 178, in order_list
    return render(request, "purchase/unified/orders/list.html", ctx)
           ^^^^^^^^^^^^^^^^^^^^^^^^^^^^^^^^^^^^^^^^^^^^^^^^^^^^^^^^^
  File "E:\pythonspace\skerp_project\venv\Lib\site-packages\django\shortcuts.py", line 25, in render
    content = loader.render_to_string(template_name, context, request, using=using)
              ^^^^^^^^^^^^^^^^^^^^^^^^^^^^^^^^^^^^^^^^^^^^^^^^^^^^^^^^^^^^^^^^^^^^^
  File "E:\pythonspace\skerp_project\venv\Lib\site-packages\django\template\loader.py", line 62, in render_to_string
    return template.render(context, request)
           ^^^^^^^^^^^^^^^^^^^^^^^^^^^^^^^^^
  File "E:\pythonspace\skerp_project\venv\Lib\site-packages\django\template\backends\django.py", line 107, in render
    return self.template.render(context)
           ^^^^^^^^^^^^^^^^^^^^^^^^^^^^^
  File "E:\pythonspace\skerp_project\venv\Lib\site-packages\django\template\base.py", line 171, in render
    return self._render(context)
           ^^^^^^^^^^^^^^^^^^^^^
  File "E:\pythonspace\skerp_project\venv\Lib\site-packages\django\template\base.py", line 163, in _render
    return self.nodelist.render(context)
           ^^^^^^^^^^^^^^^^^^^^^^^^^^^^^
  File "E:\pythonspace\skerp_project\venv\Lib\site-packages\django\template\base.py", line 1016, in render
    return SafeString("".join([node.render_annotated(context) for node in self]))
                              ^^^^^^^^^^^^^^^^^^^^^^^^^^^^^^^^^^^^^^^^^^^^^^^^^
  File "E:\pythonspace\skerp_project\venv\Lib\site-packages\django\template\base.py", line 1016, in <listcomp>
    return SafeString("".join([node.render_annotated(context) for node in self]))
                               ^^^^^^^^^^^^^^^^^^^^^^^^^^^^^^
  File "E:\pythonspace\skerp_project\venv\Lib\site-packages\django\template\base.py", line 977, in render_annotated
    return self.render(context)
           ^^^^^^^^^^^^^^^^^^^^
  File "E:\pythonspace\skerp_project\venv\Lib\site-packages\django\template\loader_tags.py", line 159, in render
    return compiled_parent._render(context)
           ^^^^^^^^^^^^^^^^^^^^^^^^^^^^^^^^
  File "E:\pythonspace\skerp_project\venv\Lib\site-packages\django\template\base.py", line 163, in _render
    return self.nodelist.render(context)
           ^^^^^^^^^^^^^^^^^^^^^^^^^^^^^
  File "E:\pythonspace\skerp_project\venv\Lib\site-packages\django\template\base.py", line 1016, in render
    return SafeString("".join([node.render_annotated(context) for node in self]))
                              ^^^^^^^^^^^^^^^^^^^^^^^^^^^^^^^^^^^^^^^^^^^^^^^^^
  File "E:\pythonspace\skerp_project\venv\Lib\site-packages\django\template\base.py", line 1016, in <listcomp>
    return SafeString("".join([node.render_annotated(context) for node in self]))
                               ^^^^^^^^^^^^^^^^^^^^^^^^^^^^^^
  File "E:\pythonspace\skerp_project\venv\Lib\site-packages\django\template\base.py", line 977, in render_annotated
    return self.render(context)
           ^^^^^^^^^^^^^^^^^^^^
  File "E:\pythonspace\skerp_project\venv\Lib\site-packages\django\template\loader_tags.py", line 65, in render
    result = block.nodelist.render(context)
             ^^^^^^^^^^^^^^^^^^^^^^^^^^^^^^
  File "E:\pythonspace\skerp_project\venv\Lib\site-packages\django\template\base.py", line 1016, in render
    return SafeString("".join([node.render_annotated(context) for node in self]))
                              ^^^^^^^^^^^^^^^^^^^^^^^^^^^^^^^^^^^^^^^^^^^^^^^^^
  File "E:\pythonspace\skerp_project\venv\Lib\site-packages\django\template\base.py", line 1016, in <listcomp>
    return SafeString("".join([node.render_annotated(context) for node in self]))
                               ^^^^^^^^^^^^^^^^^^^^^^^^^^^^^^
  File "E:\pythonspace\skerp_project\venv\Lib\site-packages\django\template\base.py", line 977, in render_annotated
    return self.render(context)
           ^^^^^^^^^^^^^^^^^^^^
  File "E:\pythonspace\skerp_project\venv\Lib\site-packages\django\template\defaulttags.py", line 480, in render
    url = reverse(view_name, args=args, kwargs=kwargs, current_app=current_app)
          ^^^^^^^^^^^^^^^^^^^^^^^^^^^^^^^^^^^^^^^^^^^^^^^^^^^^^^^^^^^^^^^^^^^^^
  File "E:\pythonspace\skerp_project\venv\Lib\site-packages\django\urls\base.py", line 98, in reverse
    resolved_url = resolver._reverse_with_prefix(view, prefix, *args, **kwargs)
                   ^^^^^^^^^^^^^^^^^^^^^^^^^^^^^^^^^^^^^^^^^^^^^^^^^^^^^^^^^^^^
  File "E:\pythonspace\skerp_project\venv\Lib\site-packages\django\urls\resolvers.py", line 831, in _reverse_with_prefix
    raise NoReverseMatch(msg)
django.urls.exceptions.NoReverseMatch: Reverse for 'uni_order_form' not found. 'uni_order_form' is not a valid view function or pattern name.
[2025-09-13 15:15:01]   ERROR django.request - Internal Server Error: /purchase/orders/
Traceback (most recent call last):
  File "E:\pythonspace\skerp_project\venv\Lib\site-packages\django\core\handlers\exception.py", line 55, in inner
    response = get_response(request)
               ^^^^^^^^^^^^^^^^^^^^^
  File "E:\pythonspace\skerp_project\venv\Lib\site-packages\django\core\handlers\base.py", line 197, in _get_response
    response = wrapped_callback(request, *callback_args, **callback_kwargs)
               ^^^^^^^^^^^^^^^^^^^^^^^^^^^^^^^^^^^^^^^^^^^^^^^^^^^^^^^^^^^^
  File "E:\pythonspace\skerp_project\venv\Lib\site-packages\django\views\decorators\http.py", line 64, in inner
    return func(request, *args, **kwargs)
           ^^^^^^^^^^^^^^^^^^^^^^^^^^^^^^
  File "E:\pythonspace\skerp_project\purchase\views\unified.py", line 178, in order_list
    return render(request, "purchase/unified/orders/list.html", ctx)
           ^^^^^^^^^^^^^^^^^^^^^^^^^^^^^^^^^^^^^^^^^^^^^^^^^^^^^^^^^
  File "E:\pythonspace\skerp_project\venv\Lib\site-packages\django\shortcuts.py", line 25, in render
    content = loader.render_to_string(template_name, context, request, using=using)
              ^^^^^^^^^^^^^^^^^^^^^^^^^^^^^^^^^^^^^^^^^^^^^^^^^^^^^^^^^^^^^^^^^^^^^
  File "E:\pythonspace\skerp_project\venv\Lib\site-packages\django\template\loader.py", line 62, in render_to_string
    return template.render(context, request)
           ^^^^^^^^^^^^^^^^^^^^^^^^^^^^^^^^^
  File "E:\pythonspace\skerp_project\venv\Lib\site-packages\django\template\backends\django.py", line 107, in render
    return self.template.render(context)
           ^^^^^^^^^^^^^^^^^^^^^^^^^^^^^
  File "E:\pythonspace\skerp_project\venv\Lib\site-packages\django\template\base.py", line 171, in render
    return self._render(context)
           ^^^^^^^^^^^^^^^^^^^^^
  File "E:\pythonspace\skerp_project\venv\Lib\site-packages\django\template\base.py", line 163, in _render
    return self.nodelist.render(context)
           ^^^^^^^^^^^^^^^^^^^^^^^^^^^^^
  File "E:\pythonspace\skerp_project\venv\Lib\site-packages\django\template\base.py", line 1016, in render
    return SafeString("".join([node.render_annotated(context) for node in self]))
                              ^^^^^^^^^^^^^^^^^^^^^^^^^^^^^^^^^^^^^^^^^^^^^^^^^
  File "E:\pythonspace\skerp_project\venv\Lib\site-packages\django\template\base.py", line 1016, in <listcomp>
    return SafeString("".join([node.render_annotated(context) for node in self]))
                               ^^^^^^^^^^^^^^^^^^^^^^^^^^^^^^
  File "E:\pythonspace\skerp_project\venv\Lib\site-packages\django\template\base.py", line 977, in render_annotated
    return self.render(context)
           ^^^^^^^^^^^^^^^^^^^^
  File "E:\pythonspace\skerp_project\venv\Lib\site-packages\django\template\loader_tags.py", line 159, in render
    return compiled_parent._render(context)
           ^^^^^^^^^^^^^^^^^^^^^^^^^^^^^^^^
  File "E:\pythonspace\skerp_project\venv\Lib\site-packages\django\template\base.py", line 163, in _render
    return self.nodelist.render(context)
           ^^^^^^^^^^^^^^^^^^^^^^^^^^^^^
  File "E:\pythonspace\skerp_project\venv\Lib\site-packages\django\template\base.py", line 1016, in render
    return SafeString("".join([node.render_annotated(context) for node in self]))
                              ^^^^^^^^^^^^^^^^^^^^^^^^^^^^^^^^^^^^^^^^^^^^^^^^^
  File "E:\pythonspace\skerp_project\venv\Lib\site-packages\django\template\base.py", line 1016, in <listcomp>
    return SafeString("".join([node.render_annotated(context) for node in self]))
                               ^^^^^^^^^^^^^^^^^^^^^^^^^^^^^^
  File "E:\pythonspace\skerp_project\venv\Lib\site-packages\django\template\base.py", line 977, in render_annotated
    return self.render(context)
           ^^^^^^^^^^^^^^^^^^^^
  File "E:\pythonspace\skerp_project\venv\Lib\site-packages\django\template\loader_tags.py", line 65, in render
    result = block.nodelist.render(context)
             ^^^^^^^^^^^^^^^^^^^^^^^^^^^^^^
  File "E:\pythonspace\skerp_project\venv\Lib\site-packages\django\template\base.py", line 1016, in render
    return SafeString("".join([node.render_annotated(context) for node in self]))
                              ^^^^^^^^^^^^^^^^^^^^^^^^^^^^^^^^^^^^^^^^^^^^^^^^^
  File "E:\pythonspace\skerp_project\venv\Lib\site-packages\django\template\base.py", line 1016, in <listcomp>
    return SafeString("".join([node.render_annotated(context) for node in self]))
                               ^^^^^^^^^^^^^^^^^^^^^^^^^^^^^^
  File "E:\pythonspace\skerp_project\venv\Lib\site-packages\django\template\base.py", line 977, in render_annotated
    return self.render(context)
           ^^^^^^^^^^^^^^^^^^^^
  File "E:\pythonspace\skerp_project\venv\Lib\site-packages\django\template\defaulttags.py", line 480, in render
    url = reverse(view_name, args=args, kwargs=kwargs, current_app=current_app)
          ^^^^^^^^^^^^^^^^^^^^^^^^^^^^^^^^^^^^^^^^^^^^^^^^^^^^^^^^^^^^^^^^^^^^^
  File "E:\pythonspace\skerp_project\venv\Lib\site-packages\django\urls\base.py", line 98, in reverse
    resolved_url = resolver._reverse_with_prefix(view, prefix, *args, **kwargs)
                   ^^^^^^^^^^^^^^^^^^^^^^^^^^^^^^^^^^^^^^^^^^^^^^^^^^^^^^^^^^^^
  File "E:\pythonspace\skerp_project\venv\Lib\site-packages\django\urls\resolvers.py", line 831, in _reverse_with_prefix
    raise NoReverseMatch(msg)
django.urls.exceptions.NoReverseMatch: Reverse for 'uni_order_form' not found. 'uni_order_form' is not a valid view function or pattern name.
[2025-09-13 15:17:20]   ERROR django.request - Internal Server Error: /purchase/orders/
Traceback (most recent call last):
  File "E:\pythonspace\skerp_project\venv\Lib\site-packages\django\core\handlers\exception.py", line 55, in inner
    response = get_response(request)
               ^^^^^^^^^^^^^^^^^^^^^
  File "E:\pythonspace\skerp_project\venv\Lib\site-packages\django\core\handlers\base.py", line 197, in _get_response
    response = wrapped_callback(request, *callback_args, **callback_kwargs)
               ^^^^^^^^^^^^^^^^^^^^^^^^^^^^^^^^^^^^^^^^^^^^^^^^^^^^^^^^^^^^
  File "E:\pythonspace\skerp_project\venv\Lib\site-packages\django\views\decorators\http.py", line 64, in inner
    return func(request, *args, **kwargs)
           ^^^^^^^^^^^^^^^^^^^^^^^^^^^^^^
  File "E:\pythonspace\skerp_project\purchase\views\unified.py", line 178, in order_list
    return render(request, "purchase/unified/orders/list.html", ctx)
           ^^^^^^^^^^^^^^^^^^^^^^^^^^^^^^^^^^^^^^^^^^^^^^^^^^^^^^^^^
  File "E:\pythonspace\skerp_project\venv\Lib\site-packages\django\shortcuts.py", line 25, in render
    content = loader.render_to_string(template_name, context, request, using=using)
              ^^^^^^^^^^^^^^^^^^^^^^^^^^^^^^^^^^^^^^^^^^^^^^^^^^^^^^^^^^^^^^^^^^^^^
  File "E:\pythonspace\skerp_project\venv\Lib\site-packages\django\template\loader.py", line 62, in render_to_string
    return template.render(context, request)
           ^^^^^^^^^^^^^^^^^^^^^^^^^^^^^^^^^
  File "E:\pythonspace\skerp_project\venv\Lib\site-packages\django\template\backends\django.py", line 107, in render
    return self.template.render(context)
           ^^^^^^^^^^^^^^^^^^^^^^^^^^^^^
  File "E:\pythonspace\skerp_project\venv\Lib\site-packages\django\template\base.py", line 171, in render
    return self._render(context)
           ^^^^^^^^^^^^^^^^^^^^^
  File "E:\pythonspace\skerp_project\venv\Lib\site-packages\django\template\base.py", line 163, in _render
    return self.nodelist.render(context)
           ^^^^^^^^^^^^^^^^^^^^^^^^^^^^^
  File "E:\pythonspace\skerp_project\venv\Lib\site-packages\django\template\base.py", line 1016, in render
    return SafeString("".join([node.render_annotated(context) for node in self]))
                              ^^^^^^^^^^^^^^^^^^^^^^^^^^^^^^^^^^^^^^^^^^^^^^^^^
  File "E:\pythonspace\skerp_project\venv\Lib\site-packages\django\template\base.py", line 1016, in <listcomp>
    return SafeString("".join([node.render_annotated(context) for node in self]))
                               ^^^^^^^^^^^^^^^^^^^^^^^^^^^^^^
  File "E:\pythonspace\skerp_project\venv\Lib\site-packages\django\template\base.py", line 977, in render_annotated
    return self.render(context)
           ^^^^^^^^^^^^^^^^^^^^
  File "E:\pythonspace\skerp_project\venv\Lib\site-packages\django\template\loader_tags.py", line 159, in render
    return compiled_parent._render(context)
           ^^^^^^^^^^^^^^^^^^^^^^^^^^^^^^^^
  File "E:\pythonspace\skerp_project\venv\Lib\site-packages\django\template\base.py", line 163, in _render
    return self.nodelist.render(context)
           ^^^^^^^^^^^^^^^^^^^^^^^^^^^^^
  File "E:\pythonspace\skerp_project\venv\Lib\site-packages\django\template\base.py", line 1016, in render
    return SafeString("".join([node.render_annotated(context) for node in self]))
                              ^^^^^^^^^^^^^^^^^^^^^^^^^^^^^^^^^^^^^^^^^^^^^^^^^
  File "E:\pythonspace\skerp_project\venv\Lib\site-packages\django\template\base.py", line 1016, in <listcomp>
    return SafeString("".join([node.render_annotated(context) for node in self]))
                               ^^^^^^^^^^^^^^^^^^^^^^^^^^^^^^
  File "E:\pythonspace\skerp_project\venv\Lib\site-packages\django\template\base.py", line 977, in render_annotated
    return self.render(context)
           ^^^^^^^^^^^^^^^^^^^^
  File "E:\pythonspace\skerp_project\venv\Lib\site-packages\django\template\defaulttags.py", line 480, in render
    url = reverse(view_name, args=args, kwargs=kwargs, current_app=current_app)
          ^^^^^^^^^^^^^^^^^^^^^^^^^^^^^^^^^^^^^^^^^^^^^^^^^^^^^^^^^^^^^^^^^^^^^
  File "E:\pythonspace\skerp_project\venv\Lib\site-packages\django\urls\base.py", line 98, in reverse
    resolved_url = resolver._reverse_with_prefix(view, prefix, *args, **kwargs)
                   ^^^^^^^^^^^^^^^^^^^^^^^^^^^^^^^^^^^^^^^^^^^^^^^^^^^^^^^^^^^^
  File "E:\pythonspace\skerp_project\venv\Lib\site-packages\django\urls\resolvers.py", line 831, in _reverse_with_prefix
    raise NoReverseMatch(msg)
django.urls.exceptions.NoReverseMatch: Reverse for 'uni_order_form' not found. 'uni_order_form' is not a valid view function or pattern name.
[2025-09-13 15:22:43]    INFO django.utils.autoreload - E:\pythonspace\skerp_project\purchase\urls.py changed, reloading.
[2025-09-13 15:22:43]    INFO django.utils.autoreload - Watching for file changes with StatReloader
[2025-09-13 15:23:22]    INFO django.utils.autoreload - E:\pythonspace\skerp_project\purchase\views\unified.py changed, reloading.
[2025-09-13 15:23:23]    INFO django.utils.autoreload - Watching for file changes with StatReloader
[2025-09-13 15:31:10]   ERROR django.request - Internal Server Error: /purchase/orders/form
Traceback (most recent call last):
  File "E:\pythonspace\skerp_project\venv\Lib\site-packages\django\core\handlers\exception.py", line 55, in inner
    response = get_response(request)
               ^^^^^^^^^^^^^^^^^^^^^
  File "E:\pythonspace\skerp_project\venv\Lib\site-packages\django\core\handlers\base.py", line 197, in _get_response
    response = wrapped_callback(request, *callback_args, **callback_kwargs)
               ^^^^^^^^^^^^^^^^^^^^^^^^^^^^^^^^^^^^^^^^^^^^^^^^^^^^^^^^^^^^
  File "E:\pythonspace\skerp_project\venv\Lib\site-packages\django\views\decorators\http.py", line 64, in inner
    return func(request, *args, **kwargs)
           ^^^^^^^^^^^^^^^^^^^^^^^^^^^^^^
  File "E:\pythonspace\skerp_project\purchase\views\unified.py", line 523, in order_form
    return render(request, "purchase/unified/orders/form.html", {"cat": cat})
           ^^^^^^^^^^^^^^^^^^^^^^^^^^^^^^^^^^^^^^^^^^^^^^^^^^^^^^^^^^^^^^^^^^
  File "E:\pythonspace\skerp_project\venv\Lib\site-packages\django\shortcuts.py", line 25, in render
    content = loader.render_to_string(template_name, context, request, using=using)
              ^^^^^^^^^^^^^^^^^^^^^^^^^^^^^^^^^^^^^^^^^^^^^^^^^^^^^^^^^^^^^^^^^^^^^
  File "E:\pythonspace\skerp_project\venv\Lib\site-packages\django\template\loader.py", line 62, in render_to_string
    return template.render(context, request)
           ^^^^^^^^^^^^^^^^^^^^^^^^^^^^^^^^^
  File "E:\pythonspace\skerp_project\venv\Lib\site-packages\django\template\backends\django.py", line 107, in render
    return self.template.render(context)
           ^^^^^^^^^^^^^^^^^^^^^^^^^^^^^
  File "E:\pythonspace\skerp_project\venv\Lib\site-packages\django\template\base.py", line 171, in render
    return self._render(context)
           ^^^^^^^^^^^^^^^^^^^^^
  File "E:\pythonspace\skerp_project\venv\Lib\site-packages\django\template\base.py", line 163, in _render
    return self.nodelist.render(context)
           ^^^^^^^^^^^^^^^^^^^^^^^^^^^^^
  File "E:\pythonspace\skerp_project\venv\Lib\site-packages\django\template\base.py", line 1016, in render
    return SafeString("".join([node.render_annotated(context) for node in self]))
                              ^^^^^^^^^^^^^^^^^^^^^^^^^^^^^^^^^^^^^^^^^^^^^^^^^
  File "E:\pythonspace\skerp_project\venv\Lib\site-packages\django\template\base.py", line 1016, in <listcomp>
    return SafeString("".join([node.render_annotated(context) for node in self]))
                               ^^^^^^^^^^^^^^^^^^^^^^^^^^^^^^
  File "E:\pythonspace\skerp_project\venv\Lib\site-packages\django\template\base.py", line 977, in render_annotated
    return self.render(context)
           ^^^^^^^^^^^^^^^^^^^^
  File "E:\pythonspace\skerp_project\venv\Lib\site-packages\django\template\loader_tags.py", line 159, in render
    return compiled_parent._render(context)
           ^^^^^^^^^^^^^^^^^^^^^^^^^^^^^^^^
  File "E:\pythonspace\skerp_project\venv\Lib\site-packages\django\template\base.py", line 163, in _render
    return self.nodelist.render(context)
           ^^^^^^^^^^^^^^^^^^^^^^^^^^^^^
  File "E:\pythonspace\skerp_project\venv\Lib\site-packages\django\template\base.py", line 1016, in render
    return SafeString("".join([node.render_annotated(context) for node in self]))
                              ^^^^^^^^^^^^^^^^^^^^^^^^^^^^^^^^^^^^^^^^^^^^^^^^^
  File "E:\pythonspace\skerp_project\venv\Lib\site-packages\django\template\base.py", line 1016, in <listcomp>
    return SafeString("".join([node.render_annotated(context) for node in self]))
                               ^^^^^^^^^^^^^^^^^^^^^^^^^^^^^^
  File "E:\pythonspace\skerp_project\venv\Lib\site-packages\django\template\base.py", line 977, in render_annotated
    return self.render(context)
           ^^^^^^^^^^^^^^^^^^^^
  File "E:\pythonspace\skerp_project\venv\Lib\site-packages\django\template\loader_tags.py", line 65, in render
    result = block.nodelist.render(context)
             ^^^^^^^^^^^^^^^^^^^^^^^^^^^^^^
  File "E:\pythonspace\skerp_project\venv\Lib\site-packages\django\template\base.py", line 1016, in render
    return SafeString("".join([node.render_annotated(context) for node in self]))
                              ^^^^^^^^^^^^^^^^^^^^^^^^^^^^^^^^^^^^^^^^^^^^^^^^^
  File "E:\pythonspace\skerp_project\venv\Lib\site-packages\django\template\base.py", line 1016, in <listcomp>
    return SafeString("".join([node.render_annotated(context) for node in self]))
                               ^^^^^^^^^^^^^^^^^^^^^^^^^^^^^^
  File "E:\pythonspace\skerp_project\venv\Lib\site-packages\django\template\base.py", line 977, in render_annotated
    return self.render(context)
           ^^^^^^^^^^^^^^^^^^^^
  File "E:\pythonspace\skerp_project\venv\Lib\site-packages\django\template\defaulttags.py", line 480, in render
    url = reverse(view_name, args=args, kwargs=kwargs, current_app=current_app)
          ^^^^^^^^^^^^^^^^^^^^^^^^^^^^^^^^^^^^^^^^^^^^^^^^^^^^^^^^^^^^^^^^^^^^^
  File "E:\pythonspace\skerp_project\venv\Lib\site-packages\django\urls\base.py", line 98, in reverse
    resolved_url = resolver._reverse_with_prefix(view, prefix, *args, **kwargs)
                   ^^^^^^^^^^^^^^^^^^^^^^^^^^^^^^^^^^^^^^^^^^^^^^^^^^^^^^^^^^^^
  File "E:\pythonspace\skerp_project\venv\Lib\site-packages\django\urls\resolvers.py", line 831, in _reverse_with_prefix
    raise NoReverseMatch(msg)
django.urls.exceptions.NoReverseMatch: Reverse for 'uni_order_get_items' not found. 'uni_order_get_items' is not a valid view function or pattern name.
[2025-09-13 15:34:25]    INFO django.utils.autoreload - E:\pythonspace\skerp_project\purchase\urls.py changed, reloading.
[2025-09-13 15:34:26]    INFO django.utils.autoreload - Watching for file changes with StatReloader
[2025-09-13 15:35:29]    INFO django.utils.autoreload - E:\pythonspace\skerp_project\purchase\views\unified.py changed, reloading.
[2025-09-13 15:35:30]    INFO django.utils.autoreload - Watching for file changes with StatReloader
[2025-09-13 15:35:47]    INFO django.utils.autoreload - E:\pythonspace\skerp_project\purchase\views\unified.py changed, reloading.
[2025-09-13 15:35:48]    INFO django.utils.autoreload - Watching for file changes with StatReloader
[2025-09-13 15:38:30]    INFO django.utils.autoreload - E:\pythonspace\skerp_project\purchase\views\unified.py changed, reloading.
[2025-09-13 15:38:31]    INFO django.utils.autoreload - Watching for file changes with StatReloader
[2025-09-13 15:40:00]    INFO django.utils.autoreload - E:\pythonspace\skerp_project\purchase\views\unified.py changed, reloading.
[2025-09-13 15:40:01]    INFO django.utils.autoreload - Watching for file changes with StatReloader
[2025-09-13 15:46:30]    INFO django.utils.autoreload - E:\pythonspace\skerp_project\purchase\views\unified.py changed, reloading.
[2025-09-13 15:46:30]    INFO django.utils.autoreload - Watching for file changes with StatReloader
